
2017-12-01 16:19:47:955 (信息): 系统加载...
2017-12-01 16:19:48:167 (信息): + 插件【 TCP客户端 】 加载正常
2017-12-01 16:19:48:223 (信息): 插件[  GuangxiStation ]...
2017-12-01 16:20:13:219 (信息): xml配置文件读取成功
2017-12-01 16:20:13:252 (信息): 数据库打开成功
2017-12-01 16:20:13:277 (信息): TCP客户端连接成功
2017-12-01 16:20:13:356 (信息): + 插件【 GuangxiStation 】 加载正常
2017-12-01 16:20:14:246 (信息): send
2017-12-01 16:20:14:363 (信息): send
2017-12-01 16:20:14:363 (信息): send
2017-12-01 16:20:15:248 (信息): send
2017-12-01 16:20:15:352 (信息): send
2017-12-01 16:20:15:354 (信息): send
2017-12-01 16:20:16:353 (信息): send
2017-12-01 16:20:16:354 (信息): send
2017-12-01 16:20:17:354 (信息): send
2017-12-01 16:20:17:355 (信息): send
2017-12-01 16:20:18:354 (信息): send
2017-12-01 16:20:18:355 (信息): send
2017-12-01 16:20:19:355 (信息): send
2017-12-01 16:20:19:356 (信息): send
2017-12-01 16:20:20:353 (信息): send
2017-12-01 16:20:20:353 (信息): send
2017-12-01 16:20:21:361 (信息): send
2017-12-01 16:20:21:361 (信息): send
2017-12-01 16:20:22:362 (信息): send
2017-12-01 16:20:22:362 (信息): send
2017-12-01 16:20:23:363 (信息): send
2017-12-01 16:20:23:364 (信息): send
2017-12-01 16:20:24:362 (信息): send
2017-12-01 16:20:24:362 (信息): send
2017-12-01 16:20:25:355 (信息): send
2017-12-01 16:20:25:356 (信息): send
2017-12-01 16:20:26:353 (信息): send
2017-12-01 16:20:26:354 (信息): send
2017-12-01 16:20:27:353 (信息): send
2017-12-01 16:20:27:354 (信息): send
2017-12-01 16:20:28:359 (信息): send
2017-12-01 16:20:28:360 (信息): send
2017-12-01 16:20:29:357 (信息): send
2017-12-01 16:20:29:357 (信息): send
2017-12-01 16:20:30:360 (信息): send
2017-12-01 16:20:30:362 (信息): send
2017-12-01 16:20:31:354 (信息): send
2017-12-01 16:20:31:355 (信息): send
2017-12-01 16:20:32:354 (信息): send
2017-12-01 16:20:32:354 (信息): send
2017-12-01 16:20:33:353 (信息): send
2017-12-01 16:20:33:354 (信息): send
2017-12-01 16:20:34:362 (信息): send
2017-12-01 16:20:34:363 (信息): send
2017-12-01 16:20:35:355 (信息): send
2017-12-01 16:20:35:356 (信息): send
2017-12-01 16:20:36:353 (信息): send
2017-12-01 16:20:36:354 (信息): send
2017-12-01 16:20:37:354 (信息): send
2017-12-01 16:20:37:355 (信息): send
2017-12-01 16:20:38:356 (信息): send
2017-12-01 16:20:39:354 (信息): send
2017-12-01 16:20:40:354 (信息): send
2017-12-01 16:20:41:356 (信息): send
2017-12-01 16:20:42:363 (信息): send
2017-12-01 16:20:43:356 (信息): send
2017-12-01 16:20:44:356 (信息): send
2017-12-01 16:20:45:363 (信息): send
2017-12-01 16:20:46:353 (信息): send
2017-12-01 16:20:47:354 (信息): send
2017-12-01 16:20:48:353 (信息): send
2017-12-01 16:20:49:353 (信息): send
2017-12-01 16:20:50:360 (信息): send
2017-12-01 16:20:51:353 (信息): send
2017-12-01 16:20:52:354 (信息): send
2017-12-01 16:20:53:355 (信息): send
2017-12-01 16:20:54:355 (信息): send
2017-12-01 16:20:55:354 (信息): send
2017-12-01 16:20:56:353 (信息): send
2017-12-01 16:20:57:353 (信息): send
2017-12-01 16:20:58:353 (信息): send
2017-12-01 16:20:59:353 (信息): send
2017-12-01 16:21:00:355 (信息): send
2017-12-01 16:21:01:353 (信息): send
2017-12-01 16:21:02:363 (信息): send
2017-12-01 16:21:03:353 (信息): send
2017-12-01 16:21:04:353 (信息): send
2017-12-01 16:21:05:354 (信息): send
2017-12-01 16:21:06:352 (信息): send
2017-12-01 16:21:07:356 (信息): send
2017-12-01 16:21:08:353 (信息): send
2017-12-01 16:21:09:353 (信息): send
2017-12-01 16:21:12:478 (信息): send
2017-12-01 16:21:21:994 (信息): send

2017-12-01 16:21:37:602 (信息): 系统加载...
2017-12-01 16:21:37:909 (信息): + 插件【 TCP客户端 】 加载正常
2017-12-01 16:21:37:977 (信息): 插件[  GuangxiStation ]...
2017-12-01 16:21:40:051 (信息): xml配置文件读取成功
2017-12-01 16:21:40:091 (信息): 数据库打开成功
2017-12-01 16:21:40:117 (信息): TCP客户端连接成功
2017-12-01 16:21:40:193 (信息): + 插件【 GuangxiStation 】 加载正常
2017-12-01 16:21:41:089 (信息): send
2017-12-01 16:21:41:186 (信息): send
2017-12-01 16:21:41:187 (信息): send
2017-12-01 16:21:42:088 (信息): send
2017-12-01 16:21:42:183 (信息): send
2017-12-01 16:21:42:183 (信息): send
2017-12-01 16:21:43:181 (信息): send
2017-12-01 16:21:43:181 (信息): send
2017-12-01 16:21:44:186 (信息): send
2017-12-01 16:21:44:187 (信息): send
2017-12-01 16:21:45:190 (信息): send
2017-12-01 16:21:45:191 (信息): send
2017-12-01 16:21:46:188 (信息): send
2017-12-01 16:21:46:189 (信息): send
2017-12-01 16:21:47:184 (信息): send
2017-12-01 16:21:47:184 (信息): send
2017-12-01 16:21:48:186 (信息): send
2017-12-01 16:21:48:187 (信息): send
2017-12-01 16:21:49:181 (信息): send
2017-12-01 16:21:49:182 (信息): send
2017-12-01 16:21:50:190 (信息): send
2017-12-01 16:21:50:191 (信息): send
2017-12-01 16:21:51:185 (信息): send
2017-12-01 16:21:51:186 (信息): send
2017-12-01 16:21:51:450 (信息): - 插件【 GuangxiStation 】 卸载正常
2017-12-01 16:21:51:455 (信息): - 插件【 TCP客户端 】 卸载正常
2017-12-01 16:21:51:470 (信息): 软件安全退出(-1)!

2017-12-01 16:23:03:480 (信息): 系统加载...
2017-12-01 16:23:03:767 (信息): + 插件【 TCP客户端 】 加载正常
2017-12-01 16:23:03:830 (信息): 插件[  GuangxiStation ]...
2017-12-01 16:23:05:150 (信息): xml配置文件读取成功
2017-12-01 16:23:05:183 (信息): 数据库打开成功
2017-12-01 16:23:05:210 (信息): TCP客户端连接成功
2017-12-01 16:23:05:388 (信息): + 插件【 GuangxiStation 】 加载正常
2017-12-01 16:23:06:186 (信息): send
2017-12-01 16:23:06:284 (信息): send
2017-12-01 16:23:06:384 (信息): send
2017-12-01 16:23:07:188 (信息): send
2017-12-01 16:23:07:386 (信息): send
2017-12-01 16:23:08:384 (信息): send
2017-12-01 16:23:09:385 (信息): send
2017-12-01 16:23:10:386 (信息): send
2017-12-01 16:23:11:386 (信息): send
2017-12-01 16:23:12:385 (信息): send
2017-12-01 16:23:13:384 (信息): send
2017-12-01 16:23:14:386 (信息): send
2017-12-01 16:23:15:385 (信息): send
2017-12-01 16:23:16:384 (信息): send
2017-12-01 16:23:17:385 (信息): send
2017-12-01 16:23:18:384 (信息): send
2017-12-01 16:23:19:387 (信息): send
2017-12-01 16:23:20:384 (信息): send
2017-12-01 16:23:21:387 (信息): send
2017-12-01 16:23:22:386 (信息): send
2017-12-01 16:23:23:386 (信息): send
2017-12-01 16:23:24:384 (信息): send
2017-12-01 16:23:25:387 (信息): send
2017-12-01 16:23:26:384 (信息): send
2017-12-01 16:23:27:385 (信息): send
2017-12-01 16:23:28:387 (信息): send
2017-12-01 16:23:29:386 (信息): send
2017-12-01 16:23:30:129 (信息): - 插件【 GuangxiStation 】 卸载正常
2017-12-01 16:23:30:134 (信息): - 插件【 TCP客户端 】 卸载正常
2017-12-01 16:23:30:148 (信息): 软件安全退出(-1)!

2017-12-01 16:25:54:662 (信息): 系统加载...
2017-12-01 16:25:54:923 (信息): + 插件【 TCP客户端 】 加载正常
2017-12-01 16:25:54:985 (信息): 插件[  GuangxiStation ]...
2017-12-01 16:25:56:251 (信息): xml配置文件读取成功
2017-12-01 16:25:56:283 (信息): 数据库打开成功
2017-12-01 16:25:56:308 (信息): TCP客户端连接成功
2017-12-01 16:25:56:487 (信息): + 插件【 GuangxiStation 】 加载正常
2017-12-01 16:25:57:276 (信息): send temperature
2017-12-01 16:25:57:389 (信息): send leak
2017-12-01 16:25:57:485 (信息): send three phase
2017-12-01 16:25:58:275 (信息): send temperature
2017-12-01 16:25:58:479 (信息): send three phase
2017-12-01 16:25:59:478 (信息): send three phase
2017-12-01 16:26:00:485 (信息): send three phase
2017-12-01 16:26:01:483 (信息): send three phase
2017-12-01 16:26:02:483 (信息): send three phase
2017-12-01 16:26:03:483 (信息): send three phase
2017-12-01 16:26:04:482 (信息): send three phase
2017-12-01 16:26:05:482 (信息): send three phase
2017-12-01 16:26:06:479 (信息): send three phase
2017-12-01 16:26:07:483 (信息): send three phase
2017-12-01 16:26:08:483 (信息): send three phase
2017-12-01 16:26:09:484 (信息): send three phase
2017-12-01 16:26:10:483 (信息): send three phase
2017-12-01 16:26:11:484 (信息): send three phase
2017-12-01 16:26:12:484 (信息): send three phase
2017-12-01 16:26:13:483 (信息): send three phase
2017-12-01 16:26:14:479 (信息): send three phase
2017-12-01 16:26:15:483 (信息): send three phase
2017-12-01 16:26:16:484 (信息): send three phase
2017-12-01 16:26:17:482 (信息): send three phase
2017-12-01 16:26:18:483 (信息): send three phase
2017-12-01 16:26:19:478 (信息): send three phase
2017-12-01 16:26:20:484 (信息): send three phase
2017-12-01 16:26:21:483 (信息): send three phase
2017-12-01 16:26:22:481 (信息): send three phase
2017-12-01 16:26:23:484 (信息): send three phase
2017-12-01 16:26:24:484 (信息): send three phase
2017-12-01 16:26:25:483 (信息): send three phase
2017-12-01 16:26:26:484 (信息): send three phase
2017-12-01 16:26:27:483 (信息): send three phase
2017-12-01 16:26:28:484 (信息): send three phase
2017-12-01 16:26:29:485 (信息): send three phase
2017-12-01 16:26:30:479 (信息): send three phase
2017-12-01 16:26:31:484 (信息): send three phase
2017-12-01 16:26:32:483 (信息): send three phase
2017-12-01 16:26:33:481 (信息): send three phase
2017-12-01 16:26:34:484 (信息): send three phase
2017-12-01 16:26:35:485 (信息): send three phase
2017-12-01 16:26:36:482 (信息): send three phase
2017-12-01 16:26:37:485 (信息): send three phase
2017-12-01 16:26:38:481 (信息): send three phase
2017-12-01 16:28:17:306 (信息): send three phase
2017-12-01 16:28:21:540 (信息): - 插件【 GuangxiStation 】 卸载正常
2017-12-01 16:28:21:546 (信息): - 插件【 TCP客户端 】 卸载正常
2017-12-01 16:28:21:563 (信息): 软件安全退出(-1)!

2017-12-01 16:29:14:582 (信息): 系统加载...
2017-12-01 16:29:14:888 (信息): + 插件【 TCP客户端 】 加载正常
2017-12-01 16:29:14:960 (信息): 插件[  GuangxiStation ]...
2017-12-01 16:29:16:132 (信息): xml配置文件读取成功
2017-12-01 16:29:16:168 (信息): 数据库打开成功
2017-12-01 16:29:16:194 (信息): TCP客户端连接成功
2017-12-01 16:29:17:273 (信息): + 插件【 GuangxiStation 】 加载正常
2017-12-01 16:29:17:386 (信息): send temperature
2017-12-01 16:29:17:386 (信息): send leak
2017-12-01 16:29:19:072 (信息): send three phase
2017-12-01 16:29:19:074 (信息): send leak
2017-12-01 16:29:19:074 (信息): send temperature
2017-12-01 16:29:20:077 (信息): send leak
2017-12-01 16:29:21:388 (信息): send three phase
2017-12-01 16:29:21:392 (信息): send leak
2017-12-01 16:29:22:392 (信息): send three phase
2017-12-01 16:29:23:392 (信息): send three phase
2017-12-01 16:29:24:391 (信息): send three phase
2017-12-01 16:29:25:391 (信息): send three phase
2017-12-01 16:29:26:388 (信息): send three phase
2017-12-01 16:29:27:391 (信息): send three phase
2017-12-01 16:29:28:388 (信息): send three phase
2017-12-01 16:29:29:384 (信息): send three phase
2017-12-01 16:29:30:391 (信息): send three phase
2017-12-01 16:29:31:385 (信息): send three phase
2017-12-01 16:29:32:388 (信息): send three phase
2017-12-01 16:29:33:388 (信息): send three phase
2017-12-01 16:29:34:391 (信息): send three phase
2017-12-01 16:29:35:390 (信息): send three phase
2017-12-01 16:29:36:389 (信息): send three phase
2017-12-01 16:29:37:390 (信息): send three phase
2017-12-01 16:29:38:391 (信息): send three phase
2017-12-01 16:29:39:391 (信息): send three phase
2017-12-01 16:29:40:391 (信息): send three phase
2017-12-01 16:29:41:392 (信息): send three phase
2017-12-01 16:29:42:388 (信息): send three phase
2017-12-01 16:29:43:390 (信息): send three phase
2017-12-01 16:29:44:390 (信息): send three phase
2017-12-01 16:29:45:391 (信息): send three phase
2017-12-01 16:29:46:392 (信息): send three phase
2017-12-01 16:29:47:392 (信息): send three phase
2017-12-01 16:29:48:389 (信息): send three phase
2017-12-01 16:29:49:388 (信息): send three phase
2017-12-01 16:29:50:393 (信息): send three phase
2017-12-01 16:29:51:386 (信息): send three phase
2017-12-01 16:29:52:387 (信息): send three phase
2017-12-01 16:30:06:136 (信息): send three phase
2017-12-01 16:30:27:330 (信息): send three phase
2017-12-01 16:31:27:323 (信息): send three phase
2017-12-01 16:31:27:324 (信息): send leak
2017-12-01 16:31:27:324 (信息): send temperature
2017-12-01 16:31:28:040 (信息): - 插件【 GuangxiStation 】 卸载正常
2017-12-01 16:31:28:048 (信息): - 插件【 TCP客户端 】 卸载正常
2017-12-01 16:31:28:066 (信息): 软件安全退出(-1)!

2017-12-01 16:31:58:581 (信息): 系统加载...
2017-12-01 16:31:58:859 (信息): + 插件【 TCP客户端 】 加载正常
2017-12-01 16:31:58:907 (信息): 插件[  GuangxiStation ]...
2017-12-01 16:32:00:379 (信息): xml配置文件读取成功
2017-12-01 16:32:00:414 (信息): 数据库打开成功
2017-12-01 16:32:00:441 (信息): TCP客户端连接成功
2017-12-01 16:32:01:520 (信息): + 插件【 GuangxiStation 】 加载正常
2017-12-01 16:32:01:630 (信息): send temperature
2017-12-01 16:32:01:630 (信息): send leak
2017-12-01 16:32:02:514 (信息): send three phase
2017-12-01 16:32:02:620 (信息): send leak
2017-12-01 16:32:02:620 (信息): send temperature
2017-12-01 16:32:03:514 (信息): send three phase
2017-12-01 16:32:03:627 (信息): send temperature
2017-12-01 16:32:03:628 (信息): send leak
2017-12-01 16:32:04:515 (信息): send three phase
2017-12-01 16:32:04:622 (信息): send leak
2017-12-01 16:32:04:623 (信息): send temperature
2017-12-01 16:32:05:516 (信息): send three phase
2017-12-01 16:32:05:624 (信息): send temperature
2017-12-01 16:32:05:625 (信息): send leak
2017-12-01 16:32:06:517 (信息): send three phase
2017-12-01 16:32:06:625 (信息): send leak
2017-12-01 16:32:06:625 (信息): send temperature
2017-12-01 16:32:07:513 (信息): send three phase
2017-12-01 16:32:07:620 (信息): send temperature
2017-12-01 16:32:07:622 (信息): send leak
2017-12-01 16:32:08:517 (信息): send three phase
2017-12-01 16:32:08:628 (信息): send leak
2017-12-01 16:32:08:628 (信息): send temperature
2017-12-01 16:32:09:509 (信息): send three phase
2017-12-01 16:32:09:626 (信息): send temperature
2017-12-01 16:32:09:627 (信息): send leak
2017-12-01 16:32:10:514 (信息): send three phase
2017-12-01 16:32:10:618 (信息): send leak
2017-12-01 16:32:10:619 (信息): send temperature
2017-12-01 16:32:11:513 (信息): send three phase
2017-12-01 16:32:11:618 (信息): send temperature
2017-12-01 16:32:11:620 (信息): send leak
2017-12-01 16:32:12:518 (信息): send three phase
2017-12-01 16:32:12:618 (信息): send leak
2017-12-01 16:32:12:618 (信息): send temperature
2017-12-01 16:32:13:512 (信息): send three phase
2017-12-01 16:32:13:619 (信息): send temperature
2017-12-01 16:32:13:619 (信息): send leak
2017-12-01 16:32:14:512 (信息): send three phase
2017-12-01 16:32:14:626 (信息): send leak
2017-12-01 16:32:14:627 (信息): send temperature
2017-12-01 16:32:15:511 (信息): send three phase
2017-12-01 16:32:15:621 (信息): send temperature
2017-12-01 16:32:15:622 (信息): send leak
2017-12-01 16:32:16:511 (信息): send three phase
2017-12-01 16:32:16:619 (信息): send leak
2017-12-01 16:32:16:620 (信息): send temperature
2017-12-01 16:32:17:515 (信息): send three phase
2017-12-01 16:32:17:623 (信息): send temperature
2017-12-01 16:32:17:623 (信息): send leak
2017-12-01 16:32:18:515 (信息): send three phase
2017-12-01 16:32:18:623 (信息): send leak
2017-12-01 16:32:18:623 (信息): send temperature
2017-12-01 16:32:19:509 (信息): send three phase
2017-12-01 16:32:19:625 (信息): send temperature
2017-12-01 16:32:19:626 (信息): send leak
2017-12-01 16:32:20:519 (信息): send three phase
2017-12-01 16:32:20:619 (信息): send leak
2017-12-01 16:32:20:619 (信息): send temperature
2017-12-01 16:32:21:510 (信息): send three phase
2017-12-01 16:32:21:624 (信息): send temperature
2017-12-01 16:32:21:624 (信息): send leak
2017-12-01 16:32:22:508 (信息): send three phase
2017-12-01 16:32:22:626 (信息): send leak
2017-12-01 16:32:22:626 (信息): send temperature
2017-12-01 16:32:23:511 (信息): send three phase
2017-12-01 16:32:23:624 (信息): send temperature
2017-12-01 16:32:23:624 (信息): send leak
2017-12-01 16:32:24:513 (信息): send three phase
2017-12-01 16:32:24:619 (信息): send leak
2017-12-01 16:32:24:619 (信息): send temperature
2017-12-01 16:32:25:513 (信息): send three phase
2017-12-01 16:32:25:619 (信息): send temperature
2017-12-01 16:32:25:621 (信息): send leak
2017-12-01 16:32:26:517 (信息): send three phase
2017-12-01 16:32:26:618 (信息): send leak
2017-12-01 16:32:26:619 (信息): send temperature
2017-12-01 16:32:27:512 (信息): send three phase
2017-12-01 16:32:27:624 (信息): send temperature
2017-12-01 16:32:27:625 (信息): send leak
2017-12-01 16:32:28:514 (信息): send three phase
2017-12-01 16:32:28:624 (信息): send leak
2017-12-01 16:32:28:624 (信息): send temperature
2017-12-01 16:32:29:516 (信息): send three phase
2017-12-01 16:32:29:625 (信息): send temperature
2017-12-01 16:32:29:625 (信息): send leak
2017-12-01 16:32:30:510 (信息): send three phase
2017-12-01 16:32:30:619 (信息): send leak
2017-12-01 16:32:30:619 (信息): send temperature
2017-12-01 16:32:31:517 (信息): send three phase
2017-12-01 16:32:31:626 (信息): send temperature
2017-12-01 16:32:31:627 (信息): send leak
2017-12-01 16:32:32:510 (信息): send three phase
2017-12-01 16:32:32:623 (信息): send leak
2017-12-01 16:32:32:624 (信息): send temperature
2017-12-01 16:32:33:509 (信息): send three phase
2017-12-01 16:32:33:641 (信息): send temperature
2017-12-01 16:32:33:641 (信息): send leak
2017-12-01 16:32:34:513 (信息): send three phase
2017-12-01 16:32:34:637 (信息): send leak
2017-12-01 16:32:34:638 (信息): send temperature
2017-12-01 16:32:35:509 (信息): send three phase
2017-12-01 16:32:35:640 (信息): send temperature
2017-12-01 16:32:35:641 (信息): send leak
2017-12-01 16:32:36:513 (信息): send three phase
2017-12-01 16:32:36:638 (信息): send leak
2017-12-01 16:32:36:640 (信息): send temperature
2017-12-01 16:32:37:513 (信息): send three phase
2017-12-01 16:32:37:635 (信息): send temperature
2017-12-01 16:32:37:635 (信息): send leak
2017-12-01 16:32:38:519 (信息): send three phase
2017-12-01 16:32:38:638 (信息): send leak
2017-12-01 16:32:38:639 (信息): send temperature
2017-12-01 16:32:39:510 (信息): send three phase
2017-12-01 16:32:39:640 (信息): send temperature
2017-12-01 16:32:39:641 (信息): send leak
2017-12-01 16:32:40:517 (信息): send three phase
2017-12-01 16:32:40:637 (信息): send leak
2017-12-01 16:32:40:638 (信息): send temperature
2017-12-01 16:32:41:513 (信息): send three phase
2017-12-01 16:32:41:639 (信息): send temperature
2017-12-01 16:32:41:640 (信息): send leak
2017-12-01 16:32:42:510 (信息): send three phase
2017-12-01 16:32:42:640 (信息): send leak
2017-12-01 16:32:42:641 (信息): send temperature
2017-12-01 16:32:43:514 (信息): send three phase
2017-12-01 16:32:43:637 (信息): send temperature
2017-12-01 16:32:43:639 (信息): send leak
2017-12-01 16:32:44:516 (信息): send three phase
2017-12-01 16:32:44:637 (信息): send leak
2017-12-01 16:32:44:637 (信息): send temperature
2017-12-01 16:32:45:515 (信息): send three phase
2017-12-01 16:32:45:637 (信息): send temperature
2017-12-01 16:32:45:638 (信息): send leak
2017-12-01 16:32:46:515 (信息): send three phase
2017-12-01 16:32:46:635 (信息): send leak
2017-12-01 16:32:46:636 (信息): send temperature
2017-12-01 16:32:47:515 (信息): send three phase
2017-12-01 16:32:47:635 (信息): send temperature
2017-12-01 16:32:47:635 (信息): send leak
2017-12-01 16:32:48:516 (信息): send three phase
2017-12-01 16:32:48:657 (信息): send leak
2017-12-01 16:32:48:657 (信息): send temperature
2017-12-01 16:32:49:515 (信息): send three phase
2017-12-01 16:32:49:652 (信息): send temperature
2017-12-01 16:32:49:653 (信息): send leak
2017-12-01 16:32:50:519 (信息): send three phase
2017-12-01 16:32:50:670 (信息): send leak
2017-12-01 16:32:50:670 (信息): send temperature
2017-12-01 16:32:51:513 (信息): send three phase
2017-12-01 16:32:51:673 (信息): send temperature
2017-12-01 16:32:51:673 (信息): send leak
2017-12-01 16:32:52:515 (信息): send three phase
2017-12-01 16:32:52:670 (信息): send leak
2017-12-01 16:32:52:672 (信息): send temperature
2017-12-01 16:32:53:512 (信息): send three phase
2017-12-01 16:32:53:667 (信息): send temperature
2017-12-01 16:32:53:667 (信息): send leak
2017-12-01 16:32:54:510 (信息): send three phase
2017-12-01 16:32:54:671 (信息): send leak
2017-12-01 16:32:54:673 (信息): send temperature
2017-12-01 16:32:55:510 (信息): send three phase
2017-12-01 16:32:55:673 (信息): send temperature
2017-12-01 16:32:55:674 (信息): send leak
2017-12-01 16:32:56:512 (信息): send three phase
2017-12-01 16:32:56:673 (信息): send leak
2017-12-01 16:32:56:673 (信息): send temperature
2017-12-01 16:32:57:510 (信息): send three phase
2017-12-01 16:32:57:666 (信息): send temperature
2017-12-01 16:32:57:667 (信息): send leak
2017-12-01 16:32:58:515 (信息): send three phase
2017-12-01 16:32:58:670 (信息): send leak
2017-12-01 16:32:58:671 (信息): send temperature
2017-12-01 16:32:59:512 (信息): send three phase
2017-12-01 16:32:59:672 (信息): send temperature
2017-12-01 16:32:59:673 (信息): send leak
2017-12-01 16:33:00:512 (信息): send three phase
2017-12-01 16:33:00:666 (信息): send leak
2017-12-01 16:33:00:667 (信息): send temperature
2017-12-01 16:33:01:510 (信息): send three phase
2017-12-01 16:33:02:514 (信息): send three phase

2017-12-01 16:33:35:257 (信息): 系统加载...
2017-12-01 16:33:35:576 (信息): + 插件【 TCP客户端 】 加载正常
2017-12-01 16:33:35:680 (信息): 插件[  GuangxiStation ]...
2017-12-01 16:33:40:675 (信息): xml配置文件读取成功
2017-12-01 16:33:40:710 (信息): 数据库打开成功
2017-12-01 16:33:40:739 (信息): TCP客户端连接成功
2017-12-01 16:33:41:813 (信息): + 插件【 GuangxiStation 】 加载正常
2017-12-01 16:33:41:890 (信息): send temperature
2017-12-01 16:33:41:890 (信息): send leak
2017-12-01 16:33:45:957 (信息): send three phase
2017-12-01 16:33:45:958 (信息): send leak
2017-12-01 16:33:45:958 (信息): send temperature

2017-12-01 16:35:22:904 (信息): 系统加载...
2017-12-01 16:35:23:227 (信息): + 插件【 TCP客户端 】 加载正常
2017-12-01 16:35:23:318 (信息): 插件[  GuangxiStation ]...
2017-12-01 16:35:24:690 (信息): xml配置文件读取成功
2017-12-01 16:35:24:728 (信息): 数据库打开成功
2017-12-01 16:35:24:755 (信息): TCP客户端连接成功
2017-12-01 16:35:25:832 (信息): + 插件【 GuangxiStation 】 加载正常
2017-12-01 16:35:25:887 (信息): send temperature
2017-12-01 16:35:25:887 (信息): send leak
2017-12-01 16:35:26:824 (信息): send three phase
2017-12-01 16:35:26:886 (信息): send leak
2017-12-01 16:35:26:886 (信息): send temperature
2017-12-01 16:35:30:279 (信息): send three phase
2017-12-01 16:35:30:279 (信息): send temperature
2017-12-01 16:35:30:279 (信息): send leak
2017-12-01 16:35:33:203 (信息): send leak
2017-12-01 16:35:33:203 (信息): send temperature
2017-12-01 16:35:33:203 (信息): send three phase
2017-12-01 16:35:36:180 (信息): send three phase
2017-12-01 16:35:36:180 (信息): send temperature
2017-12-01 16:35:36:180 (信息): send leak
2017-12-01 16:35:40:150 (信息): send leak
2017-12-01 16:35:40:150 (信息): send temperature
2017-12-01 16:35:40:151 (信息): send three phase
2017-12-01 16:35:41:759 (信息): send three phase
2017-12-01 16:35:41:759 (信息): send temperature
2017-12-01 16:35:41:761 (信息): send leak
2017-12-01 16:35:49:722 (信息): send leak
2017-12-01 16:35:49:722 (信息): send temperature
2017-12-01 16:35:49:722 (信息): send three phase
2017-12-01 16:35:51:588 (信息): send three phase
2017-12-01 16:35:51:588 (信息): send temperature
2017-12-01 16:35:51:589 (信息): send leak
2017-12-01 16:35:55:571 (信息): send leak
2017-12-01 16:35:55:571 (信息): send temperature
2017-12-01 16:35:55:573 (信息): send three phase
2017-12-01 16:36:02:934 (信息): send three phase
2017-12-01 16:36:02:934 (信息): send temperature
2017-12-01 16:36:02:934 (信息): send leak

2017-12-01 16:36:08:328 (信息): 系统加载...
2017-12-01 16:36:08:654 (信息): + 插件【 TCP客户端 】 加载正常
2017-12-01 16:36:08:767 (信息): 插件[  GuangxiStation ]...
2017-12-01 16:36:10:137 (信息): xml配置文件读取成功
2017-12-01 16:36:10:178 (信息): 数据库打开成功
2017-12-01 16:36:10:204 (信息): TCP客户端连接成功
2017-12-01 16:36:11:282 (信息): + 插件【 GuangxiStation 】 加载正常
2017-12-01 16:36:11:356 (信息): send temperature
2017-12-01 16:36:11:356 (信息): send leak
2017-12-01 16:36:15:264 (信息): send three phase
2017-12-01 16:36:15:264 (信息): send leak
2017-12-01 16:36:15:264 (信息): send temperature

2017-12-01 16:37:18:720 (信息): 系统加载...
2017-12-01 16:37:19:034 (信息): + 插件【 TCP客户端 】 加载正常
2017-12-01 16:37:19:130 (信息): 插件[  GuangxiStation ]...
2017-12-01 16:37:20:655 (信息): xml配置文件读取成功
2017-12-01 16:37:20:691 (信息): 数据库打开成功
2017-12-01 16:37:20:721 (信息): TCP客户端连接成功
2017-12-01 16:37:21:796 (信息): + 插件【 GuangxiStation 】 加载正常
2017-12-01 16:37:21:859 (信息): send temperature
2017-12-01 16:37:21:859 (信息): send leak
2017-12-01 16:37:27:152 (信息): send three phase
2017-12-01 16:37:27:153 (信息): send leak
2017-12-01 16:37:27:153 (信息): send temperature

2017-12-01 16:38:29:670 (信息): 系统加载...
2017-12-01 16:38:29:989 (信息): + 插件【 TCP客户端 】 加载正常
2017-12-01 16:38:30:056 (信息): 插件[  GuangxiStation ]...
2017-12-01 16:38:32:030 (信息): xml配置文件读取成功
2017-12-01 16:38:32:072 (信息): 数据库打开成功
2017-12-01 16:38:32:100 (信息): TCP客户端连接成功
2017-12-01 16:38:33:179 (信息): + 插件【 GuangxiStation 】 加载正常
2017-12-01 16:38:33:256 (信息): send temperature
2017-12-01 16:38:33:256 (信息): send leak
2017-12-01 16:38:34:165 (信息): send three phase
2017-12-01 16:38:34:243 (信息): send leak
2017-12-01 16:38:34:245 (信息): send temperature
2017-12-01 16:38:43:164 (信息): send three phase
2017-12-01 16:38:43:164 (信息): send leak
2017-12-01 16:38:56:654 (信息): send leak
2017-12-01 16:38:56:654 (信息): send three phase
2017-12-01 16:39:46:532 (信息): send three phase
2017-12-01 16:39:46:532 (信息): send leak

2017-12-01 16:41:18:317 (信息): 系统加载...
2017-12-01 16:41:18:563 (信息): + 插件【 TCP客户端 】 加载正常
2017-12-01 16:41:18:609 (信息): 插件[  GuangxiStation ]...
2017-12-01 16:41:19:978 (信息): xml配置文件读取成功
2017-12-01 16:41:20:013 (信息): 数据库打开成功
2017-12-01 16:41:20:039 (信息): TCP客户端连接成功
2017-12-01 16:41:21:120 (信息): + 插件【 GuangxiStation 】 加载正常
2017-12-01 16:41:21:216 (信息): send temperature
2017-12-01 16:41:21:216 (信息): send leak
2017-12-01 16:41:26:680 (信息): send three phase
2017-12-01 16:41:26:680 (信息): send leak
2017-12-01 16:41:26:682 (信息): send temperature
2017-12-01 16:41:30:309 (信息): send leak
2017-12-01 16:41:30:309 (信息): send three phase
2017-12-01 16:41:34:796 (信息): send leak

2017-12-01 16:41:56:074 (信息): 系统加载...
2017-12-01 16:41:56:356 (信息): + 插件【 TCP客户端 】 加载正常
2017-12-01 16:41:56:394 (信息): 插件[  GuangxiStation ]...
2017-12-01 16:41:57:264 (信息): xml配置文件读取成功
2017-12-01 16:41:57:309 (信息): 数据库打开成功
2017-12-01 16:41:57:336 (信息): TCP客户端连接成功
2017-12-01 16:41:58:413 (信息): + 插件【 GuangxiStation 】 加载正常
2017-12-01 16:41:58:458 (信息): send temperature
2017-12-01 16:41:58:458 (信息): send leak
2017-12-01 16:42:02:865 (信息): send three phase
2017-12-01 16:42:02:865 (信息): send leak
2017-12-01 16:42:02:865 (信息): send temperature
2017-12-01 16:42:05:185 (信息): send leak
2017-12-01 16:42:05:185 (信息): send three phase
2017-12-01 16:42:08:614 (信息): send leak

2017-12-01 16:47:43:992 (信息): 系统加载...
2017-12-01 16:47:44:220 (信息): + 插件【 TCP客户端 】 加载正常
2017-12-01 16:47:44:253 (信息): 插件[  GuangxiStation ]...
2017-12-01 16:47:52:736 (信息): xml配置文件读取成功
2017-12-01 16:47:52:776 (信息): 数据库打开成功
2017-12-01 16:47:52:802 (信息): TCP客户端连接成功
2017-12-01 16:47:52:980 (信息): + 插件【 GuangxiStation 】 加载正常
2017-12-01 16:47:53:775 (信息): send temperature
2017-12-01 16:47:53:870 (信息): send leak
2017-12-01 16:47:53:984 (信息): send three phase
2017-12-01 16:47:54:777 (信息): send temperature
2017-12-01 16:47:54:987 (信息): send three phase
2017-12-01 16:48:06:948 (信息): - 插件【 GuangxiStation 】 卸载正常
2017-12-01 16:48:06:953 (信息): - 插件【 TCP客户端 】 卸载正常
2017-12-01 16:48:06:969 (信息): 软件安全退出(-1)!

2017-12-06 15:33:38:480 (信息): 系统加载...
2017-12-06 15:33:38:695 (信息): + 插件【 TCP客户端 】 加载正常
2017-12-06 15:33:38:715 (信息): 插件[  GuangxiStation ]...
2017-12-06 15:33:38:727 (信息): xml配置文件读取成功
2017-12-06 15:33:38:759 (信息): 数据库打开成功
2017-12-06 15:33:38:761 (信息): + 插件【 GuangxiStation 】 加载正常

2017-12-06 16:43:10:934 (信息): 系统加载...
2017-12-06 16:43:11:140 (信息): + 插件【 TCP客户端 】 加载正常
2017-12-06 16:43:11:163 (信息): 插件[  GuangxiStation ]...
2017-12-06 16:43:11:173 (信息): xml配置文件读取成功
2017-12-06 16:43:11:194 (信息): 数据库打开成功
2017-12-06 16:43:11:197 (信息): + 插件【 GuangxiStation 】 加载正常

2017-12-06 16:44:30:590 (信息): 系统加载...
2017-12-06 16:44:30:830 (信息): + 插件【 TCP客户端 】 加载正常
2017-12-06 16:44:30:849 (信息): 插件[  GuangxiStation ]...
2017-12-06 16:44:30:860 (信息): xml配置文件读取成功
2017-12-06 16:44:30:884 (信息): 数据库打开成功
2017-12-06 16:44:30:886 (信息): + 插件【 GuangxiStation 】 加载正常

2017-12-06 16:45:13:687 (信息): 系统加载...
2017-12-06 16:45:13:921 (信息): + 插件【 TCP客户端 】 加载正常
2017-12-06 16:45:13:961 (信息): 插件[  GuangxiStation ]...
2017-12-06 16:45:13:972 (信息): xml配置文件读取成功
2017-12-06 16:45:14:014 (信息): 数据库打开成功
2017-12-06 16:45:14:017 (信息): + 插件【 GuangxiStation 】 加载正常

2017-12-06 16:46:35:843 (信息): 系统加载...
2017-12-06 16:46:36:078 (信息): + 插件【 TCP客户端 】 加载正常
2017-12-06 16:46:36:171 (信息): 插件[  GuangxiStation ]...
2017-12-06 16:46:36:183 (信息): xml配置文件读取成功
2017-12-06 16:46:36:226 (信息): 数据库打开成功
2017-12-06 16:46:36:228 (信息): + 插件【 GuangxiStation 】 加载正常

2017-12-06 16:47:53:890 (信息): 系统加载...
2017-12-06 16:47:54:112 (信息): + 插件【 TCP客户端 】 加载正常
2017-12-06 16:47:54:131 (信息): 插件[  GuangxiStation ]...
2017-12-06 16:47:54:141 (信息): xml配置文件读取成功
2017-12-06 16:47:54:164 (信息): 数据库打开成功
2017-12-06 16:47:54:165 (信息): + 插件【 GuangxiStation 】 加载正常
2017-12-06 16:48:15:362 (信息): - 插件【 GuangxiStation 】 卸载正常
2017-12-06 16:48:15:368 (信息): - 插件【 TCP客户端 】 卸载正常
2017-12-06 16:48:15:379 (信息): 软件安全退出(-1)!

2017-12-06 16:58:56:707 (信息): 系统加载...
2017-12-06 16:58:56:907 (信息): + 插件【 TCP客户端 】 加载正常
2017-12-06 16:58:56:931 (信息): 插件[  GuangxiStation ]...
2017-12-06 16:58:56:943 (信息): xml配置文件读取成功
2017-12-06 16:58:56:965 (信息): 数据库打开成功
2017-12-06 16:58:56:967 (信息): + 插件【 GuangxiStation 】 加载正常
2017-12-06 16:59:17:592 (信息): - 插件【 GuangxiStation 】 卸载正常
2017-12-06 16:59:17:597 (信息): - 插件【 TCP客户端 】 卸载正常
2017-12-06 16:59:17:608 (信息): 软件安全退出(-1)!

2017-12-06 17:22:48:787 (信息): 系统加载...
2017-12-06 17:22:48:986 (信息): + 插件【 TCP客户端 】 加载正常
2017-12-06 17:22:49:007 (信息): 插件[  GuangxiStation ]...
2017-12-06 17:22:49:018 (信息): xml配置文件读取成功
2017-12-06 17:22:49:038 (信息): 数据库打开成功
2017-12-06 17:22:49:041 (信息): + 插件【 GuangxiStation 】 加载正常
2017-12-06 17:23:10:255 (信息): - 插件【 GuangxiStation 】 卸载正常
2017-12-06 17:23:10:260 (信息): - 插件【 TCP客户端 】 卸载正常
2017-12-06 17:23:10:270 (信息): 软件安全退出(-1)!

2017-12-06 17:31:42:255 (信息): 系统加载...
2017-12-06 17:31:42:473 (信息): + 插件【 TCP客户端 】 加载正常
2017-12-06 17:31:42:498 (信息): 插件[  GuangxiStation ]...
2017-12-06 17:31:42:509 (信息): xml配置文件读取成功
2017-12-06 17:31:42:527 (信息): 数据库打开成功
2017-12-06 17:31:42:528 (信息): + 插件【 GuangxiStation 】 加载正常

2017-12-06 17:38:09:533 (信息): 系统加载...
2017-12-06 17:38:09:737 (信息): + 插件【 TCP客户端 】 加载正常
2017-12-06 17:38:09:758 (信息): 插件[  GuangxiStation ]...
2017-12-06 17:38:09:769 (信息): xml配置文件读取成功
2017-12-06 17:38:09:789 (信息): 数据库打开成功
2017-12-06 17:38:09:791 (信息): + 插件【 GuangxiStation 】 加载正常

2017-12-06 17:40:10:554 (信息): 系统加载...
2017-12-06 17:40:10:827 (信息): + 插件【 TCP客户端 】 加载正常
2017-12-06 17:40:10:850 (信息): 插件[  GuangxiStation ]...
2017-12-06 17:40:10:860 (信息): xml配置文件读取成功
2017-12-06 17:40:10:886 (信息): 数据库打开成功
2017-12-06 17:40:10:888 (信息): + 插件【 GuangxiStation 】 加载正常

2017-12-06 17:45:11:023 (信息): 系统加载...
2017-12-06 17:45:11:263 (信息): + 插件【 TCP客户端 】 加载正常
2017-12-06 17:45:11:300 (信息): 插件[  GuangxiStation ]...
2017-12-06 17:45:11:311 (信息): xml配置文件读取成功
2017-12-06 17:45:11:354 (信息): 数据库打开成功
2017-12-06 17:45:11:356 (信息): + 插件【 GuangxiStation 】 加载正常

2017-12-06 17:45:55:801 (信息): 系统加载...
2017-12-06 17:45:56:003 (信息): + 插件【 TCP客户端 】 加载正常
2017-12-06 17:45:56:035 (信息): 插件[  GuangxiStation ]...
2017-12-06 17:45:56:045 (信息): xml配置文件读取成功
2017-12-06 17:45:56:071 (信息): 数据库打开成功
2017-12-06 17:45:56:073 (信息): + 插件【 GuangxiStation 】 加载正常

2017-12-06 17:46:44:230 (信息): 系统加载...
2017-12-06 17:46:44:442 (信息): + 插件【 TCP客户端 】 加载正常
2017-12-06 17:46:44:483 (信息): 插件[  GuangxiStation ]...
2017-12-06 17:46:44:494 (信息): xml配置文件读取成功
2017-12-06 17:46:44:520 (信息): 数据库打开成功
2017-12-06 17:46:44:521 (信息): + 插件【 GuangxiStation 】 加载正常

2017-12-06 17:49:46:975 (信息): 系统加载...
2017-12-06 17:49:47:223 (信息): + 插件【 TCP客户端 】 加载正常
2017-12-06 17:49:47:272 (信息): 插件[  GuangxiStation ]...
2017-12-06 17:49:47:284 (信息): xml配置文件读取成功
2017-12-06 17:49:47:317 (信息): 数据库打开成功
2017-12-06 17:49:47:318 (信息): + 插件【 GuangxiStation 】 加载正常

2017-12-07 09:30:08:703 (信息): 系统加载...
2017-12-07 09:30:08:991 (信息): + 插件【 TCP客户端 】 加载正常
2017-12-07 09:30:09:012 (信息): 插件[  GuangxiStation ]...
2017-12-07 09:30:09:026 (信息): xml配置文件读取成功
2017-12-07 09:30:09:057 (信息): 数据库打开成功
2017-12-07 09:30:09:059 (信息): + 插件【 GuangxiStation 】 加载正常

2017-12-07 09:44:44:990 (信息): 系统加载...
2017-12-07 09:44:45:199 (信息): + 插件【 TCP客户端 】 加载正常
2017-12-07 09:44:45:219 (信息): 插件[  GuangxiStation ]...
2017-12-07 09:44:45:229 (信息): xml配置文件读取成功
2017-12-07 09:44:45:254 (信息): 数据库打开成功
2017-12-07 09:44:45:256 (信息): + 插件【 GuangxiStation 】 加载正常

2017-12-07 10:09:38:878 (信息): 系统加载...
2017-12-07 10:09:39:063 (信息): + 插件【 TCP客户端 】 加载正常
2017-12-07 10:09:39:076 (信息): 插件[  GuangxiStation ]...
2017-12-07 10:09:39:087 (信息): xml配置文件读取成功
2017-12-07 10:09:39:107 (信息): 数据库打开成功
2017-12-07 10:09:39:109 (信息): + 插件【 GuangxiStation 】 加载正常

2017-12-07 10:35:20:839 (信息): 系统加载...
2017-12-07 10:35:21:061 (信息): + 插件【 TCP客户端 】 加载正常
2017-12-07 10:35:21:082 (信息): 插件[  GuangxiStation ]...
2017-12-07 10:35:21:093 (信息): xml配置文件读取成功
2017-12-07 10:35:21:118 (信息): 数据库打开成功
2017-12-07 10:35:21:120 (信息): + 插件【 GuangxiStation 】 加载正常

2017-12-07 10:37:32:259 (信息): 系统加载...
2017-12-07 10:37:32:449 (信息): + 插件【 TCP客户端 】 加载正常
2017-12-07 10:37:32:463 (信息): 插件[  GuangxiStation ]...
2017-12-07 10:37:32:472 (信息): xml配置文件读取成功
2017-12-07 10:37:32:493 (信息): 数据库打开成功
2017-12-07 10:37:32:495 (信息): + 插件【 GuangxiStation 】 加载正常

2017-12-07 10:38:23:498 (信息): 系统加载...
2017-12-07 10:38:23:679 (信息): + 插件【 TCP客户端 】 加载正常
2017-12-07 10:38:23:691 (信息): 插件[  GuangxiStation ]...
2017-12-07 10:38:23:700 (信息): xml配置文件读取成功
2017-12-07 10:38:23:723 (信息): 数据库打开成功
2017-12-07 10:38:23:724 (信息): + 插件【 GuangxiStation 】 加载正常

2017-12-07 10:42:31:680 (信息): 系统加载...
2017-12-07 10:42:31:873 (信息): + 插件【 TCP客户端 】 加载正常
2017-12-07 10:42:31:887 (信息): 插件[  GuangxiStation ]...
2017-12-07 10:42:31:898 (信息): xml配置文件读取成功
2017-12-07 10:42:31:916 (信息): 数据库打开成功
2017-12-07 10:42:31:918 (信息): + 插件【 GuangxiStation 】 加载正常
2017-12-07 10:42:53:131 (信息): - 插件【 GuangxiStation 】 卸载正常
2017-12-07 10:42:53:137 (信息): - 插件【 TCP客户端 】 卸载正常
2017-12-07 10:42:53:148 (信息): 软件安全退出(-1)!

2017-12-07 10:43:49:127 (信息): 系统加载...
2017-12-07 10:43:49:319 (信息): + 插件【 TCP客户端 】 加载正常
2017-12-07 10:43:49:333 (信息): 插件[  GuangxiStation ]...
2017-12-07 10:43:49:344 (信息): xml配置文件读取成功
2017-12-07 10:43:49:366 (信息): 数据库打开成功
2017-12-07 10:43:49:368 (信息): + 插件【 GuangxiStation 】 加载正常
2017-12-07 10:45:10:324 (信息): - 插件【 GuangxiStation 】 卸载正常
2017-12-07 10:45:10:329 (信息): - 插件【 TCP客户端 】 卸载正常
2017-12-07 10:45:10:342 (信息): 软件安全退出(-1)!
