
2018-03-02 15:08:54:408 (信息): 系统加载...
2018-03-02 15:08:54:627 (信息): 插件[  GuangxiStation ]...
2018-03-02 15:08:54:638 (信息): xml配置文件读取成功
2018-03-02 15:08:54:665 (信息): 数据库打开成功
2018-03-02 15:08:54:667 (信息): 普通空调控制端口绑定成功
2018-03-02 15:09:03:683 (信息): + 插件【 GuangxiStation 】 加载正常
2018-03-02 15:09:03:787 (信息): send Temperature
2018-03-02 15:09:03:988 (信息): send Temperature
2018-03-02 15:09:04:188 (信息): send Temperature
2018-03-02 15:09:04:389 (信息): send three phase
2018-03-02 15:09:04:590 (信息): send three phase
2018-03-02 15:09:04:797 (信息): send six route
2018-03-02 15:09:04:998 (信息): send single phase
2018-03-02 15:09:05:199 (信息): send single phase
2018-03-02 15:09:05:400 (信息): send single phase
2018-03-02 15:09:05:600 (信息): send single phase
2018-03-02 15:09:05:800 (信息): send single phase
2018-03-02 15:09:06:000 (信息): send single phase
2018-03-02 15:09:06:203 (信息): send infrared
2018-03-02 15:09:06:406 (信息): send Leak
2018-03-02 15:09:06:607 (信息): send Leak
2018-03-02 15:09:06:807 (信息): send Leak
2018-03-02 15:09:07:012 (信息): send airCompressor
2018-03-02 15:09:07:214 (信息): send Temperature
2018-03-02 15:09:07:420 (信息): send Leak
2018-03-02 15:09:07:623 (信息): send infrared
2018-03-02 15:09:07:826 (信息): send Temperature
2018-03-02 15:09:08:027 (信息): send Temperature
2018-03-02 15:09:08:228 (信息): send Temperature
2018-03-02 15:09:08:430 (信息): send three phase
2018-03-02 15:09:08:630 (信息): send three phase
2018-03-02 15:09:08:832 (信息): send six route
2018-03-02 15:09:09:037 (信息): send single phase
2018-03-02 15:09:09:238 (信息): send single phase
2018-03-02 15:09:09:438 (信息): send single phase
2018-03-02 15:09:09:639 (信息): send single phase
2018-03-02 15:09:09:840 (信息): send single phase
2018-03-02 15:09:10:041 (信息): send single phase
2018-03-02 15:09:10:243 (信息): send infrared
2018-03-02 15:09:10:446 (信息): send Leak
2018-03-02 15:09:10:647 (信息): send Leak
2018-03-02 15:09:10:848 (信息): send Leak
2018-03-02 15:09:11:050 (信息): send airCompressor
2018-03-02 15:09:11:253 (信息): send Temperature
2018-03-02 15:09:11:455 (信息): send Leak
2018-03-02 15:09:11:657 (信息): send infrared
2018-03-02 15:09:11:860 (信息): send Temperature
2018-03-02 15:09:12:060 (信息): send Temperature
2018-03-02 15:09:12:261 (信息): send Temperature
2018-03-02 15:09:12:466 (信息): send three phase
2018-03-02 15:09:12:666 (信息): send three phase
2018-03-02 15:09:12:869 (信息): send six route
2018-03-02 15:09:13:076 (信息): send single phase
2018-03-02 15:09:13:276 (信息): send single phase
2018-03-02 15:09:13:477 (信息): send single phase
2018-03-02 15:09:13:678 (信息): send single phase
2018-03-02 15:09:13:878 (信息): send single phase
2018-03-02 15:09:14:079 (信息): send single phase
2018-03-02 15:09:14:323 (信息): send infrared
2018-03-02 15:09:14:531 (信息): send Leak
2018-03-02 15:09:14:733 (信息): send Leak
2018-03-02 15:09:14:933 (信息): send Leak
2018-03-02 15:09:15:143 (信息): send airCompressor
2018-03-02 15:09:15:347 (信息): send Temperature
2018-03-02 15:09:15:553 (信息): send Leak
2018-03-02 15:09:15:754 (信息): send infrared
2018-03-02 15:09:15:960 (信息): send Temperature
2018-03-02 15:09:16:160 (信息): send Temperature
2018-03-02 15:09:16:360 (信息): send Temperature
2018-03-02 15:09:16:561 (信息): send three phase
2018-03-02 15:09:16:763 (信息): send three phase
2018-03-02 15:09:16:964 (信息): send six route
2018-03-02 15:09:17:167 (信息): send single phase
2018-03-02 15:09:17:367 (信息): send single phase
2018-03-02 15:09:17:568 (信息): send single phase
2018-03-02 15:09:17:769 (信息): send single phase
2018-03-02 15:09:17:969 (信息): send single phase
2018-03-02 15:09:18:169 (信息): send single phase
2018-03-02 15:09:18:370 (信息): send infrared
2018-03-02 15:09:18:575 (信息): send Leak
2018-03-02 15:09:18:776 (信息): send Leak
2018-03-02 15:09:18:976 (信息): send Leak
2018-03-02 15:09:19:178 (信息): send airCompressor
2018-03-02 15:09:19:380 (信息): send Temperature
2018-03-02 15:09:19:581 (信息): send Leak
2018-03-02 15:09:19:784 (信息): send infrared
2018-03-02 15:09:19:985 (信息): send Temperature
2018-03-02 15:09:20:186 (信息): send Temperature
2018-03-02 15:09:20:387 (信息): send Temperature
2018-03-02 15:09:20:588 (信息): send three phase
2018-03-02 15:09:20:789 (信息): send three phase
2018-03-02 15:09:20:992 (信息): send six route
2018-03-02 15:09:21:197 (信息): send single phase
2018-03-02 15:09:21:398 (信息): send single phase
2018-03-02 15:09:21:598 (信息): send single phase
2018-03-02 15:09:21:799 (信息): send single phase
2018-03-02 15:09:21:999 (信息): send single phase
2018-03-02 15:09:22:199 (信息): send single phase
2018-03-02 15:09:22:402 (信息): send infrared
2018-03-02 15:09:22:604 (信息): send Leak
2018-03-02 15:09:22:805 (信息): send Leak
2018-03-02 15:09:23:006 (信息): send Leak
2018-03-02 15:09:23:209 (信息): send airCompressor
2018-03-02 15:09:23:445 (信息): send Temperature
2018-03-02 15:09:23:646 (信息): send Leak
2018-03-02 15:09:23:850 (信息): send infrared
2018-03-02 15:09:24:051 (信息): send Temperature
2018-03-02 15:09:24:251 (信息): send Temperature
2018-03-02 15:09:24:453 (信息): send Temperature
2018-03-02 15:09:24:658 (信息): send three phase
2018-03-02 15:09:24:859 (信息): send three phase
2018-03-02 15:09:25:062 (信息): send six route
2018-03-02 15:09:25:268 (信息): send single phase
2018-03-02 15:09:25:469 (信息): send single phase
2018-03-02 15:09:25:669 (信息): send single phase
2018-03-02 15:09:25:870 (信息): send single phase
2018-03-02 15:09:26:071 (信息): send single phase
2018-03-02 15:09:26:271 (信息): send single phase
2018-03-02 15:09:26:472 (信息): send Leak
2018-03-02 15:09:26:673 (信息): send Leak
2018-03-02 15:09:26:873 (信息): send Leak
2018-03-02 15:09:27:077 (信息): send airCompressor
2018-03-02 15:09:27:282 (信息): send Temperature
2018-03-02 15:09:27:488 (信息): send Leak
2018-03-02 15:09:27:691 (信息): send Temperature
2018-03-02 15:09:27:891 (信息): send Temperature
2018-03-02 15:09:28:092 (信息): send Temperature
2018-03-02 15:09:28:294 (信息): send three phase
2018-03-02 15:09:28:495 (信息): send three phase
2018-03-02 15:09:28:699 (信息): send six route
2018-03-02 15:09:28:905 (信息): send single phase
2018-03-02 15:09:29:105 (信息): send single phase
2018-03-02 15:09:29:306 (信息): send single phase
2018-03-02 15:09:29:507 (信息): send single phase
2018-03-02 15:09:29:707 (信息): send single phase
2018-03-02 15:09:29:907 (信息): send single phase
2018-03-02 15:09:30:110 (信息): send Leak
2018-03-02 15:09:30:311 (信息): send Leak
2018-03-02 15:09:30:512 (信息): send Leak
2018-03-02 15:09:30:714 (信息): send airCompressor
2018-03-02 15:09:30:917 (信息): send Temperature
2018-03-02 15:09:31:126 (信息): send Leak
2018-03-02 15:09:31:329 (信息): send Temperature
2018-03-02 15:09:31:531 (信息): send Temperature
2018-03-02 15:09:31:731 (信息): send Temperature
2018-03-02 15:09:31:934 (信息): send three phase
2018-03-02 15:09:32:135 (信息): send three phase
2018-03-02 15:09:32:338 (信息): send six route
2018-03-02 15:09:32:541 (信息): send single phase
2018-03-02 15:09:32:742 (信息): send single phase
2018-03-02 15:09:32:943 (信息): send single phase
2018-03-02 15:09:33:144 (信息): send single phase
2018-03-02 15:09:33:344 (信息): send single phase
2018-03-02 15:09:33:545 (信息): send single phase
2018-03-02 15:09:33:750 (信息): send Leak
2018-03-02 15:09:33:951 (信息): send Leak
2018-03-02 15:09:34:152 (信息): send Leak
2018-03-02 15:09:34:357 (信息): send airCompressor
2018-03-02 15:09:34:558 (信息): send Temperature
2018-03-02 15:09:34:763 (信息): send Leak
2018-03-02 15:09:34:968 (信息): send Temperature
2018-03-02 15:09:35:169 (信息): send Temperature
2018-03-02 15:09:35:369 (信息): send Temperature
2018-03-02 15:09:35:573 (信息): send three phase
2018-03-02 15:09:35:773 (信息): send three phase
2018-03-02 15:09:35:990 (信息): send six route
2018-03-02 15:09:36:235 (信息): send single phase
2018-03-02 15:09:36:437 (信息): send single phase
2018-03-02 15:09:36:637 (信息): send single phase
2018-03-02 15:09:36:838 (信息): send single phase
2018-03-02 15:09:37:038 (信息): send single phase
2018-03-02 15:09:37:239 (信息): send single phase
2018-03-02 15:09:37:445 (信息): send Leak
2018-03-02 15:09:37:646 (信息): send Leak
2018-03-02 15:09:37:847 (信息): send Leak
2018-03-02 15:09:38:053 (信息): send airCompressor
2018-03-02 15:09:38:257 (信息): send Temperature
2018-03-02 15:09:38:460 (信息): send Leak
2018-03-02 15:09:38:682 (信息): send infrared
2018-03-02 15:09:39:726 (信息): send infrared
2018-03-02 15:09:40:876 (信息): send infrared
2018-03-02 15:09:41:924 (信息): send infrared
2018-03-02 15:09:43:079 (信息): send infrared
2018-03-02 15:09:44:119 (信息): send infrared
2018-03-02 15:09:45:283 (信息): send infrared
2018-03-02 15:09:46:307 (信息): send infrared
2018-03-02 15:09:47:483 (信息): send infrared
2018-03-02 15:09:48:497 (信息): send infrared
2018-03-02 15:09:49:684 (信息): send infrared
2018-03-02 15:09:50:699 (信息): send infrared
2018-03-02 15:09:51:890 (信息): send infrared
2018-03-02 15:09:52:907 (信息): send infrared
2018-03-02 15:15:59:136 (信息): send infrared
2018-03-02 15:16:16:954 (信息): send Temperature
2018-03-02 15:16:17:155 (信息): send Temperature
2018-03-02 15:16:17:355 (信息): send Temperature
2018-03-02 15:16:17:558 (信息): send three phase
2018-03-02 15:16:17:760 (信息): send three phase
2018-03-02 15:16:17:971 (信息): send six route
2018-03-02 15:16:18:172 (信息): send single phase
2018-03-02 15:16:18:373 (信息): send single phase
2018-03-02 15:16:18:573 (信息): send single phase
2018-03-02 15:16:18:773 (信息): send single phase
2018-03-02 15:16:18:974 (信息): send single phase
2018-03-02 15:16:19:175 (信息): send single phase
2018-03-02 15:16:19:377 (信息): send Leak
2018-03-02 15:16:19:578 (信息): send Leak
2018-03-02 15:16:19:778 (信息): send Leak
2018-03-02 15:16:19:993 (信息): send Temperature
2018-03-02 15:16:20:243 (信息): send airCompressor
2018-03-02 15:16:20:446 (信息): send Leak
2018-03-02 15:16:20:648 (信息): send infrared
2018-03-02 15:16:20:894 (信息): send infrared
2018-03-02 15:16:21:105 (信息): send Temperature
2018-03-02 15:16:21:306 (信息): send Temperature
2018-03-02 15:16:21:507 (信息): send Temperature
2018-03-02 15:16:21:756 (信息): send three phase
2018-03-02 15:16:21:956 (信息): send three phase
2018-03-02 15:16:22:159 (信息): send six route
2018-03-02 15:16:22:362 (信息): send single phase
2018-03-02 15:16:22:563 (信息): send single phase
2018-03-02 15:16:22:764 (信息): send single phase
2018-03-02 15:16:22:964 (信息): send single phase
2018-03-02 15:16:23:165 (信息): send single phase
2018-03-02 15:16:23:365 (信息): send single phase
2018-03-02 15:16:23:614 (信息): send Leak
2018-03-02 15:16:23:816 (信息): send Leak
2018-03-02 15:16:24:016 (信息): send Leak
2018-03-02 15:16:24:221 (信息): send Temperature
2018-03-02 15:16:24:432 (信息): send airCompressor
2018-03-02 15:16:24:632 (信息): send Leak
2018-03-02 15:16:24:837 (信息): send infrared
2018-03-02 15:16:25:053 (信息): send Temperature
2018-03-02 15:16:25:255 (信息): send Temperature
2018-03-02 15:16:25:455 (信息): send Temperature
2018-03-02 15:16:25:655 (信息): send three phase
2018-03-02 15:16:25:856 (信息): send three phase
2018-03-02 15:16:26:058 (信息): send six route
2018-03-02 15:16:26:262 (信息): send single phase
2018-03-02 15:16:26:463 (信息): send single phase
2018-03-02 15:16:26:664 (信息): send single phase
2018-03-02 15:16:26:864 (信息): send single phase
2018-03-02 15:16:27:065 (信息): send single phase
2018-03-02 15:16:27:266 (信息): send single phase
2018-03-02 15:16:27:478 (信息): send Leak
2018-03-02 15:16:27:679 (信息): send Leak
2018-03-02 15:16:27:879 (信息): send Leak
2018-03-02 15:16:28:080 (信息): send Temperature
2018-03-02 15:16:28:287 (信息): send airCompressor
2018-03-02 15:16:28:503 (信息): send Leak
2018-03-02 15:16:28:703 (信息): send infrared
2018-03-02 15:16:28:904 (信息): send Temperature
2018-03-02 15:16:29:104 (信息): send Temperature
2018-03-02 15:16:29:305 (信息): send Temperature
2018-03-02 15:16:29:509 (信息): send three phase
2018-03-02 15:16:29:709 (信息): send three phase
2018-03-02 15:16:29:959 (信息): send six route
2018-03-02 15:16:30:166 (信息): send single phase
2018-03-02 15:16:30:367 (信息): send single phase
2018-03-02 15:16:30:568 (信息): send single phase
2018-03-02 15:16:30:768 (信息): send single phase
2018-03-02 15:16:30:970 (信息): send single phase
2018-03-02 15:16:31:171 (信息): send single phase
2018-03-02 15:16:31:416 (信息): send Leak
2018-03-02 15:16:31:617 (信息): send Leak
2018-03-02 15:16:31:817 (信息): send Leak
2018-03-02 15:16:32:023 (信息): send Temperature
2018-03-02 15:16:32:265 (信息): send airCompressor
2018-03-02 15:16:32:472 (信息): send Leak
2018-03-02 15:16:32:720 (信息): send infrared
2018-03-02 15:16:32:923 (信息): send Temperature
2018-03-02 15:16:33:124 (信息): send Temperature
2018-03-02 15:16:33:325 (信息): send Temperature
2018-03-02 15:16:33:529 (信息): send three phase
2018-03-02 15:16:33:730 (信息): send three phase
2018-03-02 15:16:33:970 (信息): send six route
2018-03-02 15:16:34:179 (信息): send single phase
2018-03-02 15:16:34:380 (信息): send single phase
2018-03-02 15:16:34:580 (信息): send single phase
2018-03-02 15:16:34:781 (信息): send single phase
2018-03-02 15:16:34:981 (信息): send single phase
2018-03-02 15:16:35:182 (信息): send single phase
2018-03-02 15:16:35:432 (信息): send Leak
2018-03-02 15:16:35:633 (信息): send Leak
2018-03-02 15:16:35:833 (信息): send Leak
2018-03-02 15:16:36:035 (信息): send Temperature
2018-03-02 15:16:36:239 (信息): send airCompressor
2018-03-02 15:16:36:483 (信息): send Leak
2018-03-02 15:16:36:704 (信息): send infrared
2018-03-02 15:16:36:908 (信息): send Temperature
2018-03-02 15:16:37:110 (信息): send Temperature
2018-03-02 15:16:37:311 (信息): send Temperature
2018-03-02 15:16:37:552 (信息): send three phase
2018-03-02 15:16:37:752 (信息): send three phase
2018-03-02 15:16:37:953 (信息): send infrared
2018-03-02 15:16:38:165 (信息): send six route
2018-03-02 15:16:38:403 (信息): send single phase
2018-03-02 15:16:38:604 (信息): send single phase
2018-03-02 15:16:38:805 (信息): send single phase
2018-03-02 15:16:39:006 (信息): send single phase
2018-03-02 15:16:39:207 (信息): send single phase
2018-03-02 15:16:39:407 (信息): send single phase
2018-03-02 15:16:39:612 (信息): send Leak
2018-03-02 15:16:39:813 (信息): send Leak
2018-03-02 15:16:40:014 (信息): send Leak
2018-03-02 15:16:40:258 (信息): send Temperature
2018-03-02 15:16:40:460 (信息): send airCompressor
2018-03-02 15:16:40:665 (信息): send Leak
2018-03-02 15:16:40:909 (信息): send Temperature
2018-03-02 15:16:41:110 (信息): send Temperature
2018-03-02 15:16:41:311 (信息): send Temperature
2018-03-02 15:16:41:513 (信息): send three phase
2018-03-02 15:16:41:715 (信息): send three phase
2018-03-02 15:16:41:963 (信息): send infrared
2018-03-02 15:16:42:164 (信息): send six route
2018-03-02 15:16:42:368 (信息): send single phase
2018-03-02 15:16:42:569 (信息): send single phase
2018-03-02 15:16:42:769 (信息): send single phase
2018-03-02 15:16:42:970 (信息): send single phase
2018-03-02 15:16:43:171 (信息): send single phase
2018-03-02 15:16:43:372 (信息): send single phase
2018-03-02 15:16:43:610 (信息): send Leak
2018-03-02 15:16:43:811 (信息): send Leak
2018-03-02 15:16:44:012 (信息): send Leak
2018-03-02 15:16:44:213 (信息): send Temperature
2018-03-02 15:16:44:418 (信息): send airCompressor
2018-03-02 15:16:44:653 (信息): send Leak
2018-03-02 15:16:44:854 (信息): send Temperature
2018-03-02 15:16:45:056 (信息): send Temperature
2018-03-02 15:16:45:256 (信息): send Temperature
2018-03-02 15:16:45:460 (信息): send three phase
2018-03-02 15:16:45:661 (信息): send three phase
2018-03-02 15:16:45:870 (信息): send infrared
2018-03-02 15:16:46:071 (信息): send six route
2018-03-02 15:16:46:277 (信息): send single phase
2018-03-02 15:16:46:479 (信息): send single phase
2018-03-02 15:16:46:679 (信息): send single phase
2018-03-02 15:16:46:879 (信息): send single phase
2018-03-02 15:16:47:080 (信息): send single phase
2018-03-02 15:16:47:281 (信息): send single phase
2018-03-02 15:16:47:518 (信息): send Leak
2018-03-02 15:16:47:718 (信息): send Leak
2018-03-02 15:16:47:920 (信息): send Leak
2018-03-02 15:16:48:124 (信息): send Temperature
2018-03-02 15:16:48:333 (信息): send airCompressor
2018-03-02 15:16:48:539 (信息): send Leak
2018-03-02 15:16:48:749 (信息): send Temperature
2018-03-02 15:16:48:950 (信息): send Temperature
2018-03-02 15:16:49:151 (信息): send Temperature
2018-03-02 15:16:49:373 (信息): send three phase
2018-03-02 15:16:49:574 (信息): send three phase
2018-03-02 15:16:49:786 (信息): send infrared
2018-03-02 15:16:52:013 (信息): send infrared
2018-03-02 15:16:53:152 (信息): send infrared
2018-03-02 15:17:38:837 (信息): send infrared
2018-03-02 15:17:39:099 (信息): send infrared
2018-03-02 15:17:41:290 (信息): send infrared
2018-03-02 15:17:43:485 (信息): send infrared
2018-03-02 15:17:45:682 (信息): send infrared
2018-03-02 15:17:47:870 (信息): send infrared
2018-03-02 15:17:50:057 (信息): send infrared
2018-03-02 15:17:52:245 (信息): send infrared
2018-03-02 15:17:54:097 (信息): send infrared
2018-03-02 15:17:56:320 (信息): send infrared
2018-03-02 15:17:58:515 (信息): send infrared
2018-03-02 15:18:00:722 (信息): send infrared
2018-03-02 15:18:02:918 (信息): send infrared
2018-03-02 15:18:05:120 (信息): send infrared
2018-03-02 15:18:07:308 (信息): send infrared
2018-03-02 15:18:09:357 (信息): send infrared
2018-03-02 15:18:11:559 (信息): send infrared
2018-03-02 15:18:13:762 (信息): send infrared
2018-03-02 15:18:15:971 (信息): send infrared
2018-03-02 15:18:18:165 (信息): send infrared
2018-03-02 15:18:20:357 (信息): send infrared
2018-03-02 15:18:22:556 (信息): send infrared
2018-03-02 15:18:24:295 (信息): send infrared
2018-03-02 15:18:26:497 (信息): send infrared
2018-03-02 15:18:28:703 (信息): send infrared
2018-03-02 15:18:30:902 (信息): send infrared
2018-03-02 15:18:33:104 (信息): send infrared
2018-03-02 15:18:35:292 (信息): send infrared
2018-03-02 15:18:37:495 (信息): send infrared
2018-03-02 15:18:39:557 (信息): send infrared
2018-03-02 15:18:41:744 (信息): send infrared
2018-03-02 15:18:43:933 (信息): send infrared
2018-03-02 15:18:46:138 (信息): send infrared
2018-03-02 15:18:48:342 (信息): send infrared
2018-03-02 15:18:49:357 (信息): send Temperature
2018-03-02 15:18:49:559 (信息): send Temperature
2018-03-02 15:18:49:759 (信息): send Temperature
2018-03-02 15:18:49:969 (信息): send three phase
2018-03-02 15:18:50:170 (信息): send three phase
2018-03-02 15:18:50:375 (信息): send single phase
2018-03-02 15:18:50:575 (信息): send single phase
2018-03-02 15:18:50:776 (信息): send single phase
2018-03-02 15:18:50:976 (信息): send single phase
2018-03-02 15:18:51:178 (信息): send single phase
2018-03-02 15:18:51:378 (信息): send single phase
2018-03-02 15:18:51:614 (信息): send six route
2018-03-02 15:18:51:817 (信息): send Leak
2018-03-02 15:18:52:018 (信息): send Leak
2018-03-02 15:18:52:219 (信息): send Leak
2018-03-02 15:18:52:427 (信息): send Temperature
2018-03-02 15:18:52:628 (信息): send airCompressor
2018-03-02 15:18:52:831 (信息): send infrared
2018-03-02 15:18:53:040 (信息): send Leak
2018-03-02 15:18:53:240 (信息): send Temperature
2018-03-02 15:18:53:442 (信息): send Temperature
2018-03-02 15:18:53:642 (信息): send Temperature
2018-03-02 15:18:53:844 (信息): send three phase
2018-03-02 15:18:54:045 (信息): send three phase
2018-03-02 15:18:54:285 (信息): send single phase
2018-03-02 15:18:54:486 (信息): send single phase
2018-03-02 15:18:54:686 (信息): send single phase
2018-03-02 15:18:54:887 (信息): send single phase
2018-03-02 15:18:55:087 (信息): send single phase
2018-03-02 15:18:55:288 (信息): send single phase
2018-03-02 15:18:55:492 (信息): send six route
2018-03-02 15:18:55:701 (信息): send Leak
2018-03-02 15:18:55:901 (信息): send Leak
2018-03-02 15:18:56:102 (信息): send Leak
2018-03-02 15:18:56:303 (信息): send infrared
2018-03-02 15:18:56:506 (信息): send Temperature
2018-03-02 15:18:58:323 (信息): send airCompressor
2018-03-02 15:18:58:543 (信息): send Leak
2018-03-02 15:18:58:747 (信息): send Temperature
2018-03-02 15:18:58:947 (信息): send Temperature
2018-03-02 15:18:59:148 (信息): send Temperature
2018-03-02 15:18:59:351 (信息): send three phase
2018-03-02 15:18:59:551 (信息): send three phase
2018-03-02 15:18:59:760 (信息): send single phase
2018-03-02 15:18:59:960 (信息): send single phase
2018-03-02 15:19:00:160 (信息): send single phase
2018-03-02 15:19:00:361 (信息): send single phase
2018-03-02 15:19:00:561 (信息): send single phase
2018-03-02 15:19:00:762 (信息): send single phase
2018-03-02 15:19:00:967 (信息): send six route
2018-03-02 15:19:01:205 (信息): send Leak
2018-03-02 15:19:01:407 (信息): send Leak
2018-03-02 15:19:01:608 (信息): send Leak
2018-03-02 15:19:01:808 (信息): send infrared
2018-03-02 15:19:02:014 (信息): send Temperature
2018-03-02 15:19:02:223 (信息): send airCompressor
2018-03-02 15:19:02:430 (信息): send Leak
2018-03-02 15:19:02:670 (信息): send Temperature
2018-03-02 15:19:02:870 (信息): send Temperature
2018-03-02 15:19:03:072 (信息): send Temperature
2018-03-02 15:19:03:272 (信息): send three phase
2018-03-02 15:19:03:472 (信息): send three phase
2018-03-02 15:19:03:678 (信息): send single phase
2018-03-02 15:19:03:879 (信息): send single phase
2018-03-02 15:19:04:080 (信息): send single phase
2018-03-02 15:19:04:281 (信息): send single phase
2018-03-02 15:19:04:482 (信息): send single phase
2018-03-02 15:19:04:683 (信息): send single phase
2018-03-02 15:19:04:893 (信息): send six route
2018-03-02 15:19:05:094 (信息): send Leak
2018-03-02 15:19:05:294 (信息): send Leak
2018-03-02 15:19:05:494 (信息): send Leak
2018-03-02 15:19:05:695 (信息): send infrared
2018-03-02 15:19:05:897 (信息): send Temperature
2018-03-02 15:19:06:138 (信息): send airCompressor
2018-03-02 15:19:06:344 (信息): send Leak
2018-03-02 15:19:06:556 (信息): send Temperature
2018-03-02 15:19:06:756 (信息): send Temperature
2018-03-02 15:19:06:957 (信息): send Temperature
2018-03-02 15:19:07:158 (信息): send three phase
2018-03-02 15:19:07:358 (信息): send three phase
2018-03-02 15:19:07:561 (信息): send single phase
2018-03-02 15:19:07:762 (信息): send single phase
2018-03-02 15:19:07:963 (信息): send single phase
2018-03-02 15:19:08:164 (信息): send single phase
2018-03-02 15:19:08:364 (信息): send single phase
2018-03-02 15:19:08:564 (信息): send single phase
2018-03-02 15:19:08:814 (信息): send six route
2018-03-02 15:19:09:019 (信息): send Leak
2018-03-02 15:19:09:219 (信息): send Leak
2018-03-02 15:19:09:420 (信息): send Leak
2018-03-02 15:19:09:631 (信息): send infrared
2018-03-02 15:19:09:831 (信息): send Temperature
2018-03-02 15:19:10:036 (信息): send airCompressor
2018-03-02 15:19:10:250 (信息): send Leak
2018-03-02 15:19:10:455 (信息): send Temperature
2018-03-02 15:19:10:655 (信息): send Temperature
2018-03-02 15:19:10:855 (信息): send Temperature
2018-03-02 15:19:11:057 (信息): send three phase
2018-03-02 15:19:11:258 (信息): send three phase
2018-03-02 15:19:11:499 (信息): send single phase
2018-03-02 15:19:11:700 (信息): send single phase
2018-03-02 15:19:11:901 (信息): send single phase
2018-03-02 15:19:12:101 (信息): send single phase
2018-03-02 15:19:12:301 (信息): send single phase
2018-03-02 15:19:12:502 (信息): send single phase
2018-03-02 15:19:12:710 (信息): send six route
2018-03-02 15:19:12:919 (信息): send Leak
2018-03-02 15:19:13:121 (信息): send Leak
2018-03-02 15:19:13:321 (信息): send Leak
2018-03-02 15:19:13:570 (信息): send Temperature
2018-03-02 15:19:13:774 (信息): send airCompressor
2018-03-02 15:19:13:986 (信息): send Leak
2018-03-02 15:19:14:186 (信息): send Temperature
2018-03-02 15:19:14:387 (信息): send Temperature
2018-03-02 15:19:14:587 (信息): send Temperature
2018-03-02 15:19:14:791 (信息): send infrared
2018-03-02 15:19:15:001 (信息): send three phase
2018-03-02 15:19:15:202 (信息): send three phase
2018-03-02 15:19:15:408 (信息): send single phase
2018-03-02 15:19:15:609 (信息): send single phase
2018-03-02 15:19:15:809 (信息): send single phase
2018-03-02 15:19:16:009 (信息): send single phase
2018-03-02 15:19:16:210 (信息): send single phase
2018-03-02 15:19:16:410 (信息): send single phase
2018-03-02 15:19:16:615 (信息): send six route
2018-03-02 15:19:16:854 (信息): send Leak
2018-03-02 15:19:17:055 (信息): send Leak
2018-03-02 15:19:17:256 (信息): send Leak
2018-03-02 15:19:17:457 (信息): send Temperature
2018-03-02 15:19:17:659 (信息): send airCompressor
2018-03-02 15:19:17:874 (信息): send Leak
2018-03-02 15:19:18:075 (信息): send Temperature
2018-03-02 15:19:18:277 (信息): send Temperature
2018-03-02 15:19:18:477 (信息): send Temperature
2018-03-02 15:19:18:687 (信息): send infrared
2018-03-02 15:19:18:925 (信息): send three phase
2018-03-02 15:19:19:126 (信息): send three phase
2018-03-02 15:19:19:332 (信息): send single phase
2018-03-02 15:19:19:533 (信息): send single phase
2018-03-02 15:19:19:734 (信息): send single phase
2018-03-02 15:19:19:935 (信息): send single phase
2018-03-02 15:19:20:135 (信息): send single phase
2018-03-02 15:19:20:335 (信息): send single phase
2018-03-02 15:19:20:548 (信息): send six route
2018-03-02 15:19:20:748 (信息): send Leak
2018-03-02 15:19:20:949 (信息): send Leak
2018-03-02 15:19:21:149 (信息): send Leak
2018-03-02 15:19:21:356 (信息): send Temperature
2018-03-02 15:19:21:596 (信息): send airCompressor
2018-03-02 15:19:21:811 (信息): send Leak
2018-03-02 15:19:22:033 (信息): send infrared
2018-03-02 15:19:24:248 (信息): send infrared
2018-03-02 15:19:26:451 (信息): send infrared
2018-03-02 15:19:27:918 (信息): send infrared
2018-03-02 15:19:28:650 (信息): send infrared
2018-03-02 15:19:30:120 (信息): send infrared
2018-03-02 15:19:32:307 (信息): send infrared
2018-03-02 15:19:34:497 (信息): send infrared
2018-03-02 15:19:36:703 (信息): send infrared
2018-03-02 15:19:38:910 (信息): send infrared
2018-03-02 15:19:41:108 (信息): send infrared
2018-03-02 15:19:44:994 (信息): send infrared
2018-03-02 15:19:47:182 (信息): send infrared
2018-03-02 15:19:49:371 (信息): send infrared
2018-03-02 15:19:51:578 (信息): send infrared
2018-03-02 15:19:53:777 (信息): send infrared
2018-03-02 15:19:55:979 (信息): send infrared
2018-03-02 15:19:58:140 (信息): send infrared
2018-03-02 15:19:58:392 (信息): send infrared
2018-03-02 15:20:00:338 (信息): send infrared
2018-03-02 15:20:02:524 (信息): send infrared
2018-03-02 15:20:04:713 (信息): send infrared
2018-03-02 15:20:06:899 (信息): send infrared
2018-03-02 15:20:09:096 (信息): send infrared
2018-03-02 15:20:11:295 (信息): send infrared
2018-03-02 15:20:15:184 (信息): send infrared
2018-03-02 15:20:17:391 (信息): send infrared
2018-03-02 15:20:19:594 (信息): send infrared
2018-03-02 15:20:21:796 (信息): send infrared
2018-03-02 15:20:23:993 (信息): send infrared
2018-03-02 15:20:26:183 (信息): send infrared
2018-03-02 15:20:28:346 (信息): send infrared
2018-03-02 15:20:28:595 (信息): send infrared
2018-03-02 15:20:30:546 (信息): send infrared
2018-03-02 15:20:32:743 (信息): send infrared
2018-03-02 15:20:34:933 (信息): send infrared
2018-03-02 15:20:37:120 (信息): send infrared
2018-03-02 15:20:39:309 (信息): send infrared
2018-03-02 15:20:41:512 (信息): send infrared
2018-03-02 15:20:45:407 (信息): send infrared
2018-03-02 15:20:47:607 (信息): send infrared
2018-03-02 15:20:49:808 (信息): send infrared
2018-03-02 15:20:52:014 (信息): send infrared
2018-03-02 15:20:54:215 (信息): send infrared
2018-03-02 15:20:56:423 (信息): send infrared
2018-03-02 15:20:58:546 (信息): send infrared
2018-03-02 15:20:58:755 (信息): send infrared
2018-03-02 15:21:00:744 (信息): send infrared
2018-03-02 15:21:02:932 (信息): send infrared
2018-03-02 15:21:05:122 (信息): send infrared
2018-03-02 15:21:07:327 (信息): send infrared
2018-03-02 15:21:09:529 (信息): send infrared
2018-03-02 15:21:11:737 (信息): send infrared
2018-03-02 15:21:15:608 (信息): send infrared
2018-03-02 15:21:17:808 (信息): send infrared
2018-03-02 15:21:20:015 (信息): send infrared
2018-03-02 15:21:21:809 (信息): send Temperature
2018-03-02 15:21:22:009 (信息): send Temperature
2018-03-02 15:21:22:209 (信息): send Temperature
2018-03-02 15:21:22:462 (信息): send three phase
2018-03-02 15:21:22:662 (信息): send three phase
2018-03-02 15:21:22:866 (信息): send infrared
2018-03-02 15:21:23:078 (信息): send six route
2018-03-02 15:21:23:278 (信息): send single phase
2018-03-02 15:21:23:478 (信息): send single phase
2018-03-02 15:21:23:679 (信息): send single phase
2018-03-02 15:21:23:880 (信息): send single phase
2018-03-02 15:21:24:080 (信息): send single phase
2018-03-02 15:21:24:280 (信息): send single phase
2018-03-02 15:21:24:487 (信息): send Leak
2018-03-02 15:21:24:688 (信息): send Leak
2018-03-02 15:21:24:888 (信息): send Leak
2018-03-02 15:21:25:099 (信息): send Temperature
2018-03-02 15:21:25:302 (信息): send airCompressor
2018-03-02 15:21:25:542 (信息): send Leak
2018-03-02 15:21:25:744 (信息): send Temperature
2018-03-02 15:21:25:944 (信息): send Temperature
2018-03-02 15:21:26:145 (信息): send Temperature
2018-03-02 15:21:26:347 (信息): send three phase
2018-03-02 15:21:26:548 (信息): send three phase
2018-03-02 15:21:26:750 (信息): send infrared
2018-03-02 15:21:26:962 (信息): send six route
2018-03-02 15:21:27:168 (信息): send single phase
2018-03-02 15:21:27:369 (信息): send single phase
2018-03-02 15:21:27:569 (信息): send single phase
2018-03-02 15:21:27:770 (信息): send single phase
2018-03-02 15:21:27:970 (信息): send single phase
2018-03-02 15:21:28:171 (信息): send single phase
2018-03-02 15:21:28:412 (信息): send Leak
2018-03-02 15:21:28:612 (信息): send Leak
2018-03-02 15:21:28:813 (信息): send Leak
2018-03-02 15:21:29:014 (信息): send Temperature
2018-03-02 15:21:29:216 (信息): send airCompressor
2018-03-02 15:21:29:426 (信息): send Leak
2018-03-02 15:21:29:632 (信息): send Temperature
2018-03-02 15:21:29:832 (信息): send Temperature
2018-03-02 15:21:30:032 (信息): send Temperature
2018-03-02 15:21:30:271 (信息): send three phase
2018-03-02 15:21:30:472 (信息): send three phase
2018-03-02 15:21:30:678 (信息): send infrared
2018-03-02 15:21:30:896 (信息): send infrared
2018-03-02 15:21:31:097 (信息): send six route
2018-03-02 15:21:31:302 (信息): send single phase
2018-03-02 15:21:31:504 (信息): send single phase
2018-03-02 15:21:31:704 (信息): send single phase
2018-03-02 15:21:31:904 (信息): send single phase
2018-03-02 15:21:32:105 (信息): send single phase
2018-03-02 15:21:32:306 (信息): send single phase
2018-03-02 15:21:32:565 (信息): send Leak
2018-03-02 15:21:32:766 (信息): send Leak
2018-03-02 15:21:32:966 (信息): send Leak
2018-03-02 15:21:33:181 (信息): send Temperature
2018-03-02 15:21:33:381 (信息): send airCompressor
2018-03-02 15:21:33:587 (信息): send Leak
2018-03-02 15:21:33:834 (信息): send Temperature
2018-03-02 15:21:34:035 (信息): send Temperature
2018-03-02 15:21:34:235 (信息): send Temperature
2018-03-02 15:21:34:441 (信息): send three phase
2018-03-02 15:21:34:641 (信息): send three phase
2018-03-02 15:21:34:852 (信息): send infrared
2018-03-02 15:21:35:053 (信息): send six route
2018-03-02 15:21:35:258 (信息): send single phase
2018-03-02 15:21:35:459 (信息): send single phase
2018-03-02 15:21:35:659 (信息): send single phase
2018-03-02 15:21:35:860 (信息): send single phase
2018-03-02 15:21:36:060 (信息): send single phase
2018-03-02 15:21:36:261 (信息): send single phase
2018-03-02 15:21:36:471 (信息): send Leak
2018-03-02 15:21:36:672 (信息): send Leak
2018-03-02 15:21:36:872 (信息): send Leak
2018-03-02 15:21:37:078 (信息): send Temperature
2018-03-02 15:21:37:319 (信息): send airCompressor
2018-03-02 15:21:37:524 (信息): send Leak
2018-03-02 15:21:37:734 (信息): send Temperature
2018-03-02 15:21:37:935 (信息): send Temperature
2018-03-02 15:21:38:136 (信息): send Temperature
2018-03-02 15:21:38:341 (信息): send three phase
2018-03-02 15:21:38:542 (信息): send three phase
2018-03-02 15:21:38:778 (信息): send infrared
2018-03-02 15:21:38:982 (信息): send six route
2018-03-02 15:21:39:191 (信息): send single phase
2018-03-02 15:21:39:391 (信息): send single phase
2018-03-02 15:21:39:592 (信息): send single phase
2018-03-02 15:21:39:792 (信息): send single phase
2018-03-02 15:21:39:992 (信息): send single phase
2018-03-02 15:21:40:193 (信息): send single phase
2018-03-02 15:21:40:399 (信息): send Leak
2018-03-02 15:21:40:599 (信息): send Leak
2018-03-02 15:21:40:799 (信息): send Leak
2018-03-02 15:21:41:049 (信息): send Temperature
2018-03-02 15:21:41:254 (信息): send airCompressor
2018-03-02 15:21:41:471 (信息): send Leak
2018-03-02 15:21:41:672 (信息): send Temperature
2018-03-02 15:21:41:872 (信息): send Temperature
2018-03-02 15:21:42:073 (信息): send Temperature
2018-03-02 15:21:42:278 (信息): send three phase
2018-03-02 15:21:42:479 (信息): send three phase
2018-03-02 15:21:42:722 (信息): send infrared
2018-03-02 15:21:42:923 (信息): send six route
2018-03-02 15:21:43:128 (信息): send single phase
2018-03-02 15:21:43:329 (信息): send single phase
2018-03-02 15:21:43:529 (信息): send single phase
2018-03-02 15:21:43:729 (信息): send single phase
2018-03-02 15:21:43:930 (信息): send single phase
2018-03-02 15:21:44:131 (信息): send single phase
2018-03-02 15:21:44:342 (信息): send Leak
2018-03-02 15:21:44:543 (信息): send Leak
2018-03-02 15:21:44:744 (信息): send Leak
2018-03-02 15:21:44:944 (信息): send Temperature
2018-03-02 15:21:45:148 (信息): send airCompressor
2018-03-02 15:21:45:388 (信息): send Leak
2018-03-02 15:21:45:594 (信息): send Temperature
2018-03-02 15:21:45:795 (信息): send Temperature
2018-03-02 15:21:45:995 (信息): send Temperature
2018-03-02 15:21:46:209 (信息): send three phase
2018-03-02 15:21:46:409 (信息): send three phase
2018-03-02 15:21:46:615 (信息): send infrared
2018-03-02 15:21:46:854 (信息): send six route
2018-03-02 15:21:47:065 (信息): send single phase
2018-03-02 15:21:47:266 (信息): send single phase
2018-03-02 15:21:47:467 (信息): send single phase
2018-03-02 15:21:47:667 (信息): send single phase
2018-03-02 15:21:47:868 (信息): send single phase
2018-03-02 15:21:48:068 (信息): send single phase
2018-03-02 15:21:48:281 (信息): send Leak
2018-03-02 15:21:48:482 (信息): send Leak
2018-03-02 15:21:48:683 (信息): send Leak
2018-03-02 15:21:48:887 (信息): send Temperature
2018-03-02 15:21:49:127 (信息): send airCompressor
2018-03-02 15:21:49:333 (信息): send infrared
2018-03-02 15:21:49:553 (信息): send Leak
2018-03-02 15:21:49:755 (信息): send Temperature
2018-03-02 15:21:49:956 (信息): send Temperature
2018-03-02 15:21:50:156 (信息): send Temperature
2018-03-02 15:21:50:359 (信息): send three phase
2018-03-02 15:21:50:559 (信息): send three phase
2018-03-02 15:21:50:814 (信息): send six route
2018-03-02 15:21:51:021 (信息): send single phase
2018-03-02 15:21:51:222 (信息): send single phase
2018-03-02 15:21:51:423 (信息): send single phase
2018-03-02 15:21:51:624 (信息): send single phase
2018-03-02 15:21:51:825 (信息): send single phase
2018-03-02 15:21:52:026 (信息): send single phase
2018-03-02 15:21:52:242 (信息): send Leak
2018-03-02 15:21:52:443 (信息): send Leak
2018-03-02 15:21:52:644 (信息): send Leak
2018-03-02 15:21:52:849 (信息): send Temperature
2018-03-02 15:21:53:097 (信息): send airCompressor
2018-03-02 15:21:53:300 (信息): send infrared
2018-03-02 15:21:53:503 (信息): send Leak
2018-03-02 15:21:53:715 (信息): send Temperature
2018-03-02 15:21:53:916 (信息): send Temperature
2018-03-02 15:21:54:117 (信息): send Temperature
2018-03-02 15:21:54:327 (信息): send three phase
2018-03-02 15:21:54:528 (信息): send three phase
2018-03-02 15:21:54:788 (信息): send six route
2018-03-02 15:21:55:009 (信息): send single phase
2018-03-02 15:21:55:210 (信息): send single phase
2018-03-02 15:21:55:410 (信息): send single phase
2018-03-02 15:21:55:611 (信息): send single phase
2018-03-02 15:21:55:812 (信息): send single phase
2018-03-02 15:21:56:012 (信息): send single phase
2018-03-02 15:21:57:870 (信息): send Leak
2018-03-02 15:21:58:071 (信息): send Leak
2018-03-02 15:21:58:271 (信息): send Leak
2018-03-02 15:21:58:476 (信息): send Temperature
2018-03-02 15:21:58:704 (信息): send airCompressor
2018-03-02 15:21:58:910 (信息): send infrared
2018-03-02 15:21:59:134 (信息): send Leak
2018-03-02 15:22:01:145 (信息): send infrared
2018-03-02 15:22:02:059 (信息): send infrared
2018-03-02 15:22:03:342 (信息): send infrared
2018-03-02 15:22:04:267 (信息): send infrared
2018-03-02 15:22:06:471 (信息): send infrared
2018-03-02 15:22:08:670 (信息): send infrared
2018-03-02 15:22:10:872 (信息): send infrared
2018-03-02 15:22:13:077 (信息): send infrared
2018-03-02 15:22:15:281 (信息): send infrared
2018-03-02 15:22:19:529 (信息): send infrared
2018-03-02 15:22:21:733 (信息): send infrared
2018-03-02 15:22:23:932 (信息): send infrared
2018-03-02 15:22:26:121 (信息): send infrared
2018-03-02 15:22:28:328 (信息): send infrared
2018-03-02 15:22:30:527 (信息): send infrared
2018-03-02 15:22:32:282 (信息): send infrared
2018-03-02 15:22:32:721 (信息): send infrared
2018-03-02 15:22:34:480 (信息): send infrared
2018-03-02 15:22:36:682 (信息): send infrared
2018-03-02 15:22:38:871 (信息): send infrared
2018-03-02 15:22:41:077 (信息): send infrared
2018-03-02 15:22:43:284 (信息): send infrared
2018-03-02 15:22:45:482 (信息): send infrared
2018-03-02 15:22:49:736 (信息): send infrared
2018-03-02 15:22:51:932 (信息): send infrared
2018-03-02 15:22:54:122 (信息): send infrared
2018-03-02 15:22:56:322 (信息): send infrared
2018-03-02 15:22:58:515 (信息): send infrared
2018-03-02 15:23:00:714 (信息): send infrared
2018-03-02 15:23:02:480 (信息): send infrared
2018-03-02 15:23:02:899 (信息): send infrared
2018-03-02 15:23:04:668 (信息): send infrared
2018-03-02 15:23:06:869 (信息): send infrared
2018-03-02 15:23:09:058 (信息): send infrared
2018-03-02 15:23:11:264 (信息): send infrared
2018-03-02 15:23:13:462 (信息): send infrared
2018-03-02 15:23:15:657 (信息): send infrared
2018-03-02 15:23:19:931 (信息): send infrared
2018-03-02 15:23:22:119 (信息): send infrared
2018-03-02 15:23:24:307 (信息): send infrared
2018-03-02 15:23:26:494 (信息): send infrared
2018-03-02 15:23:28:683 (信息): send infrared
2018-03-02 15:23:30:891 (信息): send infrared
2018-03-02 15:23:32:667 (信息): send infrared
2018-03-02 15:23:33:096 (信息): send infrared
2018-03-02 15:23:34:869 (信息): send infrared
2018-03-02 15:23:37:057 (信息): send infrared
2018-03-02 15:23:39:246 (信息): send infrared
2018-03-02 15:23:41:446 (信息): send infrared
2018-03-02 15:23:43:634 (信息): send infrared
2018-03-02 15:23:45:827 (信息): send infrared
2018-03-02 15:23:50:119 (信息): send infrared
2018-03-02 15:23:52:307 (信息): send infrared
2018-03-02 15:23:54:327 (信息): send Temperature
2018-03-02 15:23:54:528 (信息): send Temperature
2018-03-02 15:23:54:728 (信息): send Temperature
2018-03-02 15:23:54:977 (信息): send infrared
2018-03-02 15:23:56:826 (信息): send three phase
2018-03-02 15:23:57:028 (信息): send three phase
2018-03-02 15:23:57:229 (信息): send six route
2018-03-02 15:23:57:435 (信息): send single phase
2018-03-02 15:23:57:635 (信息): send single phase
2018-03-02 15:23:57:836 (信息): send single phase
2018-03-02 15:23:58:036 (信息): send single phase
2018-03-02 15:23:58:237 (信息): send single phase
2018-03-02 15:23:58:437 (信息): send single phase
2018-03-02 15:23:58:677 (信息): send Temperature
2018-03-02 15:23:58:878 (信息): send Temperature
2018-03-02 15:23:59:078 (信息): send Temperature
2018-03-02 15:23:59:279 (信息): send infrared
2018-03-02 15:23:59:482 (信息): send Leak
2018-03-02 15:23:59:683 (信息): send Leak
2018-03-02 15:23:59:884 (信息): send Leak
2018-03-02 15:24:00:094 (信息): send Temperature
2018-03-02 15:24:00:295 (信息): send airCompressor
2018-03-02 15:24:00:501 (信息): send three phase
2018-03-02 15:24:00:702 (信息): send three phase
2018-03-02 15:24:00:940 (信息): send Leak
2018-03-02 15:24:01:147 (信息): send six route
2018-03-02 15:24:01:360 (信息): send single phase
2018-03-02 15:24:01:561 (信息): send single phase
2018-03-02 15:24:01:761 (信息): send single phase
2018-03-02 15:24:01:961 (信息): send single phase
2018-03-02 15:24:02:162 (信息): send single phase
2018-03-02 15:24:02:363 (信息): send single phase
2018-03-02 15:24:02:565 (信息): send Temperature
2018-03-02 15:24:02:766 (信息): send Temperature
2018-03-02 15:24:02:966 (信息): send Temperature
2018-03-02 15:24:03:167 (信息): send infrared
2018-03-02 15:24:03:409 (信息): send Leak
2018-03-02 15:24:03:611 (信息): send Leak
2018-03-02 15:24:03:811 (信息): send Leak
2018-03-02 15:24:04:023 (信息): send Temperature
2018-03-02 15:24:04:223 (信息): send airCompressor
2018-03-02 15:24:04:427 (信息): send infrared
2018-03-02 15:24:04:667 (信息): send three phase
2018-03-02 15:24:04:868 (信息): send three phase
2018-03-02 15:24:05:068 (信息): send Leak
2018-03-02 15:24:05:272 (信息): send six route
2018-03-02 15:24:05:483 (信息): send single phase
2018-03-02 15:24:05:684 (信息): send single phase
2018-03-02 15:24:05:884 (信息): send single phase
2018-03-02 15:24:06:084 (信息): send single phase
2018-03-02 15:24:06:285 (信息): send single phase
2018-03-02 15:24:06:486 (信息): send single phase
2018-03-02 15:24:06:690 (信息): send Temperature
2018-03-02 15:24:06:890 (信息): send Temperature
2018-03-02 15:24:07:091 (信息): send Temperature
2018-03-02 15:24:07:337 (信息): send Leak
2018-03-02 15:24:07:538 (信息): send Leak
2018-03-02 15:24:07:740 (信息): send Leak
2018-03-02 15:24:07:952 (信息): send Temperature
2018-03-02 15:24:08:154 (信息): send airCompressor
2018-03-02 15:24:08:356 (信息): send infrared
2018-03-02 15:24:08:559 (信息): send three phase
2018-03-02 15:24:08:761 (信息): send three phase
2018-03-02 15:24:09:004 (信息): send Leak
2018-03-02 15:24:09:210 (信息): send six route
2018-03-02 15:24:09:421 (信息): send single phase
2018-03-02 15:24:09:622 (信息): send single phase
2018-03-02 15:24:09:823 (信息): send single phase
2018-03-02 15:24:10:024 (信息): send single phase
2018-03-02 15:24:10:224 (信息): send single phase
2018-03-02 15:24:10:425 (信息): send single phase
2018-03-02 15:24:10:630 (信息): send Temperature
2018-03-02 15:24:10:831 (信息): send Temperature
2018-03-02 15:24:11:031 (信息): send Temperature
2018-03-02 15:24:11:273 (信息): send Leak
2018-03-02 15:24:11:474 (信息): send Leak
2018-03-02 15:24:11:675 (信息): send Leak
2018-03-02 15:24:11:876 (信息): send Temperature
2018-03-02 15:24:12:088 (信息): send airCompressor
2018-03-02 15:24:12:288 (信息): send infrared
2018-03-02 15:24:12:494 (信息): send three phase
2018-03-02 15:24:12:695 (信息): send three phase
2018-03-02 15:24:12:933 (信息): send Leak
2018-03-02 15:24:13:135 (信息): send six route
2018-03-02 15:24:13:342 (信息): send single phase
2018-03-02 15:24:13:544 (信息): send single phase
2018-03-02 15:24:13:744 (信息): send single phase
2018-03-02 15:24:13:945 (信息): send single phase
2018-03-02 15:24:14:146 (信息): send single phase
2018-03-02 15:24:14:347 (信息): send single phase
2018-03-02 15:24:14:559 (信息): send Temperature
2018-03-02 15:24:14:760 (信息): send Temperature
2018-03-02 15:24:14:960 (信息): send Temperature
2018-03-02 15:24:15:165 (信息): send Leak
2018-03-02 15:24:15:366 (信息): send Leak
2018-03-02 15:24:15:566 (信息): send Leak
2018-03-02 15:24:15:805 (信息): send Temperature
2018-03-02 15:24:16:007 (信息): send airCompressor
2018-03-02 15:24:16:212 (信息): send infrared
2018-03-02 15:24:16:423 (信息): send three phase
2018-03-02 15:24:16:624 (信息): send three phase
2018-03-02 15:24:16:825 (信息): send Leak
2018-03-02 15:24:17:030 (信息): send six route
2018-03-02 15:24:17:246 (信息): send single phase
2018-03-02 15:24:17:447 (信息): send single phase
2018-03-02 15:24:17:647 (信息): send single phase
2018-03-02 15:24:17:848 (信息): send single phase
2018-03-02 15:24:18:049 (信息): send single phase
2018-03-02 15:24:18:249 (信息): send single phase
2018-03-02 15:24:18:455 (信息): send Temperature
2018-03-02 15:24:18:655 (信息): send Temperature
2018-03-02 15:24:18:856 (信息): send Temperature
2018-03-02 15:24:19:092 (信息): send Leak
2018-03-02 15:24:19:292 (信息): send Leak
2018-03-02 15:24:19:492 (信息): send Leak
2018-03-02 15:24:19:700 (信息): send Temperature
2018-03-02 15:24:19:900 (信息): send airCompressor
2018-03-02 15:24:20:104 (信息): send infrared
2018-03-02 15:24:20:340 (信息): send three phase
2018-03-02 15:24:20:541 (信息): send three phase
2018-03-02 15:24:20:741 (信息): send Leak
2018-03-02 15:24:20:946 (信息): send six route
2018-03-02 15:24:21:225 (信息): send single phase
2018-03-02 15:24:21:426 (信息): send single phase
2018-03-02 15:24:21:626 (信息): send single phase
2018-03-02 15:24:21:826 (信息): send single phase
2018-03-02 15:24:22:027 (信息): send single phase
2018-03-02 15:24:22:228 (信息): send single phase
2018-03-02 15:24:22:428 (信息): send Temperature
2018-03-02 15:24:22:629 (信息): send Temperature
2018-03-02 15:24:22:829 (信息): send Temperature
2018-03-02 15:24:23:031 (信息): send Leak
2018-03-02 15:24:23:231 (信息): send Leak
2018-03-02 15:24:23:432 (信息): send Leak
2018-03-02 15:24:23:639 (信息): send Temperature
2018-03-02 15:24:23:844 (信息): send airCompressor
2018-03-02 15:24:24:083 (信息): send infrared
2018-03-02 15:24:24:288 (信息): send three phase
2018-03-02 15:24:24:490 (信息): send three phase
2018-03-02 15:24:24:698 (信息): send Leak
2018-03-02 15:24:24:898 (信息): send six route
2018-03-02 15:24:25:103 (信息): send single phase
2018-03-02 15:24:25:304 (信息): send single phase
2018-03-02 15:24:25:504 (信息): send single phase
2018-03-02 15:24:25:705 (信息): send single phase
2018-03-02 15:24:25:905 (信息): send single phase
2018-03-02 15:24:26:105 (信息): send single phase
2018-03-02 15:24:26:368 (信息): send Leak
2018-03-02 15:24:26:569 (信息): send Leak
2018-03-02 15:24:26:769 (信息): send Leak
2018-03-02 15:24:26:981 (信息): send Temperature
2018-03-02 15:24:27:181 (信息): send airCompressor
2018-03-02 15:24:27:384 (信息): send infrared
2018-03-02 15:24:27:589 (信息): send three phase
2018-03-02 15:24:27:789 (信息): send three phase
2018-03-02 15:24:28:029 (信息): send Leak
2018-03-02 15:24:28:230 (信息): send six route
2018-03-02 15:24:28:453 (信息): send single phase
2018-03-02 15:24:28:654 (信息): send single phase
2018-03-02 15:24:28:855 (信息): send single phase
2018-03-02 15:24:29:055 (信息): send single phase
2018-03-02 15:24:29:256 (信息): send single phase
2018-03-02 15:24:29:457 (信息): send single phase
2018-03-02 15:24:29:660 (信息): send Leak
2018-03-02 15:24:29:860 (信息): send Leak
2018-03-02 15:24:30:061 (信息): send Leak
2018-03-02 15:24:30:297 (信息): send Temperature
2018-03-02 15:24:30:500 (信息): send airCompressor
2018-03-02 15:24:30:708 (信息): send infrared
2018-03-02 15:24:30:912 (信息): send Leak
2018-03-02 15:24:32:948 (信息): send infrared
2018-03-02 15:24:35:143 (信息): send infrared
2018-03-02 15:24:36:174 (信息): send infrared
2018-03-02 15:24:37:340 (信息): send infrared
2018-03-02 15:24:38:372 (信息): send infrared
2018-03-02 15:24:40:573 (信息): send infrared
2018-03-02 15:24:42:764 (信息): send infrared
2018-03-02 15:24:44:965 (信息): send infrared
2018-03-02 15:24:47:168 (信息): send infrared
2018-03-02 15:24:49:371 (信息): send infrared
2018-03-02 15:24:54:283 (信息): send infrared
2018-03-02 15:24:56:480 (信息): send infrared
2018-03-02 15:24:58:680 (信息): send infrared
2018-03-02 15:25:00:871 (信息): send infrared
2018-03-02 15:25:03:073 (信息): send infrared
2018-03-02 15:25:05:264 (信息): send infrared
2018-03-02 15:25:06:370 (信息): send infrared
2018-03-02 15:25:07:471 (信息): send infrared
2018-03-02 15:25:08:556 (信息): send infrared
2018-03-02 15:25:10:747 (信息): send infrared
2018-03-02 15:25:12:952 (信息): send infrared
2018-03-02 15:25:15:153 (信息): send infrared
2018-03-02 15:25:17:355 (信息): send infrared
2018-03-02 15:25:19:556 (信息): send infrared
2018-03-02 15:25:24:480 (信息): send infrared
2018-03-02 15:25:26:666 (信息): send infrared
2018-03-02 15:25:28:858 (信息): send infrared
2018-03-02 15:25:31:057 (信息): send infrared
2018-03-02 15:25:33:245 (信息): send infrared
2018-03-02 15:25:35:452 (信息): send infrared
2018-03-02 15:25:36:579 (信息): send infrared
2018-03-02 15:25:37:653 (信息): send infrared
2018-03-02 15:25:38:776 (信息): send infrared
2018-03-02 15:25:40:969 (信息): send infrared
2018-03-02 15:25:43:167 (信息): send infrared
2018-03-02 15:25:45:369 (信息): send infrared
2018-03-02 15:25:47:555 (信息): send infrared
2018-03-02 15:25:49:745 (信息): send infrared
2018-03-02 15:25:56:324 (信息): send infrared
2018-03-02 15:25:58:532 (信息): send infrared
2018-03-02 15:26:00:733 (信息): send infrared
2018-03-02 15:26:02:932 (信息): send infrared
2018-03-02 15:26:05:118 (信息): send infrared
2018-03-02 15:26:06:782 (信息): send infrared
2018-03-02 15:26:07:308 (信息): send infrared
2018-03-02 15:26:08:982 (信息): send infrared
2018-03-02 15:26:09:495 (信息): send infrared
2018-03-02 15:26:11:182 (信息): send infrared
2018-03-02 15:26:13:372 (信息): send infrared
2018-03-02 15:26:15:579 (信息): send infrared
2018-03-02 15:26:17:775 (信息): send infrared
2018-03-02 15:26:19:970 (信息): send infrared
2018-03-02 15:26:26:356 (信息): send Temperature
2018-03-02 15:26:26:557 (信息): send Temperature
2018-03-02 15:26:26:758 (信息): send Temperature
2018-03-02 15:26:27:006 (信息): send infrared
2018-03-02 15:26:28:434 (信息): send three phase
2018-03-02 15:26:28:634 (信息): send three phase
2018-03-02 15:26:28:884 (信息): send six route
2018-03-02 15:26:29:090 (信息): send Temperature
2018-03-02 15:26:29:291 (信息): send Temperature
2018-03-02 15:26:29:491 (信息): send Temperature
2018-03-02 15:26:29:699 (信息): send infrared
2018-03-02 15:26:29:906 (信息): send single phase
2018-03-02 15:26:30:106 (信息): send single phase
2018-03-02 15:26:30:307 (信息): send single phase
2018-03-02 15:26:30:508 (信息): send single phase
2018-03-02 15:26:30:708 (信息): send single phase
2018-03-02 15:26:30:909 (信息): send single phase
2018-03-02 15:26:31:145 (信息): send three phase
2018-03-02 15:26:31:346 (信息): send three phase
2018-03-02 15:26:31:553 (信息): send Leak
2018-03-02 15:26:31:754 (信息): send Leak
2018-03-02 15:26:31:954 (信息): send Leak
2018-03-02 15:26:32:155 (信息): send six route
2018-03-02 15:26:32:359 (信息): send airCompressor
2018-03-02 15:26:32:598 (信息): send Temperature
2018-03-02 15:26:32:799 (信息): send Leak
2018-03-02 15:26:33:004 (信息): send Temperature
2018-03-02 15:26:33:205 (信息): send Temperature
2018-03-02 15:26:33:406 (信息): send Temperature
2018-03-02 15:26:33:620 (信息): send infrared
2018-03-02 15:26:33:820 (信息): send single phase
2018-03-02 15:26:34:020 (信息): send single phase
2018-03-02 15:26:34:221 (信息): send single phase
2018-03-02 15:26:34:421 (信息): send single phase
2018-03-02 15:26:34:621 (信息): send single phase
2018-03-02 15:26:34:821 (信息): send single phase
2018-03-02 15:26:35:026 (信息): send three phase
2018-03-02 15:26:35:227 (信息): send three phase
2018-03-02 15:26:35:467 (信息): send Leak
2018-03-02 15:26:35:668 (信息): send Leak
2018-03-02 15:26:35:868 (信息): send Leak
2018-03-02 15:26:36:082 (信息): send six route
2018-03-02 15:26:36:283 (信息): send airCompressor
2018-03-02 15:26:36:488 (信息): send Temperature
2018-03-02 15:26:36:727 (信息): send Leak
2018-03-02 15:26:36:934 (信息): send Temperature
2018-03-02 15:26:37:135 (信息): send Temperature
2018-03-02 15:26:37:335 (信息): send Temperature
2018-03-02 15:26:37:546 (信息): send infrared
2018-03-02 15:26:37:746 (信息): send infrared
2018-03-02 15:26:37:949 (信息): send single phase
2018-03-02 15:26:38:149 (信息): send single phase
2018-03-02 15:26:38:350 (信息): send single phase
2018-03-02 15:26:38:550 (信息): send single phase
2018-03-02 15:26:38:750 (信息): send single phase
2018-03-02 15:26:38:951 (信息): send single phase
2018-03-02 15:26:39:153 (信息): send three phase
2018-03-02 15:26:39:354 (信息): send three phase
2018-03-02 15:26:39:588 (信息): send Leak
2018-03-02 15:26:39:789 (信息): send Leak
2018-03-02 15:26:39:989 (信息): send Leak
2018-03-02 15:26:40:195 (信息): send six route
2018-03-02 15:26:40:406 (信息): send airCompressor
2018-03-02 15:26:40:608 (信息): send Temperature
2018-03-02 15:26:40:812 (信息): send Leak
2018-03-02 15:26:41:052 (信息): send Temperature
2018-03-02 15:26:41:253 (信息): send Temperature
2018-03-02 15:26:41:454 (信息): send Temperature
2018-03-02 15:26:41:655 (信息): send infrared
2018-03-02 15:26:41:861 (信息): send infrared
2018-03-02 15:26:42:074 (信息): send single phase
2018-03-02 15:26:42:276 (信息): send single phase
2018-03-02 15:26:42:476 (信息): send single phase
2018-03-02 15:26:42:677 (信息): send single phase
2018-03-02 15:26:42:877 (信息): send single phase
2018-03-02 15:26:43:078 (信息): send single phase
2018-03-02 15:26:43:283 (信息): send three phase
2018-03-02 15:26:43:484 (信息): send three phase
2018-03-02 15:26:43:726 (信息): send Leak
2018-03-02 15:26:43:927 (信息): send Leak
2018-03-02 15:26:44:128 (信息): send Leak
2018-03-02 15:26:44:344 (信息): send six route
2018-03-02 15:26:44:552 (信息): send airCompressor
2018-03-02 15:26:44:791 (信息): send Temperature
2018-03-02 15:26:44:995 (信息): send Leak
2018-03-02 15:26:45:197 (信息): send Temperature
2018-03-02 15:26:45:399 (信息): send Temperature
2018-03-02 15:26:45:599 (信息): send Temperature
2018-03-02 15:26:45:815 (信息): send infrared
2018-03-02 15:26:46:021 (信息): send single phase
2018-03-02 15:26:46:222 (信息): send single phase
2018-03-02 15:26:46:422 (信息): send single phase
2018-03-02 15:26:46:623 (信息): send single phase
2018-03-02 15:26:46:823 (信息): send single phase
2018-03-02 15:26:47:024 (信息): send single phase
2018-03-02 15:26:47:237 (信息): send three phase
2018-03-02 15:26:47:437 (信息): send three phase
2018-03-02 15:26:47:640 (信息): send Leak
2018-03-02 15:26:47:842 (信息): send Leak
2018-03-02 15:26:48:042 (信息): send Leak
2018-03-02 15:26:48:282 (信息): send six route
2018-03-02 15:26:48:488 (信息): send airCompressor
2018-03-02 15:26:48:695 (信息): send Temperature
2018-03-02 15:26:48:896 (信息): send Leak
2018-03-02 15:26:49:102 (信息): send Temperature
2018-03-02 15:26:49:303 (信息): send Temperature
2018-03-02 15:26:49:504 (信息): send Temperature
2018-03-02 15:26:49:754 (信息): send infrared
2018-03-02 15:26:49:956 (信息): send single phase
2018-03-02 15:26:50:157 (信息): send single phase
2018-03-02 15:26:50:358 (信息): send single phase
2018-03-02 15:26:50:558 (信息): send single phase
2018-03-02 15:26:50:758 (信息): send single phase
2018-03-02 15:26:50:959 (信息): send single phase
2018-03-02 15:26:51:170 (信息): send three phase
2018-03-02 15:26:51:370 (信息): send three phase
2018-03-02 15:26:51:575 (信息): send Leak
2018-03-02 15:26:51:776 (信息): send Leak
2018-03-02 15:26:51:976 (信息): send Leak
2018-03-02 15:26:52:229 (信息): send six route
2018-03-02 15:26:52:433 (信息): send airCompressor
2018-03-02 15:26:52:643 (信息): send Temperature
2018-03-02 15:26:52:844 (信息): send Leak
2018-03-02 15:26:53:051 (信息): send Temperature
2018-03-02 15:26:53:252 (信息): send Temperature
2018-03-02 15:26:53:452 (信息): send Temperature
2018-03-02 15:26:53:707 (信息): send infrared
2018-03-02 15:26:53:930 (信息): send single phase
2018-03-02 15:26:54:131 (信息): send single phase
2018-03-02 15:26:54:331 (信息): send single phase
2018-03-02 15:26:54:531 (信息): send single phase
2018-03-02 15:26:54:732 (信息): send single phase
2018-03-02 15:26:54:932 (信息): send single phase
2018-03-02 15:26:55:138 (信息): send three phase
2018-03-02 15:26:55:338 (信息): send three phase
2018-03-02 15:26:55:587 (信息): send Leak
2018-03-02 15:26:55:788 (信息): send Leak
2018-03-02 15:26:55:988 (信息): send Leak
2018-03-02 15:26:56:193 (信息): send six route
2018-03-02 15:26:56:404 (信息): send airCompressor
2018-03-02 15:26:58:323 (信息): send Temperature
2018-03-02 15:26:58:526 (信息): send Leak
2018-03-02 15:26:58:738 (信息): send Temperature
2018-03-02 15:26:58:938 (信息): send Temperature
2018-03-02 15:26:59:139 (信息): send Temperature
2018-03-02 15:26:59:399 (信息): send single phase
2018-03-02 15:26:59:600 (信息): send single phase
2018-03-02 15:26:59:801 (信息): send single phase
2018-03-02 15:27:00:002 (信息): send single phase
2018-03-02 15:27:00:202 (信息): send single phase
2018-03-02 15:27:00:403 (信息): send single phase
2018-03-02 15:27:00:606 (信息): send three phase
2018-03-02 15:27:00:806 (信息): send three phase
2018-03-02 15:27:01:010 (信息): send Leak
2018-03-02 15:27:01:210 (信息): send Leak
2018-03-02 15:27:01:412 (信息): send Leak
2018-03-02 15:27:01:624 (信息): send six route
2018-03-02 15:27:01:825 (信息): send airCompressor
2018-03-02 15:27:02:049 (信息): send infrared
2018-03-02 15:27:02:256 (信息): send Temperature
2018-03-02 15:27:02:498 (信息): send Leak
2018-03-02 15:27:04:244 (信息): send infrared
2018-03-02 15:27:06:447 (信息): send infrared
2018-03-02 15:27:08:641 (信息): send infrared
2018-03-02 15:27:08:920 (信息): send infrared
2018-03-02 15:27:10:837 (信息): send infrared
2018-03-02 15:27:11:122 (信息): send infrared
2018-03-02 15:27:13:035 (信息): send infrared
2018-03-02 15:27:13:327 (信息): send infrared
2018-03-02 15:27:15:234 (信息): send infrared
2018-03-02 15:27:15:525 (信息): send infrared
2018-03-02 15:27:17:720 (信息): send infrared
2018-03-02 15:27:19:916 (信息): send infrared
2018-03-02 15:27:22:106 (信息): send infrared
2018-03-02 15:27:32:245 (信息): send infrared
2018-03-02 15:27:34:431 (信息): send infrared
2018-03-02 15:27:36:621 (信息): send infrared
2018-03-02 15:27:38:829 (信息): send infrared
2018-03-02 15:27:39:140 (信息): send infrared
2018-03-02 15:27:41:025 (信息): send infrared
2018-03-02 15:27:41:344 (信息): send infrared
2018-03-02 15:27:43:219 (信息): send infrared
2018-03-02 15:27:43:541 (信息): send infrared
2018-03-02 15:27:45:420 (信息): send infrared
2018-03-02 15:27:45:731 (信息): send infrared
2018-03-02 15:27:47:932 (信息): send infrared
2018-03-02 15:27:50:120 (信息): send infrared
2018-03-02 15:27:52:328 (信息): send infrared
2018-03-02 15:28:02:434 (信息): send infrared
2018-03-02 15:28:04:641 (信息): send infrared
2018-03-02 15:28:06:844 (信息): send infrared
2018-03-02 15:28:09:047 (信息): send infrared
2018-03-02 15:28:09:339 (信息): send infrared
2018-03-02 15:28:11:244 (信息): send infrared
2018-03-02 15:28:11:544 (信息): send infrared
2018-03-02 15:28:13:433 (信息): send infrared
2018-03-02 15:28:13:744 (信息): send infrared
2018-03-02 15:28:15:637 (信息): send infrared
2018-03-02 15:28:15:933 (信息): send infrared
2018-03-02 15:28:18:139 (信息): send infrared
2018-03-02 15:28:20:343 (信息): send infrared
2018-03-02 15:28:22:546 (信息): send infrared
2018-03-02 15:28:32:657 (信息): send infrared
2018-03-02 15:28:34:857 (信息): send infrared
2018-03-02 15:28:37:057 (信息): send infrared
2018-03-02 15:28:39:266 (信息): send infrared
2018-03-02 15:28:39:546 (信息): send infrared
2018-03-02 15:28:41:464 (信息): send infrared
2018-03-02 15:28:41:746 (信息): send infrared
2018-03-02 15:28:43:672 (信息): send infrared
2018-03-02 15:28:43:947 (信息): send infrared
2018-03-02 15:28:45:869 (信息): send infrared
2018-03-02 15:28:46:139 (信息): send infrared
2018-03-02 15:28:48:337 (信息): send infrared
2018-03-02 15:28:50:533 (信息): send infrared
2018-03-02 15:28:52:731 (信息): send infrared
2018-03-02 15:28:59:356 (信息): send Temperature
2018-03-02 15:28:59:558 (信息): send Temperature
2018-03-02 15:28:59:758 (信息): send Temperature
2018-03-02 15:29:01:949 (信息): send Temperature
2018-03-02 15:29:02:149 (信息): send Temperature
2018-03-02 15:29:02:350 (信息): send Temperature
2018-03-02 15:29:02:600 (信息): send three phase
2018-03-02 15:29:02:801 (信息): send three phase
2018-03-02 15:29:03:007 (信息): send six route
2018-03-02 15:29:03:233 (信息): send Leak
2018-03-02 15:29:03:434 (信息): send Leak
2018-03-02 15:29:03:635 (信息): send Leak
2018-03-02 15:29:03:873 (信息): send single phase
2018-03-02 15:29:04:075 (信息): send single phase
2018-03-02 15:29:04:276 (信息): send single phase
2018-03-02 15:29:04:477 (信息): send single phase
2018-03-02 15:29:04:677 (信息): send single phase
2018-03-02 15:29:04:878 (信息): send single phase
2018-03-02 15:29:05:079 (信息): send airCompressor
2018-03-02 15:29:05:282 (信息): send Temperature
2018-03-02 15:29:05:501 (信息): send infrared
2018-03-02 15:29:05:703 (信息): send Leak
2018-03-02 15:29:05:909 (信息): send Temperature
2018-03-02 15:29:06:110 (信息): send Temperature
2018-03-02 15:29:06:310 (信息): send Temperature
2018-03-02 15:29:06:564 (信息): send three phase
2018-03-02 15:29:06:765 (信息): send three phase
2018-03-02 15:29:06:966 (信息): send six route
2018-03-02 15:29:07:169 (信息): send Leak
2018-03-02 15:29:07:370 (信息): send Leak
2018-03-02 15:29:07:570 (信息): send Leak
2018-03-02 15:29:07:773 (信息): send single phase
2018-03-02 15:29:07:975 (信息): send single phase
2018-03-02 15:29:08:175 (信息): send single phase
2018-03-02 15:29:08:376 (信息): send single phase
2018-03-02 15:29:08:576 (信息): send single phase
2018-03-02 15:29:08:777 (信息): send single phase
2018-03-02 15:29:08:999 (信息): send airCompressor
2018-03-02 15:29:09:203 (信息): send Temperature
2018-03-02 15:29:09:445 (信息): send infrared
2018-03-02 15:29:09:651 (信息): send Leak
2018-03-02 15:29:09:866 (信息): send Temperature
2018-03-02 15:29:10:068 (信息): send Temperature
2018-03-02 15:29:10:268 (信息): send Temperature
2018-03-02 15:29:10:472 (信息): send three phase
2018-03-02 15:29:10:673 (信息): send three phase
2018-03-02 15:29:10:876 (信息): send six route
2018-03-02 15:29:11:128 (信息): send Leak
2018-03-02 15:29:11:329 (信息): send Leak
2018-03-02 15:29:11:529 (信息): send Leak
2018-03-02 15:29:11:735 (信息): send single phase
2018-03-02 15:29:11:936 (信息): send single phase
2018-03-02 15:29:12:136 (信息): send single phase
2018-03-02 15:29:12:336 (信息): send single phase
2018-03-02 15:29:12:537 (信息): send single phase
2018-03-02 15:29:12:737 (信息): send single phase
2018-03-02 15:29:12:949 (信息): send airCompressor
2018-03-02 15:29:13:150 (信息): send infrared
2018-03-02 15:29:13:354 (信息): send Temperature
2018-03-02 15:29:13:606 (信息): send infrared
2018-03-02 15:29:13:811 (信息): send Leak
2018-03-02 15:29:14:024 (信息): send Temperature
2018-03-02 15:29:14:224 (信息): send Temperature
2018-03-02 15:29:14:425 (信息): send Temperature
2018-03-02 15:29:14:630 (信息): send three phase
2018-03-02 15:29:14:831 (信息): send three phase
2018-03-02 15:29:15:069 (信息): send six route
2018-03-02 15:29:15:269 (信息): send Leak
2018-03-02 15:29:15:470 (信息): send Leak
2018-03-02 15:29:15:671 (信息): send Leak
2018-03-02 15:29:15:873 (信息): send single phase
2018-03-02 15:29:16:075 (信息): send single phase
2018-03-02 15:29:16:275 (信息): send single phase
2018-03-02 15:29:16:476 (信息): send single phase
2018-03-02 15:29:16:677 (信息): send single phase
2018-03-02 15:29:16:877 (信息): send single phase
2018-03-02 15:29:17:080 (信息): send airCompressor
2018-03-02 15:29:17:291 (信息): send infrared
2018-03-02 15:29:17:500 (信息): send Temperature
2018-03-02 15:29:17:740 (信息): send infrared
2018-03-02 15:29:17:946 (信息): send Leak
2018-03-02 15:29:18:160 (信息): send Temperature
2018-03-02 15:29:18:361 (信息): send Temperature
2018-03-02 15:29:18:561 (信息): send Temperature
2018-03-02 15:29:18:762 (信息): send three phase
2018-03-02 15:29:18:962 (信息): send three phase
2018-03-02 15:29:19:168 (信息): send six route
2018-03-02 15:29:19:380 (信息): send Leak
2018-03-02 15:29:19:580 (信息): send Leak
2018-03-02 15:29:19:781 (信息): send Leak
2018-03-02 15:29:19:987 (信息): send single phase
2018-03-02 15:29:20:188 (信息): send single phase
2018-03-02 15:29:20:388 (信息): send single phase
2018-03-02 15:29:20:588 (信息): send single phase
2018-03-02 15:29:20:789 (信息): send single phase
2018-03-02 15:29:20:990 (信息): send single phase
2018-03-02 15:29:21:229 (信息): send airCompressor
2018-03-02 15:29:21:430 (信息): send infrared
2018-03-02 15:29:21:636 (信息): send Temperature
2018-03-02 15:29:21:849 (信息): send infrared
2018-03-02 15:29:22:050 (信息): send Leak
2018-03-02 15:29:22:258 (信息): send Temperature
2018-03-02 15:29:22:459 (信息): send Temperature
2018-03-02 15:29:22:659 (信息): send Temperature
2018-03-02 15:29:22:900 (信息): send three phase
2018-03-02 15:29:23:101 (信息): send three phase
2018-03-02 15:29:23:306 (信息): send six route
2018-03-02 15:29:23:518 (信息): send Leak
2018-03-02 15:29:23:719 (信息): send Leak
2018-03-02 15:29:23:919 (信息): send Leak
2018-03-02 15:29:24:124 (信息): send single phase
2018-03-02 15:29:24:325 (信息): send single phase
2018-03-02 15:29:24:526 (信息): send single phase
2018-03-02 15:29:24:726 (信息): send single phase
2018-03-02 15:29:24:926 (信息): send single phase
2018-03-02 15:29:25:127 (信息): send single phase
2018-03-02 15:29:25:360 (信息): send airCompressor
2018-03-02 15:29:25:561 (信息): send infrared
2018-03-02 15:29:25:762 (信息): send Temperature
2018-03-02 15:29:25:967 (信息): send Leak
2018-03-02 15:29:26:179 (信息): send Temperature
2018-03-02 15:29:26:380 (信息): send Temperature
2018-03-02 15:29:26:580 (信息): send Temperature
2018-03-02 15:29:26:785 (信息): send three phase
2018-03-02 15:29:26:987 (信息): send three phase
2018-03-02 15:29:27:229 (信息): send six route
2018-03-02 15:29:27:430 (信息): send Leak
2018-03-02 15:29:27:631 (信息): send Leak
2018-03-02 15:29:27:832 (信息): send Leak
2018-03-02 15:29:28:037 (信息): send single phase
2018-03-02 15:29:28:238 (信息): send single phase
2018-03-02 15:29:28:439 (信息): send single phase
2018-03-02 15:29:28:639 (信息): send single phase
2018-03-02 15:29:28:840 (信息): send single phase
2018-03-02 15:29:29:040 (信息): send single phase
2018-03-02 15:29:29:253 (信息): send airCompressor
2018-03-02 15:29:29:454 (信息): send infrared
2018-03-02 15:29:29:659 (信息): send Temperature
2018-03-02 15:29:29:901 (信息): send Leak
2018-03-02 15:29:30:135 (信息): send Temperature
2018-03-02 15:29:30:336 (信息): send Temperature
2018-03-02 15:29:30:536 (信息): send Temperature
2018-03-02 15:29:30:740 (信息): send three phase
2018-03-02 15:29:30:940 (信息): send three phase
2018-03-02 15:29:31:190 (信息): send six route
2018-03-02 15:29:31:403 (信息): send Leak
2018-03-02 15:29:31:604 (信息): send Leak
2018-03-02 15:29:31:804 (信息): send Leak
2018-03-02 15:29:32:025 (信息): send single phase
2018-03-02 15:29:32:226 (信息): send single phase
2018-03-02 15:29:32:427 (信息): send single phase
2018-03-02 15:29:32:627 (信息): send single phase
2018-03-02 15:29:32:828 (信息): send single phase
2018-03-02 15:29:33:029 (信息): send single phase
2018-03-02 15:29:33:232 (信息): send airCompressor
2018-03-02 15:29:33:484 (信息): send Temperature
2018-03-02 15:29:33:690 (信息): send Leak
2018-03-02 15:29:35:892 (信息): send Leak
2018-03-02 15:29:37:247 (信息): send infrared
2018-03-02 15:29:39:450 (信息): send infrared
2018-03-02 15:29:41:658 (信息): send infrared
2018-03-02 15:29:43:856 (信息): send infrared
2018-03-02 15:29:45:105 (信息): send infrared
2018-03-02 15:29:46:057 (信息): send infrared
2018-03-02 15:29:47:306 (信息): send infrared
2018-03-02 15:29:48:247 (信息): send infrared
2018-03-02 15:29:49:495 (信息): send infrared
2018-03-02 15:29:50:453 (信息): send infrared
2018-03-02 15:29:51:683 (信息): send infrared
2018-03-02 15:29:53:888 (信息): send infrared
2018-03-02 15:29:56:320 (信息): send infrared
2018-03-02 15:29:58:517 (信息): send infrared
2018-03-02 15:30:07:462 (信息): send infrared
2018-03-02 15:30:09:658 (信息): send infrared
2018-03-02 15:30:11:855 (信息): send infrared
2018-03-02 15:30:14:056 (信息): send infrared
2018-03-02 15:30:15:308 (信息): send infrared
2018-03-02 15:30:16:243 (信息): send infrared
2018-03-02 15:30:17:495 (信息): send infrared
2018-03-02 15:30:18:434 (信息): send infrared
2018-03-02 15:30:19:682 (信息): send infrared
2018-03-02 15:30:20:638 (信息): send infrared
2018-03-02 15:30:21:869 (信息): send infrared
2018-03-02 15:30:24:057 (信息): send infrared
2018-03-02 15:30:26:244 (信息): send infrared
2018-03-02 15:30:28:434 (信息): send infrared
2018-03-02 15:30:37:652 (信息): send infrared
2018-03-02 15:30:39:857 (信息): send infrared
2018-03-02 15:30:42:058 (信息): send infrared
2018-03-02 15:30:44:244 (信息): send infrared
2018-03-02 15:30:45:516 (信息): send infrared
2018-03-02 15:30:46:431 (信息): send infrared
2018-03-02 15:30:47:721 (信息): send infrared
2018-03-02 15:30:48:621 (信息): send infrared
2018-03-02 15:30:49:920 (信息): send infrared
2018-03-02 15:30:50:827 (信息): send infrared
2018-03-02 15:30:52:118 (信息): send infrared
2018-03-02 15:30:54:307 (信息): send infrared
2018-03-02 15:30:56:494 (信息): send infrared
2018-03-02 15:30:58:681 (信息): send infrared
2018-03-02 15:31:07:857 (信息): send infrared
2018-03-02 15:31:10:059 (信息): send infrared
2018-03-02 15:31:12:263 (信息): send infrared
2018-03-02 15:31:14:462 (信息): send infrared
2018-03-02 15:31:15:713 (信息): send infrared
2018-03-02 15:31:16:651 (信息): send infrared
2018-03-02 15:31:17:909 (信息): send infrared
2018-03-02 15:31:18:859 (信息): send infrared
2018-03-02 15:31:20:108 (信息): send infrared
2018-03-02 15:31:21:057 (信息): send infrared
2018-03-02 15:31:22:308 (信息): send infrared
2018-03-02 15:31:24:514 (信息): send infrared
2018-03-02 15:31:26:721 (信息): send infrared
2018-03-02 15:31:28:921 (信息): send infrared
2018-03-02 15:31:31:408 (信息): send Temperature
2018-03-02 15:31:31:609 (信息): send Temperature
2018-03-02 15:31:31:809 (信息): send Temperature
2018-03-02 15:31:33:900 (信息): send Leak
2018-03-02 15:31:34:101 (信息): send Leak
2018-03-02 15:31:34:301 (信息): send Leak
2018-03-02 15:31:34:554 (信息): send six route
2018-03-02 15:31:34:759 (信息): send three phase
2018-03-02 15:31:34:960 (信息): send three phase
2018-03-02 15:31:35:172 (信息): send Temperature
2018-03-02 15:31:35:373 (信息): send Temperature
2018-03-02 15:31:35:573 (信息): send Temperature
2018-03-02 15:31:35:775 (信息): send single phase
2018-03-02 15:31:35:975 (信息): send single phase
2018-03-02 15:31:36:176 (信息): send single phase
2018-03-02 15:31:36:376 (信息): send single phase
2018-03-02 15:31:36:576 (信息): send single phase
2018-03-02 15:31:36:777 (信息): send single phase
2018-03-02 15:31:36:980 (信息): send airCompressor
2018-03-02 15:31:37:223 (信息): send Temperature
2018-03-02 15:31:37:429 (信息): send Leak
2018-03-02 15:31:37:639 (信息): send Leak
2018-03-02 15:31:37:840 (信息): send Leak
2018-03-02 15:31:38:040 (信息): send Leak
2018-03-02 15:31:38:247 (信息): send six route
2018-03-02 15:31:38:500 (信息): send three phase
2018-03-02 15:31:38:701 (信息): send three phase
2018-03-02 15:31:38:903 (信息): send Temperature
2018-03-02 15:31:39:105 (信息): send Temperature
2018-03-02 15:31:39:305 (信息): send Temperature
2018-03-02 15:31:39:509 (信息): send infrared
2018-03-02 15:31:39:722 (信息): send single phase
2018-03-02 15:31:39:924 (信息): send single phase
2018-03-02 15:31:40:124 (信息): send single phase
2018-03-02 15:31:40:325 (信息): send single phase
2018-03-02 15:31:40:525 (信息): send single phase
2018-03-02 15:31:40:726 (信息): send single phase
2018-03-02 15:31:40:931 (信息): send airCompressor
2018-03-02 15:31:41:176 (信息): send Temperature
2018-03-02 15:31:41:380 (信息): send Leak
2018-03-02 15:31:41:593 (信息): send Leak
2018-03-02 15:31:41:793 (信息): send Leak
2018-03-02 15:31:41:993 (信息): send Leak
2018-03-02 15:31:42:194 (信息): send six route
2018-03-02 15:31:42:399 (信息): send three phase
2018-03-02 15:31:42:600 (信息): send three phase
2018-03-02 15:31:42:840 (信息): send Temperature
2018-03-02 15:31:43:040 (信息): send Temperature
2018-03-02 15:31:43:241 (信息): send Temperature
2018-03-02 15:31:43:445 (信息): send infrared
2018-03-02 15:31:43:660 (信息): send single phase
2018-03-02 15:31:43:861 (信息): send single phase
2018-03-02 15:31:44:061 (信息): send single phase
2018-03-02 15:31:44:262 (信息): send single phase
2018-03-02 15:31:44:462 (信息): send single phase
2018-03-02 15:31:44:663 (信息): send single phase
2018-03-02 15:31:44:868 (信息): send airCompressor
2018-03-02 15:31:45:108 (信息): send Temperature
2018-03-02 15:31:45:309 (信息): send Leak
2018-03-02 15:31:45:514 (信息): send Leak
2018-03-02 15:31:45:715 (信息): send Leak
2018-03-02 15:31:45:915 (信息): send Leak
2018-03-02 15:31:46:127 (信息): send six route
2018-03-02 15:31:46:332 (信息): send three phase
2018-03-02 15:31:46:533 (信息): send three phase
2018-03-02 15:31:46:772 (信息): send Temperature
2018-03-02 15:31:46:973 (信息): send Temperature
2018-03-02 15:31:47:174 (信息): send Temperature
2018-03-02 15:31:47:376 (信息): send infrared
2018-03-02 15:31:47:580 (信息): send infrared
2018-03-02 15:31:47:791 (信息): send single phase
2018-03-02 15:31:47:992 (信息): send single phase
2018-03-02 15:31:48:193 (信息): send single phase
2018-03-02 15:31:48:394 (信息): send single phase
2018-03-02 15:31:48:595 (信息): send single phase
2018-03-02 15:31:48:795 (信息): send single phase
2018-03-02 15:31:49:002 (信息): send airCompressor
2018-03-02 15:31:49:241 (信息): send Temperature
2018-03-02 15:31:49:441 (信息): send Leak
2018-03-02 15:31:49:646 (信息): send Leak
2018-03-02 15:31:49:846 (信息): send Leak
2018-03-02 15:31:50:047 (信息): send Leak
2018-03-02 15:31:50:258 (信息): send six route
2018-03-02 15:31:50:463 (信息): send three phase
2018-03-02 15:31:50:664 (信息): send three phase
2018-03-02 15:31:50:904 (信息): send Temperature
2018-03-02 15:31:51:105 (信息): send Temperature
2018-03-02 15:31:51:306 (信息): send Temperature
2018-03-02 15:31:51:511 (信息): send infrared
2018-03-02 15:31:51:721 (信息): send infrared
2018-03-02 15:31:51:928 (信息): send single phase
2018-03-02 15:31:52:129 (信息): send single phase
2018-03-02 15:31:52:329 (信息): send single phase
2018-03-02 15:31:52:529 (信息): send single phase
2018-03-02 15:31:52:730 (信息): send single phase
2018-03-02 15:31:52:930 (信息): send single phase
2018-03-02 15:31:53:179 (信息): send airCompressor
2018-03-02 15:31:53:385 (信息): send Temperature
2018-03-02 15:31:53:598 (信息): send Leak
2018-03-02 15:31:53:799 (信息): send Leak
2018-03-02 15:31:53:999 (信息): send Leak
2018-03-02 15:31:54:200 (信息): send Leak
2018-03-02 15:31:54:403 (信息): send six route
2018-03-02 15:31:54:615 (信息): send three phase
2018-03-02 15:31:54:816 (信息): send three phase
2018-03-02 15:31:55:021 (信息): send Temperature
2018-03-02 15:31:55:221 (信息): send Temperature
2018-03-02 15:31:55:422 (信息): send Temperature
2018-03-02 15:31:55:662 (信息): send infrared
2018-03-02 15:31:55:862 (信息): send infrared
2018-03-02 15:31:57:830 (信息): send single phase
2018-03-02 15:31:58:032 (信息): send single phase
2018-03-02 15:31:58:233 (信息): send single phase
2018-03-02 15:31:58:433 (信息): send single phase
2018-03-02 15:31:58:634 (信息): send single phase
2018-03-02 15:31:58:834 (信息): send single phase
2018-03-02 15:31:59:041 (信息): send airCompressor
2018-03-02 15:31:59:244 (信息): send Temperature
2018-03-02 15:31:59:496 (信息): send Leak
2018-03-02 15:31:59:699 (信息): send Leak
2018-03-02 15:31:59:900 (信息): send Leak
2018-03-02 15:32:00:100 (信息): send Leak
2018-03-02 15:32:00:307 (信息): send six route
2018-03-02 15:32:00:509 (信息): send three phase
2018-03-02 15:32:00:710 (信息): send three phase
2018-03-02 15:32:00:912 (信息): send Temperature
2018-03-02 15:32:01:113 (信息): send Temperature
2018-03-02 15:32:01:313 (信息): send Temperature
2018-03-02 15:32:01:521 (信息): send infrared
2018-03-02 15:32:01:723 (信息): send single phase
2018-03-02 15:32:01:924 (信息): send single phase
2018-03-02 15:32:02:124 (信息): send single phase
2018-03-02 15:32:02:325 (信息): send single phase
2018-03-02 15:32:02:525 (信息): send single phase
2018-03-02 15:32:02:725 (信息): send single phase
2018-03-02 15:32:02:965 (信息): send airCompressor
2018-03-02 15:32:03:169 (信息): send Temperature
2018-03-02 15:32:03:380 (信息): send Leak
2018-03-02 15:32:03:590 (信息): send Leak
2018-03-02 15:32:03:792 (信息): send Leak
2018-03-02 15:32:03:993 (信息): send Leak
2018-03-02 15:32:04:207 (信息): send six route
2018-03-02 15:32:04:478 (信息): send three phase
2018-03-02 15:32:04:679 (信息): send three phase
2018-03-02 15:32:05:032 (信息): send single phase
2018-03-02 15:32:05:233 (信息): send single phase
2018-03-02 15:32:05:434 (信息): send single phase
2018-03-02 15:32:05:634 (信息): send single phase
2018-03-02 15:32:05:834 (信息): send single phase
2018-03-02 15:32:06:035 (信息): send single phase
2018-03-02 15:32:06:246 (信息): send airCompressor
2018-03-02 15:32:06:458 (信息): send Temperature
2018-03-02 15:32:06:662 (信息): send Leak
2018-03-02 15:32:12:825 (信息): send infrared
2018-03-02 15:32:15:031 (信息): send infrared
2018-03-02 15:32:17:231 (信息): send infrared
2018-03-02 15:32:19:418 (信息): send infrared
2018-03-02 15:32:19:669 (信息): send infrared
2018-03-02 15:32:21:622 (信息): send infrared
2018-03-02 15:32:21:869 (信息): send infrared
2018-03-02 15:32:23:826 (信息): send infrared
2018-03-02 15:32:24:075 (信息): send infrared
2018-03-02 15:32:26:030 (信息): send infrared
2018-03-02 15:32:26:281 (信息): send infrared

2018-03-13 13:35:28:042 (信息): 系统加载...

2018-03-13 13:45:40:671 (信息): 系统加载...
2018-03-13 13:45:40:959 (信息): 插件[  GuangxiStation ]...
2018-03-13 13:45:45:708 (信息): xml配置文件读取成功
2018-03-13 13:45:46:447 (错误): 数据库打开失败
2018-03-13 13:45:46:449 (信息): + 插件【 GuangxiStation 】 加载正常

2018-03-13 13:48:57:210 (信息): 系统加载...
2018-03-13 13:48:57:516 (信息): 插件[  GuangxiStation ]...
2018-03-13 13:48:57:525 (信息): xml配置文件读取成功
2018-03-13 13:48:58:816 (错误): 数据库打开失败
2018-03-13 13:48:58:817 (信息): + 插件【 GuangxiStation 】 加载正常

2018-03-13 13:53:00:921 (信息): 系统加载...
2018-03-13 13:53:01:183 (信息): 插件[  GuangxiStation ]...
2018-03-13 13:53:01:191 (信息): xml配置文件读取成功
2018-03-13 13:53:03:798 (错误): 数据库打开失败
2018-03-13 13:53:03:799 (信息): + 插件【 GuangxiStation 】 加载正常
2018-03-13 13:53:12:769 (信息): - 插件【 GuangxiStation 】 卸载正常
2018-03-13 13:53:12:799 (信息): 软件安全退出(-1)!

2018-03-13 13:58:25:318 (信息): 系统加载...
2018-03-13 13:58:25:548 (信息): 插件[  GuangxiStation ]...
2018-03-13 13:58:25:557 (信息): xml配置文件读取成功
2018-03-13 13:58:25:589 (错误): 数据库打开失败
2018-03-13 13:58:25:590 (信息): + 插件【 GuangxiStation 】 加载正常
2018-03-13 13:58:32:946 (信息): - 插件【 GuangxiStation 】 卸载正常
2018-03-13 13:58:33:004 (信息): 软件安全退出(-1)!

2018-03-13 14:06:01:567 (信息): 系统加载...
2018-03-13 14:06:01:803 (信息): 插件[  GuangxiStation ]...
2018-03-13 14:06:01:813 (信息): xml配置文件读取成功
2018-03-13 14:06:01:843 (错误): 数据库打开失败
2018-03-13 14:06:01:844 (信息): + 插件【 GuangxiStation 】 加载正常
2018-03-13 14:06:06:402 (信息): - 插件【 GuangxiStation 】 卸载正常
2018-03-13 14:06:06:432 (信息): 软件安全退出(-1)!

2018-03-13 14:06:25:437 (信息): 系统加载...
2018-03-13 14:06:25:634 (信息): 插件[  GuangxiStation ]...
2018-03-13 14:06:25:672 (信息): xml配置文件读取成功
2018-03-13 14:06:25:704 (错误): 数据库打开失败
2018-03-13 14:06:25:704 (信息): + 插件【 GuangxiStation 】 加载正常
2018-03-13 14:06:29:176 (信息): - 插件【 GuangxiStation 】 卸载正常
2018-03-13 14:06:29:190 (信息): 软件安全退出(-1)!

2018-03-13 14:07:08:048 (信息): 系统加载...
2018-03-13 14:07:08:247 (信息): 插件[  GuangxiStation ]...
2018-03-13 14:07:08:254 (信息): xml配置文件读取成功
2018-03-13 14:07:08:287 (错误): 数据库打开失败
2018-03-13 14:07:08:287 (信息): + 插件【 GuangxiStation 】 加载正常
2018-03-13 14:07:11:676 (信息): - 插件【 GuangxiStation 】 卸载正常
2018-03-13 14:07:11:688 (信息): 软件安全退出(-1)!

2018-03-13 14:07:54:314 (信息): 系统加载...
2018-03-13 14:07:54:530 (信息): 插件[  GuangxiStation ]...
2018-03-13 14:07:54:539 (信息): xml配置文件读取成功
2018-03-13 14:07:54:569 (错误): 数据库打开失败
2018-03-13 14:07:54:570 (信息): + 插件【 GuangxiStation 】 加载正常
2018-03-13 14:07:57:904 (信息): - 插件【 GuangxiStation 】 卸载正常
2018-03-13 14:07:57:931 (信息): 软件安全退出(-1)!

2018-03-14 14:31:51:809 (信息): 系统加载...
2018-03-14 14:31:51:871 (信息): 插件[  GuangxiStation ]...
2018-03-14 14:31:51:875 (信息): xml配置文件读取成功
2018-03-14 14:31:51:885 (错误): 数据库打开失败
2018-03-14 14:31:51:886 (信息): + 插件【 GuangxiStation 】 加载正常
2018-03-14 14:32:01:101 (信息): - 插件【 GuangxiStation 】 卸载正常
2018-03-14 14:32:01:114 (信息): 软件安全退出(-1)!
