
2017-09-04 14:09:11:962 (信息): 系统加载...

2017-09-04 14:10:00:323 (信息): 系统加载...
2017-09-04 14:10:42:692 (信息): 软件安全退出(-1)!

2017-09-04 14:10:44:950 (信息): 系统加载...

2017-09-04 14:11:03:457 (信息): 系统加载...
2017-09-04 14:11:26:912 (信息): 插件[  WRSOCcontrtol ]...
2017-09-04 14:11:26:912 (错误): 注册菜单失败
2017-09-04 14:11:26:913 (错误): 插件GUID: {0x375aeaf9,0x59b4,0x4849,{0xa3,0x34,0xff,0xcb,0xcd,0xa6,0x5f,0x79}}
2017-09-04 14:11:26:913 (错误): 主菜单GUID: {0x83fb67ec,0x3357,0x497d,{0x95,0xe4,0x65,0x77,0x18,0x14,0xcf,0xcb}}
2017-09-04 14:11:26:913 (错误): 插件菜单GUID: {0x00000000,0x0000,0x0000,{0x00,0x00,0x00,0x00,0x00,0x00,0x00,0x00}}
2017-09-04 14:11:26:922 (信息): + 插件【 WRSOCcontrtol 】 加载正常

2017-09-04 14:19:34:254 (信息): 系统加载...
2017-09-04 14:19:34:585 (信息): 插件[  WRSOCcontrtol ]...
2017-09-04 14:19:34:587 (错误): 注册菜单失败
2017-09-04 14:19:34:590 (错误): 插件GUID: {0x375aeaf9,0x59b4,0x4849,{0xa3,0x34,0xff,0xcb,0xcd,0xa6,0x5f,0x79}}
2017-09-04 14:19:34:592 (错误): 主菜单GUID: {0x83fb67ec,0x3357,0x497d,{0x95,0xe4,0x65,0x77,0x18,0x14,0xcf,0xcb}}
2017-09-04 14:19:34:593 (错误): 插件菜单GUID: {0x00000000,0x0000,0x0000,{0x00,0x00,0x00,0x00,0x00,0x00,0x00,0x00}}
2017-09-04 14:19:34:622 (信息): + 插件【 WRSOCcontrtol 】 加载正常
2017-09-04 14:19:53:041 (信息): - 插件【 WRSOCcontrtol 】 卸载正常
2017-09-04 14:19:53:059 (信息): 软件安全退出(-1)!

2017-09-04 14:42:28:711 (信息): 系统加载...
2017-09-04 14:42:29:072 (信息): 插件[  WRSOCcontrtol ]...
2017-09-04 14:42:29:073 (错误): 注册菜单失败
2017-09-04 14:42:29:075 (错误): 插件GUID: {0x375aeaf9,0x59b4,0x4849,{0xa3,0x34,0xff,0xcb,0xcd,0xa6,0x5f,0x79}}
2017-09-04 14:42:29:076 (错误): 主菜单GUID: {0x83fb67ec,0x3357,0x497d,{0x95,0xe4,0x65,0x77,0x18,0x14,0xcf,0xcb}}
2017-09-04 14:42:29:078 (错误): 插件菜单GUID: {0x00000000,0x0000,0x0000,{0x00,0x00,0x00,0x00,0x00,0x00,0x00,0x00}}
2017-09-04 14:42:29:101 (信息): + 插件【 WRSOCcontrtol 】 加载正常
2017-09-04 14:54:29:668 (信息): - 插件【 WRSOCcontrtol 】 卸载正常
2017-09-04 14:54:29:683 (信息): 软件安全退出(-1)!

2017-09-04 14:55:05:278 (信息): 系统加载...
2017-09-04 14:55:05:568 (信息): 插件[  WRSOCcontrtol ]...
2017-09-04 14:55:05:569 (错误): 注册菜单失败
2017-09-04 14:55:05:572 (错误): 插件GUID: {0x375aeaf9,0x59b4,0x4849,{0xa3,0x34,0xff,0xcb,0xcd,0xa6,0x5f,0x79}}
2017-09-04 14:55:05:573 (错误): 主菜单GUID: {0x83fb67ec,0x3357,0x497d,{0x95,0xe4,0x65,0x77,0x18,0x14,0xcf,0xcb}}
2017-09-04 14:55:05:574 (错误): 插件菜单GUID: {0x00000000,0x0000,0x0000,{0x00,0x00,0x00,0x00,0x00,0x00,0x00,0x00}}
2017-09-04 14:55:05:593 (信息): + 插件【 WRSOCcontrtol 】 加载正常

2017-09-04 14:55:51:685 (信息): 系统加载...
2017-09-04 14:55:52:427 (信息): 插件[  WRSOCcontrtol ]...
2017-09-04 14:55:52:429 (错误): 注册菜单失败
2017-09-04 14:55:52:431 (错误): 插件GUID: {0x375aeaf9,0x59b4,0x4849,{0xa3,0x34,0xff,0xcb,0xcd,0xa6,0x5f,0x79}}
2017-09-04 14:55:52:433 (错误): 主菜单GUID: {0x83fb67ec,0x3357,0x497d,{0x95,0xe4,0x65,0x77,0x18,0x14,0xcf,0xcb}}
2017-09-04 14:55:52:434 (错误): 插件菜单GUID: {0x00000000,0x0000,0x0000,{0x00,0x00,0x00,0x00,0x00,0x00,0x00,0x00}}
2017-09-04 14:55:52:435 (信息): + 插件【 WRSOCcontrtol 】 加载正常

2017-09-04 14:57:00:187 (信息): 系统加载...
2017-09-04 14:57:00:398 (信息): 插件[  WRSOCcontrtol ]...
2017-09-04 14:57:00:398 (错误): 注册菜单失败
2017-09-04 14:57:00:399 (错误): 插件GUID: {0x375aeaf9,0x59b4,0x4849,{0xa3,0x34,0xff,0xcb,0xcd,0xa6,0x5f,0x79}}
2017-09-04 14:57:00:401 (错误): 主菜单GUID: {0x83fb67ec,0x3357,0x497d,{0x95,0xe4,0x65,0x77,0x18,0x14,0xcf,0xcb}}
2017-09-04 14:57:00:401 (错误): 插件菜单GUID: {0x00000000,0x0000,0x0000,{0x00,0x00,0x00,0x00,0x00,0x00,0x00,0x00}}
2017-09-04 14:57:00:402 (信息): + 插件【 WRSOCcontrtol 】 加载正常

2017-09-04 14:58:19:214 (信息): 系统加载...
2017-09-04 14:58:20:459 (信息): 插件[  WRSOCcontrtol ]...
2017-09-04 14:58:20:487 (信息): + 插件【 WRSOCcontrtol 】 加载正常

2017-09-04 14:59:25:672 (信息): 系统加载...
2017-09-04 14:59:26:047 (信息): 插件[  WRSOCcontrtol ]...
2017-09-04 14:59:26:056 (信息): + 插件【 WRSOCcontrtol 】 加载正常

2017-09-04 15:00:55:512 (信息): 系统加载...
2017-09-04 15:00:56:772 (信息): 插件[  WRSOCcontrtol ]...
2017-09-04 15:00:56:780 (信息): + 插件【 WRSOCcontrtol 】 加载正常

2017-09-04 15:02:36:780 (信息): 系统加载...
2017-09-04 15:02:38:024 (信息): 插件[  WRSOCcontrtol ]...
2017-09-04 15:02:38:032 (信息): + 插件【 WRSOCcontrtol 】 加载正常

2017-09-04 15:03:25:380 (信息): 系统加载...
2017-09-04 15:03:25:594 (信息): 插件[  WRSOCcontrtol ]...
2017-09-04 15:03:25:602 (信息): + 插件【 WRSOCcontrtol 】 加载正常

2017-09-04 15:07:48:384 (信息): 系统加载...
2017-09-04 15:07:54:546 (信息): 插件[  WRSOCcontrtol ]...
2017-09-04 15:07:54:554 (信息): + 插件【 WRSOCcontrtol 】 加载正常
2017-09-04 15:08:43:876 (信息): - 插件【 WRSOCcontrtol 】 卸载正常
2017-09-04 15:08:43:890 (信息): 软件安全退出(-1)!

2017-09-04 15:12:08:039 (信息): 系统加载...
2017-09-04 15:12:08:541 (信息): 插件[  WRSOCcontrtol ]...
2017-09-04 15:12:08:574 (信息): + 插件【 WRSOCcontrtol 】 加载正常

2017-09-04 15:12:57:267 (信息): 系统加载...
2017-09-04 15:12:57:641 (信息): 插件[  WRSOCcontrtol ]...
2017-09-04 15:12:57:642 (错误): 注册菜单失败
2017-09-04 15:12:57:643 (错误): 插件GUID: {0x375aeaf9,0x59b4,0x4849,{0xa3,0x34,0xff,0xcb,0xcd,0xa6,0x5f,0x79}}
2017-09-04 15:12:57:644 (错误): 主菜单GUID: {0x00000000,0x0000,0x0000,{0x00,0x00,0x00,0x00,0x00,0x00,0x00,0x00}}
2017-09-04 15:12:57:645 (错误): 插件菜单GUID: {0x32a822ed,0x4c1f,0x4ac5,{0x92,0x70,0xa0,0xd0,0xf8,0x6b,0x8b,0x9d}}
2017-09-04 15:12:57:646 (信息): + 插件【 WRSOCcontrtol 】 加载正常

2017-09-04 15:14:00:028 (信息): 系统加载...
2017-09-04 15:14:00:395 (信息): 插件[  WRSOCcontrtol ]...
2017-09-04 15:14:00:403 (信息): + 插件【 WRSOCcontrtol 】 加载正常

2017-09-04 16:15:24:514 (信息): 系统加载...
2017-09-04 16:15:24:783 (信息): 插件[  WRSOCcontrtol ]...
2017-09-04 16:15:24:791 (信息): + 插件【 WRSOCcontrtol 】 加载正常
2017-09-04 16:21:16:515 (信息): - 插件【 WRSOCcontrtol 】 卸载正常
2017-09-04 16:21:16:526 (信息): 软件安全退出(-1)!

2017-09-04 16:30:53:677 (信息): 系统加载...
2017-09-04 16:30:53:899 (信息): 插件[  WRSOCcontrtol ]...
2017-09-04 16:30:53:907 (信息): + 插件【 WRSOCcontrtol 】 加载正常
2017-09-04 16:31:18:951 (信息): - 插件【 WRSOCcontrtol 】 卸载正常
2017-09-04 16:31:18:962 (信息): 软件安全退出(-1)!

2017-09-04 16:36:20:580 (信息): 系统加载...
2017-09-04 16:36:20:852 (信息): 插件[  WRSOCcontrtol ]...
2017-09-04 16:36:20:860 (信息): + 插件【 WRSOCcontrtol 】 加载正常
2017-09-04 16:36:23:778 (信息): - 插件【 WRSOCcontrtol 】 卸载正常
2017-09-04 16:36:23:790 (信息): 软件安全退出(-1)!

2017-09-04 16:57:55:623 (信息): 系统加载...
2017-09-04 16:57:56:076 (信息): 插件[  WRSOCcontrtol ]...
2017-09-04 16:57:56:083 (信息): + 插件【 WRSOCcontrtol 】 加载正常
2017-09-04 16:58:05:346 (信息): - 插件【 WRSOCcontrtol 】 卸载正常
2017-09-04 16:58:05:356 (信息): 软件安全退出(-1)!

2017-09-04 17:18:07:090 (信息): 系统加载...
2017-09-04 17:18:07:293 (信息): 插件[  WRSOCcontrtol ]...
2017-09-04 17:18:07:298 (信息): + 插件【 WRSOCcontrtol 】 加载正常

2017-09-05 09:19:08:624 (信息): 系统加载...
2017-09-05 09:19:08:867 (信息): 插件[  WRSOCcontrtol ]...
2017-09-05 09:19:08:874 (信息): + 插件【 WRSOCcontrtol 】 加载正常
2017-09-05 09:19:15:896 (信息): - 插件【 WRSOCcontrtol 】 卸载正常
2017-09-05 09:19:15:913 (信息): 软件安全退出(-1)!

2017-09-05 09:23:01:396 (信息): 系统加载...
2017-09-05 09:23:01:423 (信息): 插件[  WRSOCcontrtol ]...
2017-09-05 09:23:01:426 (信息): + 插件【 WRSOCcontrtol 】 加载正常
2017-09-05 09:23:04:406 (信息): - 插件【 WRSOCcontrtol 】 卸载正常
2017-09-05 09:23:04:440 (信息): 软件安全退出(-1)!

2017-09-05 09:24:02:030 (信息): 系统加载...
2017-09-05 09:24:02:058 (信息): 插件[  WRSOCcontrtol ]...
2017-09-05 09:24:02:061 (信息): + 插件【 WRSOCcontrtol 】 加载正常
2017-09-05 09:30:59:298 (信息): - 插件【 WRSOCcontrtol 】 卸载正常
2017-09-05 09:30:59:308 (信息): 软件安全退出(-1)!

2017-09-05 09:31:05:818 (信息): 系统加载...
2017-09-05 09:31:06:045 (信息): 插件[  WRSOCcontrtol ]...
2017-09-05 09:31:06:051 (信息): + 插件【 WRSOCcontrtol 】 加载正常
2017-09-05 09:31:25:268 (信息): - 插件【 WRSOCcontrtol 】 卸载正常
2017-09-05 09:31:25:281 (信息): 软件安全退出(-1)!

2017-09-05 09:32:06:411 (信息): 系统加载...
2017-09-05 09:32:06:623 (信息): 插件[  WRSOCcontrtol ]...
2017-09-05 09:32:06:630 (信息): + 插件【 WRSOCcontrtol 】 加载正常

2017-09-05 09:32:14:988 (信息): 系统加载...
2017-09-05 09:32:15:201 (信息): 插件[  WRSOCcontrtol ]...
2017-09-05 09:32:15:208 (信息): + 插件【 WRSOCcontrtol 】 加载正常

2017-09-05 09:33:02:839 (信息): 系统加载...
2017-09-05 09:33:03:066 (信息): 插件[  WRSOCcontrtol ]...
2017-09-05 09:33:03:081 (信息): + 插件【 WRSOCcontrtol 】 加载正常

2017-09-05 09:35:12:167 (信息): 系统加载...
2017-09-05 09:35:12:377 (信息): 插件[  WRSOCcontrtol ]...
2017-09-05 09:35:12:390 (信息): + 插件【 WRSOCcontrtol 】 加载正常

2017-09-05 09:36:29:585 (信息): 系统加载...
2017-09-05 09:36:29:897 (信息): 插件[  WRSOCcontrtol ]...
2017-09-05 09:36:29:904 (信息): + 插件【 WRSOCcontrtol 】 加载正常

2017-09-05 09:37:32:696 (信息): 系统加载...
2017-09-05 09:37:32:919 (信息): 插件[  WRSOCcontrtol ]...
2017-09-05 09:37:32:928 (信息): + 插件【 WRSOCcontrtol 】 加载正常

2017-09-05 09:38:07:875 (信息): 系统加载...
2017-09-05 09:38:08:099 (信息): 插件[  WRSOCcontrtol ]...
2017-09-05 09:38:08:105 (信息): + 插件【 WRSOCcontrtol 】 加载正常

2017-09-05 09:38:48:177 (信息): 系统加载...
2017-09-05 09:38:48:398 (信息): 插件[  WRSOCcontrtol ]...
2017-09-05 09:38:48:404 (信息): + 插件【 WRSOCcontrtol 】 加载正常

2017-09-05 09:39:39:483 (信息): 系统加载...
2017-09-05 09:39:39:706 (信息): 插件[  WRSOCcontrtol ]...
2017-09-05 09:39:39:711 (信息): + 插件【 WRSOCcontrtol 】 加载正常

2017-09-05 09:40:06:133 (信息): 系统加载...
2017-09-05 09:40:06:343 (信息): 插件[  WRSOCcontrtol ]...
2017-09-05 09:40:06:348 (信息): + 插件【 WRSOCcontrtol 】 加载正常

2017-09-05 09:40:26:022 (信息): 系统加载...
2017-09-05 09:40:26:232 (信息): 插件[  WRSOCcontrtol ]...
2017-09-05 09:40:26:237 (信息): + 插件【 WRSOCcontrtol 】 加载正常

2017-09-05 09:40:52:746 (信息): 系统加载...
2017-09-05 09:40:52:954 (信息): 插件[  WRSOCcontrtol ]...
2017-09-05 09:40:52:960 (信息): + 插件【 WRSOCcontrtol 】 加载正常
2017-09-05 09:41:25:561 (信息): - 插件【 WRSOCcontrtol 】 卸载正常
2017-09-05 09:41:25:575 (信息): 软件安全退出(-1)!

2017-09-05 09:41:34:414 (信息): 系统加载...
2017-09-05 09:41:34:620 (信息): 插件[  WRSOCcontrtol ]...
2017-09-05 09:41:34:626 (信息): + 插件【 WRSOCcontrtol 】 加载正常

2017-09-05 09:42:31:261 (信息): 系统加载...
2017-09-05 09:42:31:483 (信息): 插件[  WRSOCcontrtol ]...
2017-09-05 09:42:31:488 (信息): + 插件【 WRSOCcontrtol 】 加载正常

2017-09-05 09:43:16:326 (信息): 系统加载...
2017-09-05 09:43:16:670 (信息): 插件[  WRSOCcontrtol ]...
2017-09-05 09:43:16:675 (信息): + 插件【 WRSOCcontrtol 】 加载正常

2017-09-05 09:43:37:722 (信息): 系统加载...
2017-09-05 09:43:37:949 (信息): 插件[  WRSOCcontrtol ]...
2017-09-05 09:43:37:954 (信息): + 插件【 WRSOCcontrtol 】 加载正常

2017-09-05 09:44:06:138 (信息): 系统加载...
2017-09-05 09:44:06:364 (信息): 插件[  WRSOCcontrtol ]...
2017-09-05 09:44:06:371 (信息): + 插件【 WRSOCcontrtol 】 加载正常

2017-09-05 09:44:39:327 (信息): 系统加载...
2017-09-05 09:44:39:548 (信息): 插件[  WRSOCcontrtol ]...
2017-09-05 09:44:39:555 (信息): + 插件【 WRSOCcontrtol 】 加载正常

2017-09-05 09:44:59:160 (信息): 系统加载...
2017-09-05 09:44:59:379 (信息): 插件[  WRSOCcontrtol ]...
2017-09-05 09:44:59:385 (信息): + 插件【 WRSOCcontrtol 】 加载正常

2017-09-05 09:46:44:729 (信息): 系统加载...
2017-09-05 09:46:44:952 (信息): 插件[  WRSOCcontrtol ]...
2017-09-05 09:46:44:959 (信息): + 插件【 WRSOCcontrtol 】 加载正常
2017-09-05 09:46:53:742 (信息): - 插件【 WRSOCcontrtol 】 卸载正常
2017-09-05 09:46:53:755 (信息): 软件安全退出(-1)!

2017-09-05 09:47:04:247 (信息): 系统加载...
2017-09-05 09:47:04:275 (信息): 插件[  WRSOCcontrtol ]...
2017-09-05 09:47:04:278 (信息): + 插件【 WRSOCcontrtol 】 加载正常
2017-09-05 09:47:12:463 (信息): - 插件【 WRSOCcontrtol 】 卸载正常
2017-09-05 09:47:12:474 (信息): 软件安全退出(-1)!

2017-09-05 09:47:38:809 (信息): 系统加载...
2017-09-05 09:47:39:032 (信息): 插件[  WRSOCcontrtol ]...
2017-09-05 09:47:39:038 (信息): + 插件【 WRSOCcontrtol 】 加载正常
2017-09-05 09:48:06:264 (信息): - 插件【 WRSOCcontrtol 】 卸载正常
2017-09-05 09:48:06:276 (信息): 软件安全退出(-1)!

2017-09-05 09:48:57:150 (信息): 系统加载...
2017-09-05 09:48:57:361 (信息): 插件[  WRSOCcontrtol ]...
2017-09-05 09:48:57:368 (信息): + 插件【 WRSOCcontrtol 】 加载正常

2017-09-05 09:49:29:591 (信息): 系统加载...
2017-09-05 09:49:29:815 (信息): 插件[  WRSOCcontrtol1111 ]...
2017-09-05 09:49:29:821 (信息): + 插件【 WRSOCcontrtol 】 加载正常
2017-09-05 09:49:44:942 (信息): - 插件【 WRSOCcontrtol 】 卸载正常
2017-09-05 09:49:44:955 (信息): 软件安全退出(-1)!

2017-09-05 09:50:10:628 (信息): 系统加载...
2017-09-05 09:50:10:851 (信息): 插件[  WRSOCcontrtol ]...
2017-09-05 09:50:10:858 (信息): + 插件【 WRSOCcontrtol 】 加载正常

2017-09-05 10:02:22:417 (信息): 系统加载...
2017-09-05 10:02:22:639 (信息): 插件[  WRSOCcontrtol ]...
2017-09-05 10:02:22:646 (信息): + 插件【 WRSOCcontrtol 】 加载正常

2017-09-05 11:22:08:883 (信息): 系统加载...
2017-09-05 11:22:09:113 (信息): 插件[  WRSOCcontrtol ]...
2017-09-05 11:22:09:119 (信息): + 插件【 WRSOCcontrtol 】 加载正常

2017-09-05 13:25:57:640 (信息): 系统加载...
2017-09-05 13:25:57:870 (信息): 插件[  WRSOCcontrtol ]...
2017-09-05 13:25:57:877 (信息): + 插件【 WRSOCcontrtol 】 加载正常

2017-09-05 13:29:14:813 (信息): 系统加载...
2017-09-05 13:29:14:857 (信息): 插件[  WRSOCcontrtol ]...
2017-09-05 13:29:14:859 (信息): + 插件【 WRSOCcontrtol 】 加载正常

2017-09-05 13:29:43:805 (信息): 系统加载...
2017-09-05 13:29:44:020 (信息): 插件[  WRSOCcontrtol ]...
2017-09-05 13:29:44:027 (信息): + 插件【 WRSOCcontrtol 】 加载正常

2017-09-05 13:30:46:815 (信息): 系统加载...
2017-09-05 13:30:46:908 (信息): 插件[  WRSOCcontrtol ]...
2017-09-05 13:30:46:912 (信息): + 插件【 WRSOCcontrtol 】 加载正常

2017-09-05 14:12:31:320 (信息): 系统加载...
2017-09-05 14:12:31:536 (信息): 插件[  WRSOCcontrtol ]...
2017-09-05 14:12:31:544 (信息): + 插件【 WRSOCcontrtol 】 加载正常
2017-09-05 14:12:43:464 (信息): - 插件【 WRSOCcontrtol 】 卸载正常
2017-09-05 14:12:43:483 (信息): 软件安全退出(-1)!
2017-09-05 14:15:09:662 (信息): - 插件【 WRSOCcontrtol 】 卸载正常
2017-09-05 14:15:09:675 (信息): 软件安全退出(-1)!

2017-09-05 14:15:17:161 (信息): 系统加载...
2017-09-05 14:15:17:231 (信息): 插件[  WRSOCcontrtol ]...
2017-09-05 14:15:17:234 (信息): + 插件【 WRSOCcontrtol 】 加载正常
2017-09-05 14:15:32:607 (信息): - 插件【 WRSOCcontrtol 】 卸载正常
2017-09-05 14:15:32:697 (信息): 软件安全退出(-1)!

2017-09-05 14:21:44:388 (信息): 系统加载...
2017-09-05 14:21:44:483 (信息): 插件[  WRSOCcontrtol ]...
2017-09-05 14:21:44:486 (信息): + 插件【 WRSOCcontrtol 】 加载正常

2017-09-05 14:21:56:022 (信息): 系统加载...
2017-09-05 14:21:56:237 (信息): 插件[  WRSOCcontrtol ]...
2017-09-05 14:21:56:245 (信息): + 插件【 WRSOCcontrtol 】 加载正常

2017-09-05 14:23:01:426 (信息): 系统加载...
2017-09-05 14:23:01:652 (信息): 插件[  WRSOCcontrtol ]...
2017-09-05 14:23:01:659 (信息): + 插件【 WRSOCcontrtol 】 加载正常

2017-09-05 14:24:09:655 (信息): 系统加载...
2017-09-05 14:24:09:866 (信息): 插件[  WRSOCcontrtol ]...
2017-09-05 14:24:09:873 (信息): + 插件【 WRSOCcontrtol 】 加载正常

2017-09-05 14:24:32:433 (信息): 系统加载...
2017-09-05 14:24:32:644 (信息): 插件[  WRSOCcontrtol ]...
2017-09-05 14:24:32:650 (信息): + 插件【 WRSOCcontrtol 】 加载正常

2017-09-05 14:25:27:698 (信息): 系统加载...
2017-09-05 14:25:27:933 (信息): 插件[  WRSOCcontrtol ]...
2017-09-05 14:25:27:941 (信息): + 插件【 WRSOCcontrtol 】 加载正常
2017-09-05 14:25:50:022 (信息): - 插件【 WRSOCcontrtol 】 卸载正常
2017-09-05 14:25:50:048 (信息): 软件安全退出(-1)!

2017-09-05 14:27:27:717 (信息): 系统加载...
2017-09-05 14:27:27:953 (信息): 插件[  WRSOCcontrtol ]...
2017-09-05 14:27:27:960 (信息): + 插件【 WRSOCcontrtol 】 加载正常
2017-09-05 14:27:48:331 (信息): - 插件【 WRSOCcontrtol 】 卸载正常
2017-09-05 14:27:48:347 (信息): 软件安全退出(-1)!

2017-09-05 14:28:21:309 (信息): 系统加载...
2017-09-05 14:28:21:537 (信息): 插件[  WRSOCcontrtol ]...
2017-09-05 14:28:21:544 (信息): + 插件【 WRSOCcontrtol 】 加载正常
2017-09-05 14:29:57:671 (信息): - 插件【 WRSOCcontrtol 】 卸载正常
2017-09-05 14:29:57:776 (信息): 软件安全退出(-1)!

2017-09-05 14:30:06:342 (信息): 系统加载...
2017-09-05 14:30:06:573 (信息): 插件[  WRSOCcontrtol ]...
2017-09-05 14:30:06:579 (信息): + 插件【 WRSOCcontrtol 】 加载正常
2017-09-05 14:31:40:902 (信息): - 插件【 WRSOCcontrtol 】 卸载正常
2017-09-05 14:31:40:918 (信息): 软件安全退出(-1)!

2017-09-05 14:32:27:566 (信息): 系统加载...
2017-09-05 14:32:27:795 (信息): 插件[  WRSOCcontrtol ]...
2017-09-05 14:32:27:801 (信息): + 插件【 WRSOCcontrtol 】 加载正常
2017-09-05 14:32:42:054 (信息): - 插件【 WRSOCcontrtol 】 卸载正常
2017-09-05 14:32:42:071 (信息): 软件安全退出(-1)!

2017-09-05 14:35:01:049 (信息): 系统加载...
2017-09-05 14:35:01:276 (信息): 插件[  WRSOCcontrtol ]...
2017-09-05 14:35:01:282 (信息): + 插件【 WRSOCcontrtol 】 加载正常
2017-09-05 14:35:14:974 (信息): - 插件【 WRSOCcontrtol 】 卸载正常
2017-09-05 14:35:14:989 (信息): 软件安全退出(-1)!

2017-09-05 14:37:14:620 (信息): 系统加载...
2017-09-05 14:37:14:859 (信息): 插件[  WRSOCcontrtol ]...
2017-09-05 14:37:14:866 (信息): + 插件【 WRSOCcontrtol 】 加载正常

2017-09-05 14:37:34:908 (信息): 系统加载...
2017-09-05 14:37:34:986 (信息): 插件[  WRSOCcontrtol ]...
2017-09-05 14:37:34:989 (信息): + 插件【 WRSOCcontrtol 】 加载正常
2017-09-05 14:37:59:341 (信息): - 插件【 WRSOCcontrtol 】 卸载正常
2017-09-05 14:37:59:356 (信息): 软件安全退出(-1)!

2017-09-05 14:42:26:985 (信息): 系统加载...
2017-09-05 14:42:27:215 (信息): 插件[  WRSOCcontrtol ]...
2017-09-05 14:42:27:222 (信息): + 插件【 WRSOCcontrtol 】 加载正常

2017-09-05 14:44:14:538 (信息): 系统加载...
2017-09-05 14:44:14:749 (信息): 插件[  WRSOCcontrtol ]...
2017-09-05 14:44:14:756 (信息): + 插件【 WRSOCcontrtol 】 加载正常

2017-09-05 14:45:02:114 (信息): 系统加载...
2017-09-05 14:45:02:350 (信息): 插件[  WRSOCcontrtol ]...
2017-09-05 14:45:02:357 (信息): + 插件【 WRSOCcontrtol 】 加载正常
2017-09-05 14:45:08:847 (信息): - 插件【 WRSOCcontrtol 】 卸载正常
2017-09-05 14:45:08:862 (信息): 软件安全退出(-1)!

2017-09-05 14:45:50:109 (信息): 系统加载...
2017-09-05 14:45:50:316 (信息): 插件[  WRSOCcontrtol ]...
2017-09-05 14:45:50:323 (信息): + 插件【 WRSOCcontrtol 】 加载正常
2017-09-05 14:46:00:359 (信息): - 插件【 WRSOCcontrtol 】 卸载正常
2017-09-05 14:46:00:375 (信息): 软件安全退出(-1)!

2017-09-05 14:49:57:095 (信息): 系统加载...
2017-09-05 14:49:57:395 (信息): 插件[  WRSOCcontrtol ]...
2017-09-05 14:49:57:404 (信息): + 插件【 WRSOCcontrtol 】 加载正常
2017-09-05 14:50:24:737 (信息): - 插件【 WRSOCcontrtol 】 卸载正常
2017-09-05 14:50:24:753 (信息): 软件安全退出(-1)!

2017-09-05 15:14:06:513 (信息): 系统加载...
2017-09-05 15:14:06:754 (信息): 插件[  WRSOCcontrtol ]...
2017-09-05 15:14:06:762 (信息): + 插件【 WRSOCcontrtol 】 加载正常

2017-09-05 15:38:47:851 (信息): 系统加载...
2017-09-05 15:38:48:082 (信息): 插件[  WRSOCcontrtol ]...
2017-09-05 15:38:48:088 (信息): + 插件【 WRSOCcontrtol 】 加载正常
2017-09-05 15:39:18:823 (信息): - 插件【 WRSOCcontrtol 】 卸载正常
2017-09-05 15:39:18:873 (信息): 软件安全退出(-1)!

2017-09-05 15:39:50:017 (信息): 系统加载...
2017-09-05 15:39:50:232 (信息): 插件[  WRSOCcontrtol ]...
2017-09-05 15:39:50:239 (信息): + 插件【 WRSOCcontrtol 】 加载正常

2017-09-05 16:34:49:096 (信息): 系统加载...
2017-09-05 16:34:49:330 (信息): 插件[  WRSOCcontrtol ]...
2017-09-05 16:34:49:336 (信息): + 插件【 WRSOCcontrtol 】 加载正常

2017-09-05 16:35:09:011 (信息): 系统加载...
2017-09-05 16:35:09:255 (信息): 插件[  WRSOCcontrtol ]...
2017-09-05 16:35:09:262 (信息): + 插件【 WRSOCcontrtol 】 加载正常
2017-09-05 16:36:19:240 (信息): - 插件【 WRSOCcontrtol 】 卸载正常
2017-09-05 16:36:19:271 (信息): 软件安全退出(-1)!

2017-09-06 11:37:06:258 (信息): 系统加载...
2017-09-06 11:37:06:491 (信息): 插件[  WRSOCcontrtol ]...
2017-09-06 11:37:06:498 (信息): + 插件【 WRSOCcontrtol 】 加载正常
2017-09-06 11:37:20:597 (错误): 配置文件configure.xml打开失败
2017-09-06 11:41:28:073 (错误): 配置文件configure.xml打开失败

2017-09-12 10:53:04:766 (信息): 系统加载...
2017-09-12 10:53:08:091 (信息): 插件[  WRSOCcontrtol ]...
2017-09-12 10:53:08:098 (信息): + 插件【 WRSOCcontrtol 】 加载正常
2017-09-12 10:53:12:750 (错误): 配置文件configure.xml打开失败
2017-09-12 10:54:33:294 (信息): - 插件【 WRSOCcontrtol 】 卸载正常
2017-09-12 10:54:33:311 (信息): 软件安全退出(-1)!

2017-09-12 10:55:00:994 (信息): 系统加载...
2017-09-12 10:55:01:250 (信息): 插件[  WRSOCcontrtol ]...
2017-09-12 10:55:01:255 (信息): + 插件【 WRSOCcontrtol 】 加载正常

2017-09-13 09:57:47:755 (信息): 系统加载...
2017-09-13 09:57:47:818 (信息): 插件[  WRSOCcontrtol ]...
2017-09-13 09:57:47:821 (信息): + 插件【 WRSOCcontrtol 】 加载正常
2017-09-13 09:57:50:106 (错误): 配置文件configure.xml打开失败

2017-09-13 09:58:16:741 (信息): 系统加载...
2017-09-13 09:58:16:801 (信息): 插件[  WRSOCcontrtol ]...
2017-09-13 09:58:16:804 (信息): + 插件【 WRSOCcontrtol 】 加载正常
2017-09-13 09:58:18:573 (错误): 配置文件configure.xml打开失败
2017-09-13 09:58:24:009 (信息): - 插件【 WRSOCcontrtol 】 卸载正常
2017-09-13 09:58:24:021 (信息): 软件安全退出(-1)!

2017-09-15 09:36:01:632 (信息): 系统加载...
2017-09-15 09:36:01:822 (信息): 插件[  WRSOCcontrtol ]...
2017-09-15 09:36:24:869 (信息): + 插件【 WRSOCcontrtol 】 加载正常
2017-09-15 09:36:27:181 (信息): - 插件【 WRSOCcontrtol 】 卸载正常
2017-09-15 09:36:27:192 (信息): 软件安全退出(-1)!

2017-09-15 09:36:29:918 (信息): 系统加载...

2017-09-15 09:37:38:614 (信息): 系统加载...

2017-09-15 09:53:13:153 (信息): 系统加载...
2017-09-15 09:53:13:287 (信息): 插件[  WRSOCcontrtol ]...
2017-09-15 09:53:58:377 (信息): + 插件【 WRSOCcontrtol 】 加载正常
2017-09-15 09:54:00:568 (信息): - 插件【 WRSOCcontrtol 】 卸载正常
2017-09-15 09:54:00:578 (信息): 软件安全退出(-1)!

2017-09-15 09:54:13:480 (信息): 系统加载...
2017-09-15 09:54:13:541 (信息): 插件[  WRSOCcontrtol ]...

2017-09-15 09:54:37:262 (信息): 系统加载...

2017-09-15 09:55:05:429 (信息): 系统加载...

2017-09-15 10:19:33:075 (信息): 系统加载...
2017-09-15 10:19:33:174 (信息): 插件[  WRSOCcontrtol ]...
2017-09-15 10:20:09:041 (信息): + 插件【 WRSOCcontrtol 】 加载正常
2017-09-15 10:20:27:270 (信息): - 插件【 WRSOCcontrtol 】 卸载正常
2017-09-15 10:20:27:287 (信息): 软件安全退出(-1)!

2017-09-15 11:41:07:016 (信息): 系统加载...
2017-09-15 11:41:07:080 (信息): 插件[  WRSOCcontrtol ]...
2017-09-15 11:41:07:085 (信息): + 插件【 WRSOCcontrtol 】 加载正常

2017-09-15 11:42:48:319 (信息): 系统加载...
2017-09-15 11:42:48:383 (信息): 插件[  WRSOCcontrtol ]...
2017-09-15 11:42:48:385 (信息): + 插件【 WRSOCcontrtol 】 加载正常

2017-09-15 11:49:28:859 (信息): 系统加载...
2017-09-15 11:49:28:945 (信息): 插件[  WRSOCcontrtol ]...
2017-09-15 11:49:28:951 (信息): + 插件【 WRSOCcontrtol 】 加载正常

2017-09-15 11:50:59:655 (信息): 系统加载...
2017-09-15 11:50:59:770 (信息): 插件[  WRSOCcontrtol ]...
2017-09-15 11:50:59:774 (信息): + 插件【 WRSOCcontrtol 】 加载正常

2017-09-15 11:51:54:917 (信息): 系统加载...
2017-09-15 11:51:55:024 (信息): 插件[  WRSOCcontrtol ]...
2017-09-15 11:51:55:030 (信息): + 插件【 WRSOCcontrtol 】 加载正常

2017-09-15 14:31:13:948 (信息): 系统加载...
2017-09-15 14:31:14:108 (信息): 插件[  WRSOCcontrtol ]...
2017-09-15 14:31:14:113 (信息): + 插件【 WRSOCcontrtol 】 加载正常
2017-09-15 14:31:17:643 (信息): - 插件【 WRSOCcontrtol 】 卸载正常
2017-09-15 14:31:17:655 (信息): 软件安全退出(-1)!

2017-09-15 14:31:23:130 (信息): 系统加载...
2017-09-15 14:31:23:187 (信息): 插件[  WRSOCcontrtol ]...
2017-09-15 14:31:23:192 (信息): + 插件【 WRSOCcontrtol 】 加载正常
2017-09-15 14:31:36:121 (信息): - 插件【 WRSOCcontrtol 】 卸载正常
2017-09-15 14:31:36:133 (信息): 软件安全退出(-1)!

2017-09-15 14:31:54:069 (信息): 系统加载...
2017-09-15 14:31:54:210 (信息): 插件[  WRSOCcontrtol ]...
2017-09-15 14:31:54:213 (信息): + 插件【 WRSOCcontrtol 】 加载正常

2017-09-15 14:34:19:429 (信息): 系统加载...
2017-09-15 14:34:19:563 (信息): 插件[  WRSOCcontrtol ]...
2017-09-15 14:34:19:567 (信息): + 插件【 WRSOCcontrtol 】 加载正常
2017-09-15 14:34:24:969 (信息): - 插件【 WRSOCcontrtol 】 卸载正常
2017-09-15 14:34:24:979 (信息): 软件安全退出(-1)!

2017-09-15 14:39:04:093 (信息): 系统加载...
2017-09-15 14:39:04:229 (信息): 插件[  WRSOCcontrtol ]...
2017-09-15 14:39:07:311 (信息): + 插件【 WRSOCcontrtol 】 加载正常

2017-09-15 14:45:54:425 (信息): 系统加载...
2017-09-15 14:45:54:496 (信息): 插件[  WRSOCcontrtol ]...
2017-09-15 14:45:55:510 (信息): + 插件【 WRSOCcontrtol 】 加载正常
2017-09-15 14:45:58:398 (信息): - 插件【 WRSOCcontrtol 】 卸载正常
2017-09-15 14:45:58:411 (信息): 软件安全退出(-1)!

2017-09-15 14:59:32:223 (信息): 系统加载...
2017-09-15 14:59:32:322 (信息): 插件[  WRSOCcontrtol ]...
2017-09-15 14:59:32:327 (信息): + 插件【 WRSOCcontrtol 】 加载正常

2017-09-15 16:19:33:795 (信息): 系统加载...
2017-09-15 16:19:33:868 (信息): 插件[  WRSOCcontrtol ]...
2017-09-15 16:19:37:215 (信息): + 插件【 WRSOCcontrtol 】 加载正常
2017-09-15 16:20:03:449 (信息): - 插件【 WRSOCcontrtol 】 卸载正常
2017-09-15 16:20:03:464 (信息): 软件安全退出(-1)!

2017-09-15 16:28:01:042 (信息): 系统加载...
2017-09-15 16:28:01:101 (信息): 插件[  WRSOCcontrtol ]...
2017-09-15 16:28:22:043 (信息): 软件安全退出(-1)!

2017-09-15 16:30:09:722 (信息): 系统加载...
2017-09-15 16:30:09:892 (信息): 插件[  WRSOCcontrtol ]...
2017-09-15 16:30:11:664 (信息): + 插件【 WRSOCcontrtol 】 加载正常

2017-09-15 16:38:46:490 (信息): 系统加载...
2017-09-15 16:38:46:646 (信息): 插件[  WRSOCcontrtol ]...
2017-09-15 16:38:55:254 (信息): + 插件【 WRSOCcontrtol 】 加载正常

2017-09-15 16:40:28:159 (信息): 系统加载...
2017-09-15 16:40:28:298 (信息): 插件[  WRSOCcontrtol ]...
2017-09-15 16:40:29:010 (信息): + 插件【 WRSOCcontrtol 】 加载正常

2017-09-15 16:41:23:379 (信息): 系统加载...
2017-09-15 16:41:23:437 (信息): 插件[  WRSOCcontrtol ]...

2017-09-15 16:43:42:809 (信息): 系统加载...
2017-09-15 16:43:42:868 (信息): 插件[  WRSOCcontrtol ]...
2017-09-15 16:43:43:738 (信息): + 插件【 WRSOCcontrtol 】 加载正常
2017-09-15 16:44:11:727 (信息): - 插件【 WRSOCcontrtol 】 卸载正常
2017-09-15 16:44:11:742 (信息): 软件安全退出(-1)!

2017-09-15 16:48:31:676 (信息): 系统加载...
2017-09-15 16:48:31:745 (信息): 插件[  WRSOCcontrtol ]...
2017-09-15 16:48:32:677 (信息): + 插件【 WRSOCcontrtol 】 加载正常
2017-09-15 16:48:43:186 (信息): - 插件【 WRSOCcontrtol 】 卸载正常
2017-09-15 16:48:43:198 (信息): 软件安全退出(-1)!

2017-09-15 16:50:16:174 (信息): 系统加载...
2017-09-15 16:50:16:263 (信息): 插件[  WRSOCcontrtol ]...
2017-09-15 16:50:16:268 (信息): + 插件【 WRSOCcontrtol 】 加载正常
2017-09-15 16:50:27:844 (信息): - 插件【 WRSOCcontrtol 】 卸载正常
2017-09-15 16:50:27:858 (信息): 软件安全退出(-1)!

2017-09-15 16:53:42:163 (信息): 系统加载...
2017-09-15 16:53:42:218 (信息): 插件[  WRSOCcontrtol ]...
2017-09-15 16:53:42:223 (信息): + 插件【 WRSOCcontrtol 】 加载正常
2017-09-15 16:53:52:970 (信息): - 插件【 WRSOCcontrtol 】 卸载正常
2017-09-15 16:53:52:981 (信息): 软件安全退出(-1)!

2017-09-15 16:53:57:721 (信息): 系统加载...
2017-09-15 16:53:57:778 (信息): 插件[  WRSOCcontrtol ]...
2017-09-15 16:53:59:536 (信息): + 插件【 WRSOCcontrtol 】 加载正常
2017-09-15 16:54:18:719 (信息): - 插件【 WRSOCcontrtol 】 卸载正常
2017-09-15 16:54:18:732 (信息): 软件安全退出(-1)!

2017-09-15 16:54:38:161 (信息): 系统加载...
2017-09-15 16:54:38:226 (信息): 插件[  WRSOCcontrtol ]...
2017-09-15 16:54:39:981 (信息): + 插件【 WRSOCcontrtol 】 加载正常

2017-09-15 17:15:09:996 (信息): 系统加载...
2017-09-15 17:15:10:054 (信息): 插件[  WRSOCcontrtol ]...
2017-09-15 17:15:10:058 (信息): + 插件【 WRSOCcontrtol 】 加载正常

2017-09-15 17:15:19:227 (信息): 系统加载...
2017-09-15 17:15:19:306 (信息): 插件[  WRSOCcontrtol ]...
2017-09-15 17:15:19:311 (信息): + 插件【 WRSOCcontrtol 】 加载正常

2017-09-15 17:15:49:195 (信息): 系统加载...
2017-09-15 17:15:49:240 (信息): 插件[  WRSOCcontrtol ]...
2017-09-15 17:15:49:246 (信息): + 插件【 WRSOCcontrtol 】 加载正常

2017-09-15 17:16:09:443 (信息): 系统加载...
2017-09-15 17:16:09:553 (信息): 插件[  WRSOCcontrtol ]...
2017-09-15 17:16:09:558 (信息): + 插件【 WRSOCcontrtol 】 加载正常

2017-09-15 17:16:59:866 (信息): 系统加载...
2017-09-15 17:16:59:925 (信息): 插件[  WRSOCcontrtol ]...
2017-09-15 17:16:59:930 (信息): + 插件【 WRSOCcontrtol 】 加载正常

2017-09-15 17:18:32:467 (信息): 系统加载...
2017-09-15 17:18:32:541 (信息): 插件[  WRSOCcontrtol ]...
2017-09-15 17:18:32:546 (信息): + 插件【 WRSOCcontrtol 】 加载正常

2017-09-15 17:19:19:353 (信息): 系统加载...
2017-09-15 17:19:19:441 (信息): 插件[  WRSOCcontrtol ]...
2017-09-15 17:19:19:444 (信息): + 插件【 WRSOCcontrtol 】 加载正常
2017-09-15 17:19:27:328 (信息): - 插件【 WRSOCcontrtol 】 卸载正常
2017-09-15 17:19:27:340 (信息): 软件安全退出(-1)!

2017-09-15 17:20:13:267 (信息): 系统加载...

2017-09-15 17:21:13:760 (信息): 系统加载...
2017-09-15 17:21:13:832 (信息): 插件[  WRSOCcontrtol ]...
2017-09-15 17:21:53:538 (信息): + 插件【 WRSOCcontrtol 】 加载正常

2017-09-15 17:22:40:862 (信息): 系统加载...
2017-09-15 17:22:40:960 (信息): 插件[  WRSOCcontrtol ]...
2017-09-15 17:22:43:492 (信息): + 插件【 WRSOCcontrtol 】 加载正常

2017-09-15 17:23:15:818 (信息): 系统加载...
2017-09-15 17:23:15:902 (信息): 插件[  WRSOCcontrtol ]...
2017-09-15 17:23:15:907 (信息): + 插件【 WRSOCcontrtol 】 加载正常
2017-09-15 17:24:59:536 (信息): - 插件【 WRSOCcontrtol 】 卸载正常
2017-09-15 17:24:59:552 (信息): 软件安全退出(-1)!

2017-09-15 17:29:34:247 (信息): 系统加载...
2017-09-15 17:29:34:346 (信息): 插件[  WRSOCcontrtol ]...
2017-09-15 17:29:34:350 (信息): + 插件【 WRSOCcontrtol 】 加载正常

2017-09-15 17:31:58:640 (信息): 系统加载...
2017-09-15 17:31:58:715 (信息): 插件[  WRSOCcontrtol ]...
2017-09-15 17:31:58:720 (信息): + 插件【 WRSOCcontrtol 】 加载正常
2017-09-15 17:32:02:335 (信息): - 插件【 WRSOCcontrtol 】 卸载正常
2017-09-15 17:32:02:346 (信息): 软件安全退出(-1)!

2017-09-15 17:33:28:076 (信息): 系统加载...
2017-09-15 17:33:28:135 (信息): 插件[  WRSOCcontrtol ]...
2017-09-15 17:33:28:140 (信息): + 插件【 WRSOCcontrtol 】 加载正常
2017-09-15 17:33:41:980 (信息): - 插件【 WRSOCcontrtol 】 卸载正常
2017-09-15 17:33:41:989 (信息): 软件安全退出(-1)!

2017-09-15 17:34:21:486 (信息): 系统加载...
2017-09-15 17:34:21:548 (信息): 插件[  WRSOCcontrtol ]...
2017-09-15 17:34:21:551 (错误): 读取配置文件失败！使用默认配置
2017-09-15 17:34:21:591 (信息): + 插件【 WRSOCcontrtol 】 加载正常
2017-09-15 17:34:49:556 (信息): - 插件【 WRSOCcontrtol 】 卸载正常
2017-09-15 17:34:49:567 (信息): 软件安全退出(-1)!

2017-09-15 17:34:52:056 (信息): 系统加载...
2017-09-15 17:34:52:126 (信息): 插件[  WRSOCcontrtol ]...
2017-09-15 17:34:52:131 (信息): + 插件【 WRSOCcontrtol 】 加载正常
2017-09-15 17:35:15:936 (信息): - 插件【 WRSOCcontrtol 】 卸载正常
2017-09-15 17:35:15:948 (信息): 软件安全退出(-1)!

2017-09-15 17:35:42:307 (信息): 系统加载...
2017-09-15 17:35:42:388 (信息): 插件[  WRSOCcontrtol ]...
2017-09-15 17:35:42:393 (信息): + 插件【 WRSOCcontrtol 】 加载正常

2017-09-15 17:36:42:162 (信息): 系统加载...
2017-09-15 17:36:42:255 (信息): 插件[  WRSOCcontrtol ]...
2017-09-15 17:36:42:260 (信息): + 插件【 WRSOCcontrtol 】 加载正常

2017-09-15 17:45:04:343 (信息): 系统加载...
2017-09-15 17:45:04:433 (信息): 插件[  WRSOCcontrtol ]...
2017-09-15 17:45:04:439 (信息): + 插件【 WRSOCcontrtol 】 加载正常

2017-09-15 17:46:24:199 (信息): 系统加载...
2017-09-15 17:46:24:277 (信息): 插件[  WRSOCcontrtol ]...
2017-09-15 17:46:24:280 (错误): 读取配置文件失败！使用默认配置
2017-09-15 17:46:24:376 (信息): + 插件【 WRSOCcontrtol 】 加载正常
2017-09-15 17:46:42:031 (信息): - 插件【 WRSOCcontrtol 】 卸载正常
2017-09-15 17:46:42:042 (信息): 软件安全退出(-1)!

2017-09-15 17:52:03:768 (信息): 系统加载...
2017-09-15 17:52:03:853 (信息): 插件[  WRSOCcontrtol ]...
2017-09-15 17:52:03:858 (信息): + 插件【 WRSOCcontrtol 】 加载正常
2017-09-15 17:52:06:005 (错误): 本地网络IP不符合规定，使用默认IP
2017-09-15 17:52:06:006 (错误): 本地网络IP不符合规定，使用默认IP
2017-09-15 17:52:06:007 (错误): 本地网络IP不符合规定，使用默认IP
2017-09-15 17:52:06:008 (错误): 本地网络IP不符合规定，使用默认IP
2017-09-15 17:52:30:766 (信息): - 插件【 WRSOCcontrtol 】 卸载正常
2017-09-15 17:52:30:778 (信息): 软件安全退出(-1)!

2017-09-15 17:52:54:187 (信息): 系统加载...
2017-09-15 17:52:54:248 (信息): 插件[  WRSOCcontrtol ]...
2017-09-15 17:52:54:252 (信息): + 插件【 WRSOCcontrtol 】 加载正常

2017-09-15 17:54:42:017 (信息): 系统加载...
2017-09-15 17:54:42:108 (信息): 插件[  WRSOCcontrtol ]...
2017-09-15 17:54:42:113 (信息): + 插件【 WRSOCcontrtol 】 加载正常
2017-09-15 17:55:05:569 (信息): - 插件【 WRSOCcontrtol 】 卸载正常
2017-09-15 17:55:05:582 (信息): 软件安全退出(-1)!

2017-09-28 09:46:25:871 (信息): 系统加载...
2017-09-28 09:46:26:013 (信息): 插件[  WRSOCcontrtol ]...
2017-09-28 09:46:26:027 (信息): + 插件【 WRSOCcontrtol 】 加载正常
2017-09-28 09:46:57:962 (信息): - 插件【 WRSOCcontrtol 】 卸载正常
2017-09-28 09:46:57:975 (信息): 软件安全退出(-1)!
