
2017-11-01 09:38:16:013 (信息): 系统加载...
2017-11-01 09:38:16:234 (信息): 插件[  WRSOCcontrtol ]...
2017-11-01 09:38:16:246 (信息): Config.xml配置文件读取成功
2017-11-01 09:38:16:248 (信息): DirConfig.xml配置文件读取成功
2017-11-01 09:38:16:286 (信息): + 插件【 WRSOCcontrtol 】 加载正常
2017-11-01 09:38:20:265 (信息): sensorA 
2017-11-01 09:38:20:495 (信息): sensorA insert
2017-11-01 09:38:20:495 (信息): sensorB 
2017-11-01 09:38:20:710 (信息): sensorB insert
2017-11-01 09:38:23:981 (信息): 程序退出中......
2017-11-01 09:38:24:187 (信息): - 插件【 WRSOCcontrtol 】 卸载正常
2017-11-01 09:38:24:197 (信息): 软件安全退出(-1)!

2017-11-01 10:07:55:973 (信息): 系统加载...
2017-11-01 10:09:23:055 (信息): 软件安全退出(-1)!

2017-11-01 10:09:54:252 (信息): 系统加载...
2017-11-01 10:10:00:252 (信息): 插件[  WRSOCcontrtol ]...
2017-11-01 10:10:00:264 (信息): + 插件【 WRSOCcontrtol 】 加载正常
2017-11-01 10:10:25:765 (信息): - 插件【 WRSOCcontrtol 】 卸载正常
2017-11-01 10:10:25:783 (信息): 软件安全退出(-1)!

2017-11-01 10:10:45:423 (信息): 系统加载...
2017-11-01 10:10:55:949 (信息): 插件[  WRSOCcontrtol ]...
2017-11-01 10:10:55:981 (信息): + 插件【 WRSOCcontrtol 】 加载正常
2017-11-01 10:11:14:561 (信息): - 插件【 WRSOCcontrtol 】 卸载正常
2017-11-01 10:11:14:568 (信息): 软件安全退出(-1)!

2017-11-01 10:11:20:563 (信息): 系统加载...
2017-11-01 10:11:27:150 (信息): 插件[  WRSOCcontrtol ]...
2017-11-01 10:11:27:179 (信息): + 插件【 WRSOCcontrtol 】 加载正常
2017-11-01 10:12:00:898 (信息): - 插件【 WRSOCcontrtol 】 卸载正常
2017-11-01 10:12:00:905 (信息): 软件安全退出(-1)!

2017-11-01 10:12:08:842 (信息): 系统加载...
2017-11-01 10:12:15:539 (信息): 插件[  WRSOCcontrtol ]...
2017-11-01 10:12:15:572 (信息): + 插件【 WRSOCcontrtol 】 加载正常

2017-11-01 10:12:45:701 (信息): 系统加载...
2017-11-01 10:12:52:019 (信息): 插件[  WRSOCcontrtol ]...
2017-11-01 10:12:52:066 (信息): + 插件【 WRSOCcontrtol 】 加载正常
2017-11-01 10:13:18:450 (信息): - 插件【 WRSOCcontrtol 】 卸载正常
2017-11-01 10:13:18:457 (信息): 软件安全退出(-1)!

2017-11-01 10:14:48:845 (信息): 系统加载...
2017-11-01 10:15:21:468 (信息): 插件[  WRSOCcontrtol ]...
2017-11-01 10:15:24:906 (信息): + 插件【 WRSOCcontrtol 】 加载正常

2017-11-01 10:17:56:510 (信息): 系统加载...
2017-11-01 10:18:34:099 (信息): 插件[  WRSOCcontrtol ]...
2017-11-01 10:19:13:424 (信息): + 插件【 WRSOCcontrtol 】 加载正常

2017-11-01 10:19:55:964 (信息): 系统加载...
2017-11-01 10:20:35:430 (信息): 插件[  WRSOCcontrtol ]...
2017-11-01 10:21:56:110 (信息): + 插件【 WRSOCcontrtol 】 加载正常

2017-11-01 10:24:05:270 (信息): 系统加载...
2017-11-01 10:25:42:644 (信息): 插件[  WRSOCcontrtol ]...
2017-11-01 10:26:13:580 (信息): + 插件【 WRSOCcontrtol 】 加载正常

2017-11-01 10:26:44:292 (信息): 系统加载...

2017-11-01 10:28:51:993 (信息): 系统加载...
2017-11-01 10:29:25:132 (信息): 插件[  WRSOCcontrtol ]...
2017-11-01 10:30:45:489 (信息): + 插件【 WRSOCcontrtol 】 加载正常
2017-11-01 10:30:53:975 (信息): - 插件【 WRSOCcontrtol 】 卸载正常
2017-11-01 10:30:53:982 (信息): 软件安全退出(-1)!

2017-11-01 10:31:01:860 (信息): 系统加载...
2017-11-01 10:31:48:653 (信息): 插件[  WRSOCcontrtol ]...
2017-11-01 10:31:50:368 (信息): + 插件【 WRSOCcontrtol 】 加载正常

2017-11-01 10:32:08:216 (信息): 系统加载...

2017-11-01 10:33:23:311 (信息): 系统加载...

2017-11-01 10:37:36:566 (信息): 系统加载...
2017-11-01 10:37:44:357 (信息): 插件[  WRSOCcontrtol ]...
2017-11-01 10:37:46:881 (信息): Config.xml配置文件读取成功
2017-11-01 10:37:47:590 (信息): DirConfig.xml配置文件读取成功
2017-11-01 10:37:47:638 (信息): + 插件【 WRSOCcontrtol 】 加载正常
2017-11-01 10:38:04:895 (信息): sensorA 
2017-11-01 10:38:07:280 (信息): sensorA insert
2017-11-01 10:38:07:280 (信息): sensorB 
2017-11-01 10:38:07:500 (信息): sensorB insert
2017-11-01 10:38:12:838 (信息): 程序退出中......
2017-11-01 10:38:12:947 (信息): - 插件【 WRSOCcontrtol 】 卸载正常
2017-11-01 10:38:12:952 (信息): 软件安全退出(-1)!

2017-11-01 10:38:25:029 (信息): 系统加载...
2017-11-01 10:38:25:056 (信息): 插件[  WRSOCcontrtol ]...
2017-11-01 10:38:25:058 (信息): Config.xml配置文件读取成功
2017-11-01 10:38:25:058 (信息): DirConfig.xml配置文件读取成功
2017-11-01 10:38:25:075 (信息): + 插件【 WRSOCcontrtol 】 加载正常
2017-11-01 10:38:29:062 (信息): sensorA 
2017-11-01 10:38:29:284 (信息): sensorA insert
2017-11-01 10:38:29:284 (信息): sensorB 
2017-11-01 10:38:29:501 (信息): sensorB insert
2017-11-01 10:38:32:806 (信息): 程序退出中......
2017-11-01 10:38:33:008 (信息): - 插件【 WRSOCcontrtol 】 卸载正常
2017-11-01 10:38:33:016 (信息): 软件安全退出(-1)!

2017-11-01 10:48:01:322 (信息): 系统加载...
2017-11-01 10:48:01:347 (信息): 插件[  WRSOCcontrtol ]...
2017-11-01 10:48:01:349 (信息): Config.xml配置文件读取成功
2017-11-01 10:48:01:350 (信息): DirConfig.xml配置文件读取成功
2017-11-01 10:48:01:361 (信息): + 插件【 WRSOCcontrtol 】 加载正常
2017-11-01 10:48:05:338 (信息): sensorA 
2017-11-01 10:48:05:545 (信息): sensorA insert
2017-11-01 10:48:05:545 (信息): sensorB 
2017-11-01 10:48:05:742 (信息): sensorB insert
2017-11-01 10:48:35:141 (信息): 程序退出中......
2017-11-01 10:48:35:244 (信息): - 插件【 WRSOCcontrtol 】 卸载正常
2017-11-01 10:48:35:252 (信息): 软件安全退出(-1)!

2017-11-01 10:51:40:973 (信息): 系统加载...
2017-11-01 10:51:40:999 (信息): 插件[  WRSOCcontrtol ]...
2017-11-01 10:51:41:000 (信息): Config.xml配置文件读取成功
2017-11-01 10:51:41:001 (信息): DirConfig.xml配置文件读取成功
2017-11-01 10:51:41:018 (信息): + 插件【 WRSOCcontrtol 】 加载正常
2017-11-01 10:51:44:995 (信息): sensorA 
2017-11-01 10:51:45:596 (信息): sensorA 
2017-11-01 10:51:46:097 (信息): sensorA 
2017-11-01 10:51:46:107 (信息): sensorA 
2017-11-01 10:51:46:316 (信息): sensorA 
2017-11-01 10:51:46:356 (信息): sensorA 
2017-11-01 10:51:46:536 (信息): sensorA 
2017-11-01 10:51:46:566 (信息): sensorA 
2017-11-01 10:51:46:756 (信息): sensorA 
2017-11-01 10:51:46:796 (信息): sensorA 
2017-11-01 10:51:46:976 (信息): sensorA 
2017-11-01 10:51:47:026 (信息): sensorA 
2017-11-01 10:51:47:205 (信息): sensorA 
2017-11-01 10:51:47:706 (信息): sensorA 
2017-11-01 10:51:47:809 (信息): sensorA insert
2017-11-01 10:51:47:809 (信息): sensorB 
2017-11-01 10:51:48:007 (信息): sensorB insert
2017-11-01 10:52:44:994 (信息): sensorA 
2017-11-01 10:52:45:201 (信息): sensorA insert
2017-11-01 10:52:45:201 (信息): sensorB 
2017-11-01 10:52:45:807 (信息): sensorB 
2017-11-01 10:52:46:308 (信息): sensorB 
2017-11-01 10:52:46:308 (信息): sensorB 
2017-11-01 10:52:46:338 (信息): sensorB 
2017-11-01 10:52:46:527 (信息): sensorB 
2017-11-01 10:52:46:557 (信息): sensorB 
2017-11-01 10:52:46:748 (信息): sensorB 
2017-11-01 10:52:46:787 (信息): sensorB 
2017-11-01 10:52:46:967 (信息): sensorB 
2017-11-01 10:52:47:468 (信息): sensorB 
2017-11-01 10:52:47:567 (信息): sensorB insert
2017-11-01 10:53:01:158 (信息): 程序退出中......
2017-11-01 10:53:01:347 (信息): - 插件【 WRSOCcontrtol 】 卸载正常
2017-11-01 10:53:01:354 (信息): 软件安全退出(-1)!

2017-11-01 11:07:17:392 (信息): 系统加载...
2017-11-01 11:07:17:420 (信息): 插件[  WRSOCcontrtol ]...
2017-11-01 11:07:17:421 (信息): Config.xml配置文件读取成功
2017-11-01 11:07:17:422 (信息): DirConfig.xml配置文件读取成功
2017-11-01 11:07:17:441 (信息): + 插件【 WRSOCcontrtol 】 加载正常
2017-11-01 11:07:19:617 (信息): 程序退出中......
2017-11-01 11:07:19:785 (信息): - 插件【 WRSOCcontrtol 】 卸载正常
2017-11-01 11:07:19:798 (信息): 软件安全退出(-1)!

2017-11-01 11:38:18:456 (信息): 系统加载...
2017-11-01 11:38:18:481 (信息): 插件[  WRSOCcontrtol ]...
2017-11-01 11:38:18:484 (信息): Config.xml配置文件读取成功
2017-11-01 11:38:18:485 (信息): DirConfig.xml配置文件读取成功
2017-11-01 11:38:18:485 (信息): + 插件【 WRSOCcontrtol 】 加载正常
2017-11-01 11:38:22:732 (信息): 程序退出中......
2017-11-01 11:38:22:779 (信息): - 插件【 WRSOCcontrtol 】 卸载正常
2017-11-01 11:38:22:790 (信息): 软件安全退出(-1)!

2017-11-01 11:47:19:373 (信息): 系统加载...
2017-11-01 11:47:19:393 (信息): 插件[  WRSOCcontrtol ]...
2017-11-01 11:47:19:395 (信息): Config.xml配置文件读取成功
2017-11-01 11:47:19:395 (信息): DirConfig.xml配置文件读取成功
2017-11-01 11:47:19:396 (信息): + 插件【 WRSOCcontrtol 】 加载正常
2017-11-01 11:47:22:437 (信息): 程序退出中......
2017-11-01 11:47:22:517 (信息): - 插件【 WRSOCcontrtol 】 卸载正常
2017-11-01 11:47:22:531 (信息): 软件安全退出(-1)!

2017-11-01 11:47:33:420 (信息): 系统加载...
2017-11-01 11:47:41:734 (信息): 软件安全退出(-1)!

2017-11-01 11:47:48:652 (信息): 系统加载...
2017-11-01 11:47:48:709 (信息): 插件[  WRSOCcontrtol ]...
2017-11-01 11:47:48:711 (信息): Config.xml配置文件读取成功
2017-11-01 11:47:48:711 (信息): DirConfig.xml配置文件读取成功
2017-11-01 11:47:48:712 (信息): + 插件【 WRSOCcontrtol 】 加载正常
2017-11-01 11:47:51:742 (信息): 程序退出中......
2017-11-01 11:47:51:796 (信息): - 插件【 WRSOCcontrtol 】 卸载正常
2017-11-01 11:47:51:809 (信息): 软件安全退出(-1)!

2017-11-01 13:45:23:089 (信息): 系统加载...
2017-11-01 13:45:31:100 (信息): 软件安全退出(-1)!

2017-11-01 13:45:41:050 (信息): 系统加载...
2017-11-01 13:45:41:106 (信息): 插件[  WRSOCcontrtol ]...
2017-11-01 13:45:41:108 (信息): Config.xml配置文件读取成功
2017-11-01 13:45:41:109 (信息): DirConfig.xml配置文件读取成功
2017-11-01 13:45:41:109 (信息): + 插件【 WRSOCcontrtol 】 加载正常
2017-11-01 13:45:46:931 (信息): 程序退出中......
2017-11-01 13:45:47:001 (信息): - 插件【 WRSOCcontrtol 】 卸载正常
2017-11-01 13:45:47:010 (信息): 软件安全退出(-1)!

2017-11-01 13:50:20:312 (信息): 系统加载...
2017-11-01 13:50:20:339 (信息): 插件[  WRSOCcontrtol ]...
2017-11-01 13:50:20:341 (信息): Config.xml配置文件读取成功
2017-11-01 13:50:20:341 (信息): DirConfig.xml配置文件读取成功
2017-11-01 13:50:20:343 (信息): + 插件【 WRSOCcontrtol 】 加载正常
2017-11-01 13:50:28:747 (信息): 程序退出中......
2017-11-01 13:50:28:756 (信息): - 插件【 WRSOCcontrtol 】 卸载正常
2017-11-01 13:50:28:764 (信息): 软件安全退出(-1)!

2017-11-07 14:26:18:912 (信息): 系统加载...
2017-11-07 14:26:32:958 (信息): 软件安全退出(-1)!

2017-11-07 14:27:22:011 (信息): 系统加载...
2017-11-07 14:27:28:629 (信息): 插件[  WRSOCcontrtol ]...
2017-11-07 14:27:28:637 (信息): + 插件【 WRSOCcontrtol 】 加载正常

2017-11-07 14:29:27:980 (信息): 系统加载...
2017-11-07 14:29:28:015 (信息): 插件[  WRSOCcontrtol ]...
2017-11-07 14:29:28:017 (信息): Config.xml配置文件读取成功
2017-11-07 14:29:28:018 (信息): DirConfig.xml配置文件读取成功
2017-11-07 14:29:28:043 (信息): success
2017-11-07 14:29:28:044 (信息): REC CHAN TEST SIGNALS DEGRADED 
2017-11-07 14:29:28:045 (信息): REC CHAN TEST SIGNALS DEGRADED 
2017-11-07 14:29:28:045 (信息): REC CHAN TEST SIGNALS DEGRADED 
2017-11-07 14:29:28:046 (信息): REC CHAN TEST SIGNALS DEGRADED 
2017-11-07 14:29:28:046 (信息): REC CHAN TEST SIGNALS DEGRADED 
2017-11-07 14:29:28:047 (信息): REC CHAN TEST SIGNALS DEGRADED 
2017-11-07 14:29:28:047 (信息): REC CHAN TEST SIGNALS DEGRADED 
2017-11-07 14:29:28:048 (信息): REC CHAN TEST SIGNALS DEGRADED 
2017-11-07 14:29:28:092 (信息): insert OK
2017-11-07 14:29:28:093 (信息): + 插件【 WRSOCcontrtol 】 加载正常
2017-11-07 14:32:01:546 (信息): 程序退出中......
2017-11-07 14:32:01:617 (信息): - 插件【 WRSOCcontrtol 】 卸载正常
2017-11-07 14:32:01:622 (信息): 软件安全退出(-1)!

2017-11-10 17:49:14:488 (信息): 系统加载...
2017-11-10 17:49:14:562 (信息): 插件[  WRSOCcontrtol ]...
2017-11-10 17:49:14:567 (信息): Config.xml配置文件读取成功
2017-11-10 17:49:14:568 (信息): DirConfig.xml配置文件读取成功
2017-11-10 17:49:14:576 (信息): success
2017-11-10 17:49:14:578 (信息): REC CHAN TEST SIGNALS DEGRADED 
2017-11-10 17:49:14:579 (信息): REC CHAN TEST SIGNALS DEGRADED 
2017-11-10 17:49:14:579 (信息): REC CHAN TEST SIGNALS DEGRADED 
2017-11-10 17:49:14:580 (信息): REC CHAN TEST SIGNALS DEGRADED 
2017-11-10 17:49:14:580 (信息): REC CHAN TEST SIGNALS DEGRADED 
2017-11-10 17:49:14:580 (信息): REC CHAN TEST SIGNALS DEGRADED 
2017-11-10 17:49:14:581 (信息): REC CHAN TEST SIGNALS DEGRADED 
2017-11-10 17:49:14:581 (信息): REC CHAN TEST SIGNALS DEGRADED 
2017-11-10 17:49:14:584 (信息): INSERT INTO alarminfo (time, 					 endTime, 					 type, 					 alarmName, 					 level, 					 mode, 					 content, 					 origin) VALUES(1,2,'aa','bbb',3,'eee','wee',5
2017-11-10 17:49:14:585 (错误): You have an error in your SQL syntax; check the manual that corresponds to your MariaDB server version for the right syntax to use near '' at line 1
2017-11-10 17:49:14:586 (信息): + 插件【 WRSOCcontrtol 】 加载正常
2017-11-10 17:49:30:768 (信息): 程序退出中......
2017-11-10 17:49:30:776 (信息): - 插件【 WRSOCcontrtol 】 卸载正常
2017-11-10 17:49:30:790 (信息): 软件安全退出(-1)!

2017-11-24 14:56:41:332 (信息): 系统加载...
2017-11-24 14:56:51:914 (信息): 插件[  GuangXi ]...
2017-11-24 14:56:51:932 (信息): + 插件【 GuangXi 】 加载正常
2017-11-24 14:57:16:988 (信息): - 插件【 GuangXi 】 卸载正常
2017-11-24 14:57:17:004 (信息): 软件安全退出(-1)!

2017-11-24 14:57:33:214 (信息): 系统加载...
2017-11-24 14:57:33:244 (信息): 插件[  GuangXi ]...
2017-11-24 14:57:33:247 (信息): 配置文件读取成功
2017-11-24 14:57:33:253 (信息): 数据库打开成功
2017-11-24 14:57:33:254 (信息): + 插件【 GuangXi 】 加载正常
2017-11-24 14:58:23:430 (信息): - 插件【 GuangXi 】 卸载正常
2017-11-24 14:58:23:442 (信息): 软件安全退出(-1)!

2017-11-24 15:07:56:021 (信息): 系统加载...
2017-11-24 15:07:56:055 (信息): 插件[  GuangXi ]...
2017-11-24 15:07:56:059 (信息): 配置文件读取成功
2017-11-24 15:07:56:064 (信息): 数据库打开成功
2017-11-24 15:07:56:065 (信息): + 插件【 GuangXi 】 加载正常

2017-11-24 16:58:47:982 (信息): 系统加载...
2017-11-24 16:58:48:008 (信息): 插件[  GuangXi ]...
2017-11-24 16:58:48:012 (信息): 配置文件读取成功
2017-11-24 16:58:48:019 (信息): 数据库打开成功
2017-11-24 16:58:48:020 (信息): + 插件【 GuangXi 】 加载正常

2017-11-25 11:48:54:007 (信息): 系统加载...
2017-11-25 11:48:54:036 (信息): 插件[  GuangXi ]...
2017-11-25 11:48:54:039 (信息): 配置文件读取成功
2017-11-25 11:48:54:044 (信息): 数据库打开成功
2017-11-25 11:48:54:045 (信息): + 插件【 GuangXi 】 加载正常

2017-11-25 12:00:30:962 (信息): 系统加载...
2017-11-25 12:00:31:004 (信息): 插件[  GuangXi ]...
2017-11-25 12:00:31:007 (信息): 配置文件读取成功
2017-11-25 12:00:31:012 (信息): 数据库打开成功
2017-11-25 12:00:31:013 (信息): + 插件【 GuangXi 】 加载正常

2017-11-25 12:54:27:091 (信息): 系统加载...
2017-11-25 12:54:27:127 (信息): 插件[  GuangXi ]...
2017-11-25 12:54:27:131 (信息): 配置文件读取成功
2017-11-25 12:54:27:136 (信息): 数据库打开成功
2017-11-25 12:54:27:137 (信息): + 插件【 GuangXi 】 加载正常
2017-11-25 13:16:43:177 (信息): - 插件【 GuangXi 】 卸载正常
2017-11-25 13:16:43:188 (信息): 软件安全退出(-1)!

2017-11-25 13:18:24:856 (信息): 系统加载...
2017-11-25 13:18:24:884 (信息): 插件[  GuangXi ]...
2017-11-25 13:18:24:888 (信息): 配置文件读取成功
2017-11-25 13:18:24:895 (信息): 数据库打开成功
2017-11-25 13:18:24:896 (信息): + 插件【 GuangXi 】 加载正常

2017-11-25 13:22:50:419 (信息): 系统加载...
2017-11-25 13:22:50:447 (信息): 插件[  GuangXi ]...
2017-11-25 13:22:50:451 (信息): 配置文件读取成功
2017-11-25 13:22:50:455 (信息): 数据库打开成功
2017-11-25 13:22:50:456 (信息): + 插件【 GuangXi 】 加载正常

2017-11-25 14:37:25:688 (信息): 系统加载...
2017-11-25 14:37:25:726 (信息): 插件[  GuangXi ]...
2017-11-25 14:37:25:729 (信息): 配置文件读取成功
2017-11-25 14:37:25:734 (信息): 数据库打开成功
2017-11-25 14:37:25:735 (信息): + 插件【 GuangXi 】 加载正常
2017-11-25 15:50:48:978 (信息): - 插件【 GuangXi 】 卸载正常
2017-11-25 15:50:48:986 (信息): 软件安全退出(-1)!

2017-11-25 15:50:58:748 (信息): 系统加载...
2017-11-25 15:50:58:775 (信息): 插件[  GuangXi ]...
2017-11-25 15:50:58:779 (信息): 配置文件读取成功
2017-11-25 15:50:58:784 (信息): 数据库打开成功
2017-11-25 15:50:58:785 (信息): + 插件【 GuangXi 】 加载正常

2017-11-25 16:00:57:707 (信息): 系统加载...
2017-11-25 16:00:57:737 (信息): 插件[  GuangXi ]...
2017-11-25 16:00:57:740 (信息): 配置文件读取成功
2017-11-25 16:00:57:744 (信息): 数据库打开成功
2017-11-25 16:00:57:745 (信息): + 插件【 GuangXi 】 加载正常
2017-11-25 16:01:32:819 (信息): - 插件【 GuangXi 】 卸载正常
2017-11-25 16:01:32:829 (信息): 软件安全退出(-1)!

2017-11-25 16:01:40:326 (信息): 系统加载...
2017-11-25 16:01:40:351 (信息): 插件[  GuangXi ]...
2017-11-25 16:01:40:354 (信息): 配置文件读取成功
2017-11-25 16:01:40:360 (信息): 数据库打开成功
2017-11-25 16:01:40:361 (信息): + 插件【 GuangXi 】 加载正常

2017-11-27 08:57:35:271 (信息): 系统加载...
2017-11-27 08:57:35:304 (信息): 插件[  GuangXi ]...
2017-11-27 08:57:35:308 (信息): 配置文件读取成功
2017-11-27 08:57:35:315 (信息): 数据库打开成功
2017-11-27 08:57:35:316 (信息): + 插件【 GuangXi 】 加载正常

2017-11-27 13:34:45:708 (信息): 系统加载...
2017-11-27 13:34:45:738 (信息): 插件[  GuangXi ]...
2017-11-27 13:34:45:741 (信息): 配置文件读取成功
2017-11-27 13:34:45:748 (信息): 数据库打开成功
2017-11-27 13:34:45:749 (信息): + 插件【 GuangXi 】 加载正常
2017-11-27 13:35:00:888 (信息): - 插件【 GuangXi 】 卸载正常
2017-11-27 13:35:00:898 (信息): 软件安全退出(-1)!

2017-11-27 14:00:12:710 (信息): 系统加载...
2017-11-27 14:00:12:765 (信息): 插件[  GuangXi ]...
2017-11-27 14:00:12:767 (信息): 配置文件读取成功
2017-11-27 14:00:12:774 (信息): 数据库打开成功
2017-11-27 14:00:12:775 (信息): + 插件【 GuangXi 】 加载正常
2017-11-27 14:00:12:826 (错误): 20171124170139Pingtu.bin
2017-11-27 14:00:17:939 (错误): 20171124170139Pingtu.bin
2017-11-27 14:00:22:939 (错误): 20171124170139Pingtu.bin
2017-11-27 14:00:27:940 (错误): 20171124170139Pingtu.bin
2017-11-27 14:00:32:940 (错误): 20171124170139Pingtu.bin
2017-11-27 14:00:37:941 (错误): 20171124170139Pingtu.bin
2017-11-27 14:00:42:941 (错误): 20171124170139Pingtu.bin
2017-11-27 14:00:47:941 (错误): 20171124170139Pingtu.bin
2017-11-27 14:00:52:942 (错误): 20171124170139Pingtu.bin
2017-11-27 14:00:57:942 (错误): 20171124170139Pingtu.bin
2017-11-27 14:01:03:242 (信息): - 插件【 GuangXi 】 卸载正常
2017-11-27 14:01:03:251 (信息): 软件安全退出(-1)!

2017-11-27 14:12:05:872 (信息): 系统加载...
2017-11-27 14:12:05:902 (信息): 插件[  GuangXi ]...
2017-11-27 14:12:05:906 (信息): 配置文件读取成功
2017-11-27 14:12:05:912 (信息): 数据库打开成功
2017-11-27 14:12:05:913 (信息): + 插件【 GuangXi 】 加载正常
2017-11-27 14:12:05:927 (信息): G:\Project\GuangxiFile\Win32\Release\20171127133624Pingtu.bin
2017-11-27 14:12:10:947 (信息): G:\Project\GuangxiFile\Win32\Release\20171127134224Pingtu.bin
2017-11-27 14:12:15:963 (信息): G:\Project\GuangxiFile\Win32\Release\20171127134824Pingtu.bin
2017-11-27 14:12:20:979 (信息): G:\Project\GuangxiFile\Win32\Release\20171127135424Pingtu.bin
2017-11-27 14:18:51:394 (信息): G:\Project\GuangxiFile\Win32\Release\20171127141847Pingtu.bin
2017-11-27 14:24:51:763 (信息): G:\Project\GuangxiFile\Win32\Release\20171127142447Pingtu.bin
2017-11-27 14:30:52:093 (信息): G:\Project\GuangxiFile\Win32\Release\20171127143047Pingtu.bin
2017-11-27 14:36:52:425 (信息): G:\Project\GuangxiFile\Win32\Release\20171127143647Pingtu.bin
2017-11-27 14:42:47:765 (信息): G:\Project\GuangxiFile\Win32\Release\20171127144247Pingtu.bin
2017-11-27 14:48:48:117 (信息): G:\Project\GuangxiFile\Win32\Release\20171127144847Pingtu.bin
2017-11-27 14:54:48:456 (信息): G:\Project\GuangxiFile\Win32\Release\20171127145447Pingtu.bin
2017-11-27 15:00:48:810 (信息): G:\Project\GuangxiFile\Win32\Release\20171127150047Pingtu.bin
2017-11-27 15:06:49:168 (信息): G:\Project\GuangxiFile\Win32\Release\20171127150647Pingtu.bin
2017-11-27 15:12:49:537 (信息): G:\Project\GuangxiFile\Win32\Release\20171127151247Pingtu.bin
2017-11-27 15:18:49:910 (信息): G:\Project\GuangxiFile\Win32\Release\20171127151847Pingtu.bin
2017-11-27 15:24:50:279 (信息): G:\Project\GuangxiFile\Win32\Release\20171127152447Pingtu.bin
2017-11-27 15:30:50:663 (信息): G:\Project\GuangxiFile\Win32\Release\20171127153047Pingtu.bin
2017-11-27 15:36:51:063 (信息): G:\Project\GuangxiFile\Win32\Release\20171127153647Pingtu.bin
2017-11-27 15:42:51:456 (信息): G:\Project\GuangxiFile\Win32\Release\20171127154247Pingtu.bin
2017-11-27 15:48:51:849 (信息): G:\Project\GuangxiFile\Win32\Release\20171127154847Pingtu.bin
2017-11-27 15:54:52:245 (信息): G:\Project\GuangxiFile\Win32\Release\20171127155447Pingtu.bin
2017-11-27 16:00:47:626 (信息): G:\Project\GuangxiFile\Win32\Release\20171127160047Pingtu.bin
2017-11-27 16:06:48:017 (信息): G:\Project\GuangxiFile\Win32\Release\20171127160647Pingtu.bin
2017-11-27 16:12:48:409 (信息): G:\Project\GuangxiFile\Win32\Release\20171127161247Pingtu.bin
2017-11-27 16:18:48:794 (信息): G:\Project\GuangxiFile\Win32\Release\20171127161847Pingtu.bin
2017-11-27 16:24:49:185 (信息): G:\Project\GuangxiFile\Win32\Release\20171127162447Pingtu.bin
2017-11-27 16:30:49:579 (信息): G:\Project\GuangxiFile\Win32\Release\20171127163047Pingtu.bin
2017-11-27 16:36:49:978 (信息): G:\Project\GuangxiFile\Win32\Release\20171127163647Pingtu.bin
2017-11-27 16:42:50:368 (信息): G:\Project\GuangxiFile\Win32\Release\20171127164247Pingtu.bin
2017-11-27 16:48:50:758 (信息): G:\Project\GuangxiFile\Win32\Release\20171127164847Pingtu.bin
2017-11-27 16:54:51:165 (信息): G:\Project\GuangxiFile\Win32\Release\20171127165447Pingtu.bin
2017-11-27 17:00:51:601 (信息): G:\Project\GuangxiFile\Win32\Release\20171127170047Pingtu.bin
2017-11-27 17:06:52:043 (信息): G:\Project\GuangxiFile\Win32\Release\20171127170647Pingtu.bin
2017-11-27 17:12:52:482 (信息): G:\Project\GuangxiFile\Win32\Release\20171127171247Pingtu.bin
2017-11-27 17:18:47:877 (信息): G:\Project\GuangxiFile\Win32\Release\20171127171847Pingtu.bin
2017-11-27 17:24:48:283 (信息): G:\Project\GuangxiFile\Win32\Release\20171127172447Pingtu.bin
2017-11-27 17:30:48:684 (信息): G:\Project\GuangxiFile\Win32\Release\20171127173047Pingtu.bin
2017-11-27 17:36:49:110 (信息): G:\Project\GuangxiFile\Win32\Release\20171127173647Pingtu.bin
2017-11-27 17:42:49:514 (信息): G:\Project\GuangxiFile\Win32\Release\20171127174247Pingtu.bin
2017-11-27 17:48:49:919 (信息): G:\Project\GuangxiFile\Win32\Release\20171127174847Pingtu.bin
2017-11-27 17:51:11:303 (信息): - 插件【 GuangXi 】 卸载正常
2017-11-27 17:51:11:312 (信息): 软件安全退出(-1)!

2017-11-27 17:51:20:680 (信息): 系统加载...
2017-11-27 17:51:20:706 (信息): 插件[  GuangXi ]...
2017-11-27 17:51:20:709 (信息): 配置文件读取成功
2017-11-27 17:51:20:729 (信息): 数据库打开成功
2017-11-27 17:51:20:730 (信息): + 插件【 GuangXi 】 加载正常
2017-11-27 17:54:50:989 (信息): G:\Project\GuangxiFile\Win32\Release\20171127175447Pingtu.bin
2017-11-27 18:00:51:415 (信息): G:\Project\GuangxiFile\Win32\Release\20171127180047Pingtu.bin
2017-11-27 18:06:51:848 (信息): G:\Project\GuangxiFile\Win32\Release\20171127180647Pingtu.bin
2017-11-27 18:12:52:278 (信息): G:\Project\GuangxiFile\Win32\Release\20171127181247Pingtu.bin
2017-11-27 18:18:47:715 (信息): G:\Project\GuangxiFile\Win32\Release\20171127181847Pingtu.bin
2017-11-28 08:51:48:239 (信息): G:\Project\GuangxiFile\Win32\Release\20171128085143Pingtu.bin
2017-11-28 08:57:43:748 (信息): G:\Project\GuangxiFile\Win32\Release\20171128085743Pingtu.bin
2017-11-28 08:58:13:907 (信息): - 插件【 GuangXi 】 卸载正常
2017-11-28 08:58:13:915 (信息): 软件安全退出(-1)!

2017-11-28 08:58:45:795 (信息): 系统加载...
2017-11-28 08:58:45:818 (信息): 插件[  GuangXi ]...
2017-11-28 08:58:45:821 (信息): 配置文件读取成功
2017-11-28 08:58:45:827 (信息): 数据库打开成功
2017-11-28 08:58:45:828 (信息): + 插件【 GuangXi 】 加载正常
2017-11-28 09:03:46:257 (信息): G:\Project\GuangxiFile\Win32\Release\20171128090343Pingtu.bin
2017-11-28 09:09:46:779 (信息): G:\Project\GuangxiFile\Win32\Release\20171128090943Pingtu.bin
2017-11-28 09:15:47:300 (信息): G:\Project\GuangxiFile\Win32\Release\20171128091543Pingtu.bin
2017-11-28 09:21:47:833 (信息): G:\Project\GuangxiFile\Win32\Release\20171128092143Pingtu.bin
2017-11-28 09:27:48:375 (信息): G:\Project\GuangxiFile\Win32\Release\20171128092743Pingtu.bin
2017-11-28 09:33:43:917 (信息): G:\Project\GuangxiFile\Win32\Release\20171128093343Pingtu.bin
2017-11-28 09:39:44:466 (信息): G:\Project\GuangxiFile\Win32\Release\20171128093943Pingtu.bin
2017-11-28 09:45:45:002 (信息): G:\Project\GuangxiFile\Win32\Release\20171128094543Pingtu.bin
2017-11-28 09:51:45:580 (信息): G:\Project\GuangxiFile\Win32\Release\20171128095143Pingtu.bin
2017-11-28 09:57:46:139 (信息): G:\Project\GuangxiFile\Win32\Release\20171128095743Pingtu.bin
2017-11-28 10:03:46:723 (信息): G:\Project\GuangxiFile\Win32\Release\20171128100343Pingtu.bin
2017-11-28 10:09:47:297 (信息): G:\Project\GuangxiFile\Win32\Release\20171128100943Pingtu.bin
2017-11-28 10:15:47:872 (信息): G:\Project\GuangxiFile\Win32\Release\20171128101543Pingtu.bin
2017-11-28 10:21:48:443 (信息): G:\Project\GuangxiFile\Win32\Release\20171128102143Pingtu.bin
2017-11-28 10:27:43:987 (信息): G:\Project\GuangxiFile\Win32\Release\20171128102743Pingtu.bin
2017-11-28 10:33:44:565 (信息): G:\Project\GuangxiFile\Win32\Release\20171128103343Pingtu.bin
2017-11-28 10:39:45:134 (信息): G:\Project\GuangxiFile\Win32\Release\20171128103943Pingtu.bin
2017-11-28 10:45:45:728 (信息): G:\Project\GuangxiFile\Win32\Release\20171128104543Pingtu.bin
2017-11-28 10:51:46:310 (信息): G:\Project\GuangxiFile\Win32\Release\20171128105143Pingtu.bin
2017-11-28 10:57:46:886 (信息): G:\Project\GuangxiFile\Win32\Release\20171128105743Pingtu.bin
2017-11-28 11:03:47:488 (信息): G:\Project\GuangxiFile\Win32\Release\20171128110343Pingtu.bin
2017-11-28 11:09:48:076 (信息): G:\Project\GuangxiFile\Win32\Release\20171128110943Pingtu.bin
2017-11-28 11:15:48:669 (信息): G:\Project\GuangxiFile\Win32\Release\20171128111543Pingtu.bin
2017-11-28 11:21:44:246 (信息): G:\Project\GuangxiFile\Win32\Release\20171128112143Pingtu.bin
2017-11-28 11:27:44:831 (信息): G:\Project\GuangxiFile\Win32\Release\20171128112743Pingtu.bin
2017-11-28 11:33:45:413 (信息): G:\Project\GuangxiFile\Win32\Release\20171128113343Pingtu.bin
2017-11-28 11:39:46:087 (信息): G:\Project\GuangxiFile\Win32\Release\20171128113943Pingtu.bin
2017-11-28 11:45:46:661 (信息): G:\Project\GuangxiFile\Win32\Release\20171128114543Pingtu.bin
2017-11-28 11:51:47:250 (信息): G:\Project\GuangxiFile\Win32\Release\20171128115143Pingtu.bin
2017-11-28 11:57:47:820 (信息): G:\Project\GuangxiFile\Win32\Release\20171128115743Pingtu.bin
2017-11-28 12:03:48:395 (信息): G:\Project\GuangxiFile\Win32\Release\20171128120343Pingtu.bin
2017-11-28 12:09:43:954 (信息): G:\Project\GuangxiFile\Win32\Release\20171128120943Pingtu.bin
2017-11-28 12:15:44:522 (信息): G:\Project\GuangxiFile\Win32\Release\20171128121543Pingtu.bin
2017-11-28 12:21:45:117 (信息): G:\Project\GuangxiFile\Win32\Release\20171128122143Pingtu.bin
2017-11-28 12:27:45:710 (信息): G:\Project\GuangxiFile\Win32\Release\20171128122743Pingtu.bin
2017-11-28 13:37:14:377 (信息): G:\Project\GuangxiFile\Win32\Release\20171128133712Pingtu.bin
2017-11-28 13:43:17:080 (信息): G:\Project\GuangxiFile\Win32\Release\20171128134312Pingtu.bin
2017-11-28 13:49:12:667 (信息): G:\Project\GuangxiFile\Win32\Release\20171128134912Pingtu.bin
2017-11-28 13:55:13:283 (信息): G:\Project\GuangxiFile\Win32\Release\20171128135512Pingtu.bin
2017-11-28 14:01:13:899 (信息): G:\Project\GuangxiFile\Win32\Release\20171128140112Pingtu.bin
2017-11-28 14:07:14:505 (信息): G:\Project\GuangxiFile\Win32\Release\20171128140712Pingtu.bin
2017-11-28 14:13:15:129 (信息): G:\Project\GuangxiFile\Win32\Release\20171128141312Pingtu.bin
2017-11-28 14:19:15:764 (信息): G:\Project\GuangxiFile\Win32\Release\20171128141912Pingtu.bin
2017-11-28 14:25:16:394 (信息): G:\Project\GuangxiFile\Win32\Release\20171128142512Pingtu.bin
2017-11-28 14:31:17:022 (信息): G:\Project\GuangxiFile\Win32\Release\20171128143112Pingtu.bin
2017-11-28 14:37:12:675 (信息): G:\Project\GuangxiFile\Win32\Release\20171128143712Pingtu.bin
2017-11-28 14:43:13:318 (信息): G:\Project\GuangxiFile\Win32\Release\20171128144312Pingtu.bin
2017-11-28 14:49:13:978 (信息): G:\Project\GuangxiFile\Win32\Release\20171128144912Pingtu.bin
2017-11-28 14:55:14:636 (信息): G:\Project\GuangxiFile\Win32\Release\20171128145512Pingtu.bin
2017-11-28 15:01:15:307 (信息): G:\Project\GuangxiFile\Win32\Release\20171128150112Pingtu.bin
2017-11-28 15:07:15:974 (信息): G:\Project\GuangxiFile\Win32\Release\20171128150712Pingtu.bin
2017-11-28 15:13:16:644 (信息): G:\Project\GuangxiFile\Win32\Release\20171128151312Pingtu.bin
2017-11-28 15:19:17:329 (信息): G:\Project\GuangxiFile\Win32\Release\20171128151912Pingtu.bin
2017-11-28 15:25:13:003 (信息): G:\Project\GuangxiFile\Win32\Release\20171128152512Pingtu.bin
2017-11-28 15:31:13:669 (信息): G:\Project\GuangxiFile\Win32\Release\20171128153112Pingtu.bin
2017-11-28 15:37:14:334 (信息): G:\Project\GuangxiFile\Win32\Release\20171128153712Pingtu.bin
2017-11-28 15:43:14:996 (信息): G:\Project\GuangxiFile\Win32\Release\20171128154312Pingtu.bin
2017-11-28 15:47:15:465 (信息): - 插件【 GuangXi 】 卸载正常
2017-11-28 15:47:15:479 (信息): 软件安全退出(-1)!
