
2018-03-13 14:12:21:732 (信息): 系统加载...
2018-03-13 14:12:21:804 (信息): 插件[  GuangXi ]...
2018-03-13 14:12:21:810 (信息): basicInfo.xml配置文件读取成功
2018-03-13 14:12:21:810 (信息): config.xml配置文件读取成功
2018-03-13 14:12:21:816 (错误): 数据库打开失败
2018-03-13 14:12:21:816 (信息): + 插件【 GuangXi 】 加载正常
2018-03-13 14:12:26:444 (信息): - 插件【 GuangXi 】 卸载正常
2018-03-13 14:12:26:463 (信息): 软件安全退出(-1)!

2018-03-13 15:40:13:156 (信息): 系统加载...
2018-03-13 15:40:13:229 (信息): 插件[  GuangXi ]...
2018-03-13 15:40:13:232 (信息): basicInfo.xml配置文件读取成功
2018-03-13 15:40:13:235 (信息): config.xml配置文件读取成功
2018-03-13 15:40:13:241 (错误): 数据库打开失败
2018-03-13 15:40:13:242 (信息): + 插件【 GuangXi 】 加载正常
2018-03-13 15:40:22:913 (信息): - 插件【 GuangXi 】 卸载正常
2018-03-13 15:40:22:925 (信息): 软件安全退出(-1)!

2018-03-14 14:29:29:095 (信息): 系统加载...
2018-03-14 14:29:29:159 (信息): 插件[  GuangXi ]...
2018-03-14 14:29:29:162 (信息): basicInfo.xml配置文件读取成功
2018-03-14 14:29:29:162 (信息): config.xml配置文件读取成功
2018-03-14 14:29:29:168 (错误): 数据库打开失败
2018-03-14 14:29:29:170 (信息): + 插件【 GuangXi 】 加载正常
2018-03-14 14:29:37:422 (信息): - 插件【 GuangXi 】 卸载正常
2018-03-14 14:29:37:432 (信息): 软件安全退出(-1)!
