
2017-11-01 09:38:16:013 (信息): 系统加载...
2017-11-01 09:38:16:234 (信息): 插件[  WRSOCcontrtol ]...
2017-11-01 09:38:16:246 (信息): Config.xml配置文件读取成功
2017-11-01 09:38:16:248 (信息): DirConfig.xml配置文件读取成功
2017-11-01 09:38:16:286 (信息): + 插件【 WRSOCcontrtol 】 加载正常
2017-11-01 09:38:20:265 (信息): sensorA 
2017-11-01 09:38:20:495 (信息): sensorA insert
2017-11-01 09:38:20:495 (信息): sensorB 
2017-11-01 09:38:20:710 (信息): sensorB insert
2017-11-01 09:38:23:981 (信息): 程序退出中......
2017-11-01 09:38:24:187 (信息): - 插件【 WRSOCcontrtol 】 卸载正常
2017-11-01 09:38:24:197 (信息): 软件安全退出(-1)!

2017-11-01 10:07:55:973 (信息): 系统加载...
2017-11-01 10:09:23:055 (信息): 软件安全退出(-1)!

2017-11-01 10:09:54:252 (信息): 系统加载...
2017-11-01 10:10:00:252 (信息): 插件[  WRSOCcontrtol ]...
2017-11-01 10:10:00:264 (信息): + 插件【 WRSOCcontrtol 】 加载正常
2017-11-01 10:10:25:765 (信息): - 插件【 WRSOCcontrtol 】 卸载正常
2017-11-01 10:10:25:783 (信息): 软件安全退出(-1)!

2017-11-01 10:10:45:423 (信息): 系统加载...
2017-11-01 10:10:55:949 (信息): 插件[  WRSOCcontrtol ]...
2017-11-01 10:10:55:981 (信息): + 插件【 WRSOCcontrtol 】 加载正常
2017-11-01 10:11:14:561 (信息): - 插件【 WRSOCcontrtol 】 卸载正常
2017-11-01 10:11:14:568 (信息): 软件安全退出(-1)!

2017-11-01 10:11:20:563 (信息): 系统加载...
2017-11-01 10:11:27:150 (信息): 插件[  WRSOCcontrtol ]...
2017-11-01 10:11:27:179 (信息): + 插件【 WRSOCcontrtol 】 加载正常
2017-11-01 10:12:00:898 (信息): - 插件【 WRSOCcontrtol 】 卸载正常
2017-11-01 10:12:00:905 (信息): 软件安全退出(-1)!

2017-11-01 10:12:08:842 (信息): 系统加载...
2017-11-01 10:12:15:539 (信息): 插件[  WRSOCcontrtol ]...
2017-11-01 10:12:15:572 (信息): + 插件【 WRSOCcontrtol 】 加载正常

2017-11-01 10:12:45:701 (信息): 系统加载...
2017-11-01 10:12:52:019 (信息): 插件[  WRSOCcontrtol ]...
2017-11-01 10:12:52:066 (信息): + 插件【 WRSOCcontrtol 】 加载正常
2017-11-01 10:13:18:450 (信息): - 插件【 WRSOCcontrtol 】 卸载正常
2017-11-01 10:13:18:457 (信息): 软件安全退出(-1)!

2017-11-01 10:14:48:845 (信息): 系统加载...
2017-11-01 10:15:21:468 (信息): 插件[  WRSOCcontrtol ]...
2017-11-01 10:15:24:906 (信息): + 插件【 WRSOCcontrtol 】 加载正常

2017-11-01 10:17:56:510 (信息): 系统加载...
2017-11-01 10:18:34:099 (信息): 插件[  WRSOCcontrtol ]...
2017-11-01 10:19:13:424 (信息): + 插件【 WRSOCcontrtol 】 加载正常

2017-11-01 10:19:55:964 (信息): 系统加载...
2017-11-01 10:20:35:430 (信息): 插件[  WRSOCcontrtol ]...
2017-11-01 10:21:56:110 (信息): + 插件【 WRSOCcontrtol 】 加载正常

2017-11-01 10:24:05:270 (信息): 系统加载...
2017-11-01 10:25:42:644 (信息): 插件[  WRSOCcontrtol ]...
2017-11-01 10:26:13:580 (信息): + 插件【 WRSOCcontrtol 】 加载正常

2017-11-01 10:26:44:292 (信息): 系统加载...

2017-11-01 10:28:51:993 (信息): 系统加载...
2017-11-01 10:29:25:132 (信息): 插件[  WRSOCcontrtol ]...
2017-11-01 10:30:45:489 (信息): + 插件【 WRSOCcontrtol 】 加载正常
2017-11-01 10:30:53:975 (信息): - 插件【 WRSOCcontrtol 】 卸载正常
2017-11-01 10:30:53:982 (信息): 软件安全退出(-1)!

2017-11-01 10:31:01:860 (信息): 系统加载...
2017-11-01 10:31:48:653 (信息): 插件[  WRSOCcontrtol ]...
2017-11-01 10:31:50:368 (信息): + 插件【 WRSOCcontrtol 】 加载正常

2017-11-01 10:32:08:216 (信息): 系统加载...

2017-11-01 10:33:23:311 (信息): 系统加载...

2017-11-01 10:37:36:566 (信息): 系统加载...
2017-11-01 10:37:44:357 (信息): 插件[  WRSOCcontrtol ]...
2017-11-01 10:37:46:881 (信息): Config.xml配置文件读取成功
2017-11-01 10:37:47:590 (信息): DirConfig.xml配置文件读取成功
2017-11-01 10:37:47:638 (信息): + 插件【 WRSOCcontrtol 】 加载正常
2017-11-01 10:38:04:895 (信息): sensorA 
2017-11-01 10:38:07:280 (信息): sensorA insert
2017-11-01 10:38:07:280 (信息): sensorB 
2017-11-01 10:38:07:500 (信息): sensorB insert
2017-11-01 10:38:12:838 (信息): 程序退出中......
2017-11-01 10:38:12:947 (信息): - 插件【 WRSOCcontrtol 】 卸载正常
2017-11-01 10:38:12:952 (信息): 软件安全退出(-1)!

2017-11-01 10:38:25:029 (信息): 系统加载...
2017-11-01 10:38:25:056 (信息): 插件[  WRSOCcontrtol ]...
2017-11-01 10:38:25:058 (信息): Config.xml配置文件读取成功
2017-11-01 10:38:25:058 (信息): DirConfig.xml配置文件读取成功
2017-11-01 10:38:25:075 (信息): + 插件【 WRSOCcontrtol 】 加载正常
2017-11-01 10:38:29:062 (信息): sensorA 
2017-11-01 10:38:29:284 (信息): sensorA insert
2017-11-01 10:38:29:284 (信息): sensorB 
2017-11-01 10:38:29:501 (信息): sensorB insert
2017-11-01 10:38:32:806 (信息): 程序退出中......
2017-11-01 10:38:33:008 (信息): - 插件【 WRSOCcontrtol 】 卸载正常
2017-11-01 10:38:33:016 (信息): 软件安全退出(-1)!

2017-11-01 10:48:01:322 (信息): 系统加载...
2017-11-01 10:48:01:347 (信息): 插件[  WRSOCcontrtol ]...
2017-11-01 10:48:01:349 (信息): Config.xml配置文件读取成功
2017-11-01 10:48:01:350 (信息): DirConfig.xml配置文件读取成功
2017-11-01 10:48:01:361 (信息): + 插件【 WRSOCcontrtol 】 加载正常
2017-11-01 10:48:05:338 (信息): sensorA 
2017-11-01 10:48:05:545 (信息): sensorA insert
2017-11-01 10:48:05:545 (信息): sensorB 
2017-11-01 10:48:05:742 (信息): sensorB insert
2017-11-01 10:48:35:141 (信息): 程序退出中......
2017-11-01 10:48:35:244 (信息): - 插件【 WRSOCcontrtol 】 卸载正常
2017-11-01 10:48:35:252 (信息): 软件安全退出(-1)!

2017-11-01 10:51:40:973 (信息): 系统加载...
2017-11-01 10:51:40:999 (信息): 插件[  WRSOCcontrtol ]...
2017-11-01 10:51:41:000 (信息): Config.xml配置文件读取成功
2017-11-01 10:51:41:001 (信息): DirConfig.xml配置文件读取成功
2017-11-01 10:51:41:018 (信息): + 插件【 WRSOCcontrtol 】 加载正常
2017-11-01 10:51:44:995 (信息): sensorA 
2017-11-01 10:51:45:596 (信息): sensorA 
2017-11-01 10:51:46:097 (信息): sensorA 
2017-11-01 10:51:46:107 (信息): sensorA 
2017-11-01 10:51:46:316 (信息): sensorA 
2017-11-01 10:51:46:356 (信息): sensorA 
2017-11-01 10:51:46:536 (信息): sensorA 
2017-11-01 10:51:46:566 (信息): sensorA 
2017-11-01 10:51:46:756 (信息): sensorA 
2017-11-01 10:51:46:796 (信息): sensorA 
2017-11-01 10:51:46:976 (信息): sensorA 
2017-11-01 10:51:47:026 (信息): sensorA 
2017-11-01 10:51:47:205 (信息): sensorA 
2017-11-01 10:51:47:706 (信息): sensorA 
2017-11-01 10:51:47:809 (信息): sensorA insert
2017-11-01 10:51:47:809 (信息): sensorB 
2017-11-01 10:51:48:007 (信息): sensorB insert
2017-11-01 10:52:44:994 (信息): sensorA 
2017-11-01 10:52:45:201 (信息): sensorA insert
2017-11-01 10:52:45:201 (信息): sensorB 
2017-11-01 10:52:45:807 (信息): sensorB 
2017-11-01 10:52:46:308 (信息): sensorB 
2017-11-01 10:52:46:308 (信息): sensorB 
2017-11-01 10:52:46:338 (信息): sensorB 
2017-11-01 10:52:46:527 (信息): sensorB 
2017-11-01 10:52:46:557 (信息): sensorB 
2017-11-01 10:52:46:748 (信息): sensorB 
2017-11-01 10:52:46:787 (信息): sensorB 
2017-11-01 10:52:46:967 (信息): sensorB 
2017-11-01 10:52:47:468 (信息): sensorB 
2017-11-01 10:52:47:567 (信息): sensorB insert
2017-11-01 10:53:01:158 (信息): 程序退出中......
2017-11-01 10:53:01:347 (信息): - 插件【 WRSOCcontrtol 】 卸载正常
2017-11-01 10:53:01:354 (信息): 软件安全退出(-1)!

2017-11-01 11:07:17:392 (信息): 系统加载...
2017-11-01 11:07:17:420 (信息): 插件[  WRSOCcontrtol ]...
2017-11-01 11:07:17:421 (信息): Config.xml配置文件读取成功
2017-11-01 11:07:17:422 (信息): DirConfig.xml配置文件读取成功
2017-11-01 11:07:17:441 (信息): + 插件【 WRSOCcontrtol 】 加载正常
2017-11-01 11:07:19:617 (信息): 程序退出中......
2017-11-01 11:07:19:785 (信息): - 插件【 WRSOCcontrtol 】 卸载正常
2017-11-01 11:07:19:798 (信息): 软件安全退出(-1)!

2017-11-01 11:38:18:456 (信息): 系统加载...
2017-11-01 11:38:18:481 (信息): 插件[  WRSOCcontrtol ]...
2017-11-01 11:38:18:484 (信息): Config.xml配置文件读取成功
2017-11-01 11:38:18:485 (信息): DirConfig.xml配置文件读取成功
2017-11-01 11:38:18:485 (信息): + 插件【 WRSOCcontrtol 】 加载正常
2017-11-01 11:38:22:732 (信息): 程序退出中......
2017-11-01 11:38:22:779 (信息): - 插件【 WRSOCcontrtol 】 卸载正常
2017-11-01 11:38:22:790 (信息): 软件安全退出(-1)!

2017-11-01 11:47:19:373 (信息): 系统加载...
2017-11-01 11:47:19:393 (信息): 插件[  WRSOCcontrtol ]...
2017-11-01 11:47:19:395 (信息): Config.xml配置文件读取成功
2017-11-01 11:47:19:395 (信息): DirConfig.xml配置文件读取成功
2017-11-01 11:47:19:396 (信息): + 插件【 WRSOCcontrtol 】 加载正常
2017-11-01 11:47:22:437 (信息): 程序退出中......
2017-11-01 11:47:22:517 (信息): - 插件【 WRSOCcontrtol 】 卸载正常
2017-11-01 11:47:22:531 (信息): 软件安全退出(-1)!

2017-11-01 11:47:33:420 (信息): 系统加载...
2017-11-01 11:47:41:734 (信息): 软件安全退出(-1)!

2017-11-01 11:47:48:652 (信息): 系统加载...
2017-11-01 11:47:48:709 (信息): 插件[  WRSOCcontrtol ]...
2017-11-01 11:47:48:711 (信息): Config.xml配置文件读取成功
2017-11-01 11:47:48:711 (信息): DirConfig.xml配置文件读取成功
2017-11-01 11:47:48:712 (信息): + 插件【 WRSOCcontrtol 】 加载正常
2017-11-01 11:47:51:742 (信息): 程序退出中......
2017-11-01 11:47:51:796 (信息): - 插件【 WRSOCcontrtol 】 卸载正常
2017-11-01 11:47:51:809 (信息): 软件安全退出(-1)!

2017-11-01 13:45:23:089 (信息): 系统加载...
2017-11-01 13:45:31:100 (信息): 软件安全退出(-1)!

2017-11-01 13:45:41:050 (信息): 系统加载...
2017-11-01 13:45:41:106 (信息): 插件[  WRSOCcontrtol ]...
2017-11-01 13:45:41:108 (信息): Config.xml配置文件读取成功
2017-11-01 13:45:41:109 (信息): DirConfig.xml配置文件读取成功
2017-11-01 13:45:41:109 (信息): + 插件【 WRSOCcontrtol 】 加载正常
2017-11-01 13:45:46:931 (信息): 程序退出中......
2017-11-01 13:45:47:001 (信息): - 插件【 WRSOCcontrtol 】 卸载正常
2017-11-01 13:45:47:010 (信息): 软件安全退出(-1)!

2017-11-01 13:50:20:312 (信息): 系统加载...
2017-11-01 13:50:20:339 (信息): 插件[  WRSOCcontrtol ]...
2017-11-01 13:50:20:341 (信息): Config.xml配置文件读取成功
2017-11-01 13:50:20:341 (信息): DirConfig.xml配置文件读取成功
2017-11-01 13:50:20:343 (信息): + 插件【 WRSOCcontrtol 】 加载正常
2017-11-01 13:50:28:747 (信息): 程序退出中......
2017-11-01 13:50:28:756 (信息): - 插件【 WRSOCcontrtol 】 卸载正常
2017-11-01 13:50:28:764 (信息): 软件安全退出(-1)!

2017-11-07 14:26:18:912 (信息): 系统加载...
2017-11-07 14:26:32:958 (信息): 软件安全退出(-1)!

2017-11-07 14:27:22:011 (信息): 系统加载...
2017-11-07 14:27:28:629 (信息): 插件[  WRSOCcontrtol ]...
2017-11-07 14:27:28:637 (信息): + 插件【 WRSOCcontrtol 】 加载正常

2017-11-07 14:29:27:980 (信息): 系统加载...
2017-11-07 14:29:28:015 (信息): 插件[  WRSOCcontrtol ]...
2017-11-07 14:29:28:017 (信息): Config.xml配置文件读取成功
2017-11-07 14:29:28:018 (信息): DirConfig.xml配置文件读取成功
2017-11-07 14:29:28:043 (信息): success
2017-11-07 14:29:28:044 (信息): REC CHAN TEST SIGNALS DEGRADED 
2017-11-07 14:29:28:045 (信息): REC CHAN TEST SIGNALS DEGRADED 
2017-11-07 14:29:28:045 (信息): REC CHAN TEST SIGNALS DEGRADED 
2017-11-07 14:29:28:046 (信息): REC CHAN TEST SIGNALS DEGRADED 
2017-11-07 14:29:28:046 (信息): REC CHAN TEST SIGNALS DEGRADED 
2017-11-07 14:29:28:047 (信息): REC CHAN TEST SIGNALS DEGRADED 
2017-11-07 14:29:28:047 (信息): REC CHAN TEST SIGNALS DEGRADED 
2017-11-07 14:29:28:048 (信息): REC CHAN TEST SIGNALS DEGRADED 
2017-11-07 14:29:28:092 (信息): insert OK
2017-11-07 14:29:28:093 (信息): + 插件【 WRSOCcontrtol 】 加载正常
2017-11-07 14:32:01:546 (信息): 程序退出中......
2017-11-07 14:32:01:617 (信息): - 插件【 WRSOCcontrtol 】 卸载正常
2017-11-07 14:32:01:622 (信息): 软件安全退出(-1)!

2017-11-10 17:49:14:488 (信息): 系统加载...
2017-11-10 17:49:14:562 (信息): 插件[  WRSOCcontrtol ]...
2017-11-10 17:49:14:567 (信息): Config.xml配置文件读取成功
2017-11-10 17:49:14:568 (信息): DirConfig.xml配置文件读取成功
2017-11-10 17:49:14:576 (信息): success
2017-11-10 17:49:14:578 (信息): REC CHAN TEST SIGNALS DEGRADED 
2017-11-10 17:49:14:579 (信息): REC CHAN TEST SIGNALS DEGRADED 
2017-11-10 17:49:14:579 (信息): REC CHAN TEST SIGNALS DEGRADED 
2017-11-10 17:49:14:580 (信息): REC CHAN TEST SIGNALS DEGRADED 
2017-11-10 17:49:14:580 (信息): REC CHAN TEST SIGNALS DEGRADED 
2017-11-10 17:49:14:580 (信息): REC CHAN TEST SIGNALS DEGRADED 
2017-11-10 17:49:14:581 (信息): REC CHAN TEST SIGNALS DEGRADED 
2017-11-10 17:49:14:581 (信息): REC CHAN TEST SIGNALS DEGRADED 
2017-11-10 17:49:14:584 (信息): INSERT INTO alarminfo (time, 					 endTime, 					 type, 					 alarmName, 					 level, 					 mode, 					 content, 					 origin) VALUES(1,2,'aa','bbb',3,'eee','wee',5
2017-11-10 17:49:14:585 (错误): You have an error in your SQL syntax; check the manual that corresponds to your MariaDB server version for the right syntax to use near '' at line 1
2017-11-10 17:49:14:586 (信息): + 插件【 WRSOCcontrtol 】 加载正常
2017-11-10 17:49:30:768 (信息): 程序退出中......
2017-11-10 17:49:30:776 (信息): - 插件【 WRSOCcontrtol 】 卸载正常
2017-11-10 17:49:30:790 (信息): 软件安全退出(-1)!

2017-11-24 14:56:41:332 (信息): 系统加载...
2017-11-24 14:56:51:914 (信息): 插件[  GuangXi ]...
2017-11-24 14:56:51:932 (信息): + 插件【 GuangXi 】 加载正常
2017-11-24 14:57:16:988 (信息): - 插件【 GuangXi 】 卸载正常
2017-11-24 14:57:17:004 (信息): 软件安全退出(-1)!

2017-11-24 14:57:33:214 (信息): 系统加载...
2017-11-24 14:57:33:244 (信息): 插件[  GuangXi ]...
2017-11-24 14:57:33:247 (信息): 配置文件读取成功
2017-11-24 14:57:33:253 (信息): 数据库打开成功
2017-11-24 14:57:33:254 (信息): + 插件【 GuangXi 】 加载正常
2017-11-24 14:58:23:430 (信息): - 插件【 GuangXi 】 卸载正常
2017-11-24 14:58:23:442 (信息): 软件安全退出(-1)!

2017-11-24 15:07:56:021 (信息): 系统加载...
2017-11-24 15:07:56:055 (信息): 插件[  GuangXi ]...
2017-11-24 15:07:56:059 (信息): 配置文件读取成功
2017-11-24 15:07:56:064 (信息): 数据库打开成功
2017-11-24 15:07:56:065 (信息): + 插件【 GuangXi 】 加载正常

2017-11-24 16:58:47:982 (信息): 系统加载...
2017-11-24 16:58:48:008 (信息): 插件[  GuangXi ]...
2017-11-24 16:58:48:012 (信息): 配置文件读取成功
2017-11-24 16:58:48:019 (信息): 数据库打开成功
2017-11-24 16:58:48:020 (信息): + 插件【 GuangXi 】 加载正常

2017-11-25 11:48:54:007 (信息): 系统加载...
2017-11-25 11:48:54:036 (信息): 插件[  GuangXi ]...
2017-11-25 11:48:54:039 (信息): 配置文件读取成功
2017-11-25 11:48:54:044 (信息): 数据库打开成功
2017-11-25 11:48:54:045 (信息): + 插件【 GuangXi 】 加载正常

2017-11-25 12:00:30:962 (信息): 系统加载...
2017-11-25 12:00:31:004 (信息): 插件[  GuangXi ]...
2017-11-25 12:00:31:007 (信息): 配置文件读取成功
2017-11-25 12:00:31:012 (信息): 数据库打开成功
2017-11-25 12:00:31:013 (信息): + 插件【 GuangXi 】 加载正常

2017-11-25 12:54:27:091 (信息): 系统加载...
2017-11-25 12:54:27:127 (信息): 插件[  GuangXi ]...
2017-11-25 12:54:27:131 (信息): 配置文件读取成功
2017-11-25 12:54:27:136 (信息): 数据库打开成功
2017-11-25 12:54:27:137 (信息): + 插件【 GuangXi 】 加载正常
2017-11-25 13:16:43:177 (信息): - 插件【 GuangXi 】 卸载正常
2017-11-25 13:16:43:188 (信息): 软件安全退出(-1)!

2017-11-25 13:18:24:856 (信息): 系统加载...
2017-11-25 13:18:24:884 (信息): 插件[  GuangXi ]...
2017-11-25 13:18:24:888 (信息): 配置文件读取成功
2017-11-25 13:18:24:895 (信息): 数据库打开成功
2017-11-25 13:18:24:896 (信息): + 插件【 GuangXi 】 加载正常

2017-11-25 13:22:50:419 (信息): 系统加载...
2017-11-25 13:22:50:447 (信息): 插件[  GuangXi ]...
2017-11-25 13:22:50:451 (信息): 配置文件读取成功
2017-11-25 13:22:50:455 (信息): 数据库打开成功
2017-11-25 13:22:50:456 (信息): + 插件【 GuangXi 】 加载正常

2017-11-25 14:37:25:688 (信息): 系统加载...
2017-11-25 14:37:25:726 (信息): 插件[  GuangXi ]...
2017-11-25 14:37:25:729 (信息): 配置文件读取成功
2017-11-25 14:37:25:734 (信息): 数据库打开成功
2017-11-25 14:37:25:735 (信息): + 插件【 GuangXi 】 加载正常
2017-11-25 15:50:48:978 (信息): - 插件【 GuangXi 】 卸载正常
2017-11-25 15:50:48:986 (信息): 软件安全退出(-1)!

2017-11-25 15:50:58:748 (信息): 系统加载...
2017-11-25 15:50:58:775 (信息): 插件[  GuangXi ]...
2017-11-25 15:50:58:779 (信息): 配置文件读取成功
2017-11-25 15:50:58:784 (信息): 数据库打开成功
2017-11-25 15:50:58:785 (信息): + 插件【 GuangXi 】 加载正常

2017-11-25 16:00:57:707 (信息): 系统加载...
2017-11-25 16:00:57:737 (信息): 插件[  GuangXi ]...
2017-11-25 16:00:57:740 (信息): 配置文件读取成功
2017-11-25 16:00:57:744 (信息): 数据库打开成功
2017-11-25 16:00:57:745 (信息): + 插件【 GuangXi 】 加载正常
2017-11-25 16:01:32:819 (信息): - 插件【 GuangXi 】 卸载正常
2017-11-25 16:01:32:829 (信息): 软件安全退出(-1)!

2017-11-25 16:01:40:326 (信息): 系统加载...
2017-11-25 16:01:40:351 (信息): 插件[  GuangXi ]...
2017-11-25 16:01:40:354 (信息): 配置文件读取成功
2017-11-25 16:01:40:360 (信息): 数据库打开成功
2017-11-25 16:01:40:361 (信息): + 插件【 GuangXi 】 加载正常

2017-11-27 08:57:35:271 (信息): 系统加载...
2017-11-27 08:57:35:304 (信息): 插件[  GuangXi ]...
2017-11-27 08:57:35:308 (信息): 配置文件读取成功
2017-11-27 08:57:35:315 (信息): 数据库打开成功
2017-11-27 08:57:35:316 (信息): + 插件【 GuangXi 】 加载正常

2017-11-27 13:34:45:708 (信息): 系统加载...
2017-11-27 13:34:45:738 (信息): 插件[  GuangXi ]...
2017-11-27 13:34:45:741 (信息): 配置文件读取成功
2017-11-27 13:34:45:748 (信息): 数据库打开成功
2017-11-27 13:34:45:749 (信息): + 插件【 GuangXi 】 加载正常
2017-11-27 13:35:00:888 (信息): - 插件【 GuangXi 】 卸载正常
2017-11-27 13:35:00:898 (信息): 软件安全退出(-1)!

2017-11-27 14:00:12:710 (信息): 系统加载...
2017-11-27 14:00:12:765 (信息): 插件[  GuangXi ]...
2017-11-27 14:00:12:767 (信息): 配置文件读取成功
2017-11-27 14:00:12:774 (信息): 数据库打开成功
2017-11-27 14:00:12:775 (信息): + 插件【 GuangXi 】 加载正常
2017-11-27 14:00:12:826 (错误): 20171124170139Pingtu.bin
2017-11-27 14:00:17:939 (错误): 20171124170139Pingtu.bin
2017-11-27 14:00:22:939 (错误): 20171124170139Pingtu.bin
2017-11-27 14:00:27:940 (错误): 20171124170139Pingtu.bin
2017-11-27 14:00:32:940 (错误): 20171124170139Pingtu.bin
2017-11-27 14:00:37:941 (错误): 20171124170139Pingtu.bin
2017-11-27 14:00:42:941 (错误): 20171124170139Pingtu.bin
2017-11-27 14:00:47:941 (错误): 20171124170139Pingtu.bin
2017-11-27 14:00:52:942 (错误): 20171124170139Pingtu.bin
2017-11-27 14:00:57:942 (错误): 20171124170139Pingtu.bin
2017-11-27 14:01:03:242 (信息): - 插件【 GuangXi 】 卸载正常
2017-11-27 14:01:03:251 (信息): 软件安全退出(-1)!

2017-11-27 14:12:05:872 (信息): 系统加载...
2017-11-27 14:12:05:902 (信息): 插件[  GuangXi ]...
2017-11-27 14:12:05:906 (信息): 配置文件读取成功
2017-11-27 14:12:05:912 (信息): 数据库打开成功
2017-11-27 14:12:05:913 (信息): + 插件【 GuangXi 】 加载正常
2017-11-27 14:12:05:927 (信息): G:\Project\GuangxiFile\Win32\Release\20171127133624Pingtu.bin
2017-11-27 14:12:10:947 (信息): G:\Project\GuangxiFile\Win32\Release\20171127134224Pingtu.bin
2017-11-27 14:12:15:963 (信息): G:\Project\GuangxiFile\Win32\Release\20171127134824Pingtu.bin
2017-11-27 14:12:20:979 (信息): G:\Project\GuangxiFile\Win32\Release\20171127135424Pingtu.bin
2017-11-27 14:18:51:394 (信息): G:\Project\GuangxiFile\Win32\Release\20171127141847Pingtu.bin
2017-11-27 14:24:51:763 (信息): G:\Project\GuangxiFile\Win32\Release\20171127142447Pingtu.bin
2017-11-27 14:30:52:093 (信息): G:\Project\GuangxiFile\Win32\Release\20171127143047Pingtu.bin
2017-11-27 14:36:52:425 (信息): G:\Project\GuangxiFile\Win32\Release\20171127143647Pingtu.bin

2017-11-30 14:39:19:555 (信息): 系统加载...
2017-11-30 14:39:32:696 (信息): + 插件【 TCP客户端 】 加载正常
2017-11-30 14:39:37:918 (信息): 插件[  GuangxiStation ]...
2017-11-30 14:39:42:673 (信息): + 插件【 GuangxiStation 】 加载正常
2017-11-30 14:40:05:290 (信息): - 插件【 GuangxiStation 】 卸载正常
2017-11-30 14:40:05:294 (信息): - 插件【 TCP客户端 】 卸载正常
2017-11-30 14:40:05:310 (信息): 软件安全退出(-1)!

2017-11-30 14:40:51:846 (信息): 系统加载...
2017-11-30 14:40:51:884 (信息): + 插件【 TCP客户端 】 加载正常
2017-11-30 14:40:51:889 (信息): 插件[  GuangxiStation ]...
2017-11-30 14:40:51:892 (信息): xml配置文件读取成功
2017-11-30 14:40:51:898 (信息): 数据库打开成功
2017-11-30 14:40:51:921 (信息): TCP客户端连接成功
2017-11-30 14:40:51:999 (信息): + 插件【 GuangxiStation 】 加载正常
2017-11-30 14:41:13:347 (信息): - 插件【 GuangxiStation 】 卸载正常
2017-11-30 14:41:13:351 (信息): - 插件【 TCP客户端 】 卸载正常
2017-11-30 14:41:13:361 (信息): 软件安全退出(-1)!

2017-11-30 14:42:16:969 (信息): 系统加载...
2017-11-30 14:42:16:995 (信息): + 插件【 TCP客户端 】 加载正常
2017-11-30 14:42:17:000 (信息): 插件[  GuangxiStation ]...
2017-11-30 14:42:17:003 (信息): xml配置文件读取成功
2017-11-30 14:42:17:010 (信息): 数据库打开成功
2017-11-30 14:42:17:033 (信息): TCP客户端连接成功
2017-11-30 14:42:17:112 (信息): + 插件【 GuangxiStation 】 加载正常
2017-11-30 14:42:21:422 (信息): - 插件【 GuangxiStation 】 卸载正常
2017-11-30 14:42:21:425 (信息): - 插件【 TCP客户端 】 卸载正常
2017-11-30 14:42:21:433 (信息): 软件安全退出(-1)!

2017-11-30 14:42:46:381 (信息): 系统加载...
2017-11-30 14:42:46:407 (信息): + 插件【 TCP客户端 】 加载正常
2017-11-30 14:42:46:413 (信息): 插件[  GuangxiStation ]...
2017-11-30 14:42:46:417 (信息): xml配置文件读取成功
2017-11-30 14:42:46:424 (信息): 数据库打开成功
2017-11-30 14:42:46:455 (信息): TCP客户端连接成功
2017-11-30 14:42:46:526 (信息): + 插件【 GuangxiStation 】 加载正常
2017-11-30 14:44:11:677 (信息): - 插件【 GuangxiStation 】 卸载正常
2017-11-30 14:44:11:681 (信息): - 插件【 TCP客户端 】 卸载正常
2017-11-30 14:44:11:688 (信息): 软件安全退出(-1)!

2017-11-30 14:44:30:628 (信息): 系统加载...
2017-11-30 14:44:30:652 (信息): + 插件【 TCP客户端 】 加载正常
2017-11-30 14:44:30:659 (信息): 插件[  GuangxiStation ]...
2017-11-30 14:44:30:661 (信息): xml配置文件读取成功
2017-11-30 14:44:30:666 (信息): 数据库打开成功
2017-11-30 14:44:30:689 (信息): TCP客户端连接成功
2017-11-30 14:44:30:767 (信息): + 插件【 GuangxiStation 】 加载正常
2017-11-30 14:45:15:665 (信息): - 插件【 GuangxiStation 】 卸载正常
2017-11-30 14:45:15:668 (信息): - 插件【 TCP客户端 】 卸载正常
2017-11-30 14:45:15:677 (信息): 软件安全退出(-1)!

2017-11-30 14:48:35:660 (信息): 系统加载...
2017-11-30 14:48:35:699 (信息): + 插件【 TCP客户端 】 加载正常
2017-11-30 14:48:35:704 (信息): 插件[  GuangxiStation ]...
2017-11-30 14:48:35:707 (信息): xml配置文件读取成功
2017-11-30 14:48:35:712 (信息): 数据库打开成功
2017-11-30 14:48:35:743 (信息): TCP客户端连接成功
2017-11-30 14:48:35:814 (信息): + 插件【 GuangxiStation 】 加载正常
2017-11-30 14:49:05:190 (信息): - 插件【 GuangxiStation 】 卸载正常
2017-11-30 14:49:05:193 (信息): - 插件【 TCP客户端 】 卸载正常
2017-11-30 14:49:05:202 (信息): 软件安全退出(-1)!

2017-11-30 14:51:08:054 (信息): 系统加载...
2017-11-30 14:51:08:086 (信息): + 插件【 TCP客户端 】 加载正常
2017-11-30 14:51:08:089 (信息): 插件[  GuangxiStation ]...
2017-11-30 14:51:08:092 (信息): xml配置文件读取成功
2017-11-30 14:51:08:101 (信息): 数据库打开成功
2017-11-30 14:51:08:132 (信息): TCP客户端连接成功
2017-11-30 14:51:08:202 (信息): + 插件【 GuangxiStation 】 加载正常
2017-11-30 14:51:13:290 (信息): send
2017-11-30 14:51:13:290 (信息): send
2017-11-30 14:51:14:297 (信息): send
2017-11-30 14:53:13:308 (信息): send
2017-11-30 14:53:13:308 (信息): send
2017-11-30 14:53:14:307 (信息): send
2017-11-30 14:54:32:447 (信息): - 插件【 GuangxiStation 】 卸载正常
2017-11-30 14:54:32:450 (信息): - 插件【 TCP客户端 】 卸载正常
2017-11-30 14:54:32:457 (信息): 软件安全退出(-1)!

2017-11-30 14:55:27:951 (信息): 系统加载...
2017-11-30 14:55:27:989 (信息): + 插件【 TCP客户端 】 加载正常
2017-11-30 14:55:27:995 (信息): 插件[  GuangxiStation ]...
2017-11-30 14:55:27:998 (信息): xml配置文件读取成功
2017-11-30 14:55:28:005 (信息): 数据库打开成功
2017-11-30 14:55:28:028 (信息): TCP客户端连接成功
2017-11-30 14:55:28:107 (信息): + 插件【 GuangxiStation 】 加载正常
2017-11-30 14:55:28:998 (信息): send
2017-11-30 14:55:29:107 (信息): send
2017-11-30 14:55:29:997 (信息): send
2017-11-30 14:57:29:002 (信息): send
2017-11-30 14:57:29:002 (信息): send
2017-11-30 14:57:29:994 (信息): send
2017-11-30 14:59:28:993 (信息): send
2017-11-30 14:59:28:993 (信息): send
2017-11-30 14:59:29:995 (信息): send
2017-11-30 15:01:28:999 (信息): send
2017-11-30 15:01:28:999 (信息): send
2017-11-30 15:01:29:998 (信息): send
2017-11-30 15:03:28:998 (信息): send
2017-11-30 15:03:28:998 (信息): send
2017-11-30 15:03:29:999 (信息): send
2017-11-30 15:05:28:998 (信息): send
2017-11-30 15:05:28:998 (信息): send
2017-11-30 15:05:30:000 (信息): send
2017-11-30 15:07:29:000 (信息): send
2017-11-30 15:07:29:000 (信息): send
2017-11-30 15:07:29:999 (信息): send
2017-11-30 15:09:28:995 (信息): send
2017-11-30 15:09:28:995 (信息): send
2017-11-30 15:09:29:997 (信息): send
2017-11-30 15:11:28:998 (信息): send
2017-11-30 15:11:28:998 (信息): send
2017-11-30 15:11:29:998 (信息): send
2017-11-30 15:13:29:002 (信息): send
2017-11-30 15:13:29:002 (信息): send
2017-11-30 15:13:29:994 (信息): send
2017-11-30 15:15:28:998 (信息): send
2017-11-30 15:15:28:998 (信息): send
2017-11-30 15:15:29:997 (信息): send
2017-11-30 15:17:28:996 (信息): send
2017-11-30 15:17:28:996 (信息): send
2017-11-30 15:17:29:995 (信息): send
2017-11-30 15:19:28:998 (信息): send
2017-11-30 15:19:28:998 (信息): send
2017-11-30 15:19:29:994 (信息): send
2017-11-30 15:21:29:002 (信息): send
2017-11-30 15:21:29:002 (信息): send
2017-11-30 15:21:29:996 (信息): send
2017-11-30 15:23:28:999 (信息): send
2017-11-30 15:23:28:999 (信息): send
2017-11-30 15:23:29:996 (信息): send
2017-11-30 15:25:28:995 (信息): send
2017-11-30 15:25:28:995 (信息): send
2017-11-30 15:25:29:996 (信息): send
2017-11-30 15:27:28:998 (信息): send
2017-11-30 15:27:28:998 (信息): send
2017-11-30 15:27:30:001 (信息): send
2017-11-30 15:29:29:002 (信息): send
2017-11-30 15:29:29:002 (信息): send
2017-11-30 15:29:29:995 (信息): send
2017-11-30 15:31:28:994 (信息): send
2017-11-30 15:31:28:994 (信息): send
2017-11-30 15:31:30:000 (信息): send
2017-11-30 15:33:28:994 (信息): send
2017-11-30 15:33:28:994 (信息): send
2017-11-30 15:33:29:997 (信息): send
2017-11-30 15:35:28:997 (信息): send
2017-11-30 15:35:28:997 (信息): send
2017-11-30 15:35:29:998 (信息): send
2017-11-30 15:37:29:001 (信息): send
2017-11-30 15:37:29:001 (信息): send
2017-11-30 15:37:29:994 (信息): send
2017-11-30 15:39:28:997 (信息): send
2017-11-30 15:39:28:997 (信息): send
2017-11-30 15:39:30:002 (信息): send
2017-11-30 15:41:28:997 (信息): send
2017-11-30 15:41:28:997 (信息): send
2017-11-30 15:41:29:998 (信息): send
2017-11-30 15:43:28:996 (信息): send
2017-11-30 15:43:28:996 (信息): send
2017-11-30 15:43:29:997 (信息): send
2017-11-30 15:45:28:994 (信息): send
2017-11-30 15:45:28:994 (信息): send
2017-11-30 15:45:29:999 (信息): send
2017-11-30 15:47:28:993 (信息): send
2017-11-30 15:47:28:993 (信息): send
2017-11-30 15:47:29:994 (信息): send
2017-11-30 15:49:28:994 (信息): send
2017-11-30 15:49:28:994 (信息): send
2017-11-30 15:49:29:995 (信息): send
2017-11-30 15:51:28:995 (信息): send
2017-11-30 15:51:28:995 (信息): send
2017-11-30 15:51:29:997 (信息): send
2017-11-30 15:53:29:003 (信息): send
2017-11-30 15:53:29:003 (信息): send
2017-11-30 15:53:29:993 (信息): send
2017-11-30 15:55:28:994 (信息): send
2017-11-30 15:55:28:994 (信息): send
2017-11-30 15:55:29:993 (信息): send
2017-11-30 15:57:28:998 (信息): send
2017-11-30 15:57:28:998 (信息): send
2017-11-30 15:57:29:994 (信息): send
2017-11-30 15:59:28:994 (信息): send
2017-11-30 15:59:28:994 (信息): send
2017-11-30 15:59:30:000 (信息): send
2017-11-30 16:01:28:997 (信息): send
2017-11-30 16:01:28:997 (信息): send
2017-11-30 16:01:30:000 (信息): send
2017-11-30 16:03:28:994 (信息): send
2017-11-30 16:03:28:994 (信息): send
2017-11-30 16:03:29:999 (信息): send
2017-11-30 16:05:28:997 (信息): send
2017-11-30 16:05:28:997 (信息): send
2017-11-30 16:05:29:998 (信息): send
2017-11-30 16:07:28:993 (信息): send
2017-11-30 16:07:28:993 (信息): send
2017-11-30 16:07:30:001 (信息): send
2017-11-30 16:09:28:996 (信息): send
2017-11-30 16:09:28:996 (信息): send
2017-11-30 16:09:29:995 (信息): send
2017-11-30 16:11:28:994 (信息): send
2017-11-30 16:11:28:994 (信息): send
2017-11-30 16:11:29:994 (信息): send
2017-11-30 16:13:29:008 (信息): send
2017-11-30 16:13:29:008 (信息): send
2017-11-30 16:13:29:995 (信息): send
2017-11-30 16:15:28:993 (信息): send
2017-11-30 16:15:28:993 (信息): send
2017-11-30 16:15:29:994 (信息): send
2017-11-30 16:17:28:993 (信息): send
2017-11-30 16:17:28:993 (信息): send
2017-11-30 16:17:29:994 (信息): send
2017-11-30 16:19:28:998 (信息): send
2017-11-30 16:19:28:998 (信息): send
2017-11-30 16:19:29:998 (信息): send
2017-11-30 16:21:29:000 (信息): send
2017-11-30 16:21:29:000 (信息): send
2017-11-30 16:21:30:000 (信息): send
2017-11-30 16:23:28:998 (信息): send
2017-11-30 16:23:28:998 (信息): send
2017-11-30 16:23:29:994 (信息): send
2017-11-30 16:25:28:999 (信息): send
2017-11-30 16:25:28:999 (信息): send
2017-11-30 16:25:29:994 (信息): send
2017-11-30 16:27:29:002 (信息): send
2017-11-30 16:27:29:002 (信息): send
2017-11-30 16:27:29:994 (信息): send
2017-11-30 16:29:28:999 (信息): send
2017-11-30 16:29:28:999 (信息): send
2017-11-30 16:29:30:000 (信息): send
2017-11-30 16:31:28:999 (信息): send
2017-11-30 16:31:28:999 (信息): send
2017-11-30 16:31:30:000 (信息): send
2017-11-30 16:33:28:993 (信息): send
2017-11-30 16:33:28:993 (信息): send
2017-11-30 16:33:29:993 (信息): send
2017-11-30 16:35:28:996 (信息): send
2017-11-30 16:35:28:996 (信息): send
2017-11-30 16:35:29:998 (信息): send
2017-11-30 16:37:28:996 (信息): send
2017-11-30 16:37:28:996 (信息): send
2017-11-30 16:37:29:997 (信息): send
2017-11-30 16:39:28:995 (信息): send
2017-11-30 16:39:28:995 (信息): send
2017-11-30 16:39:29:999 (信息): send
2017-11-30 16:41:28:994 (信息): send
2017-11-30 16:41:28:994 (信息): send
2017-11-30 16:41:29:999 (信息): send
2017-11-30 16:43:28:996 (信息): send
2017-11-30 16:43:28:996 (信息): send
2017-11-30 16:43:29:993 (信息): send
2017-11-30 16:45:28:994 (信息): send
2017-11-30 16:45:28:994 (信息): send
2017-11-30 16:45:29:996 (信息): send
2017-11-30 16:47:28:994 (信息): send
2017-11-30 16:47:28:994 (信息): send
2017-11-30 16:47:30:001 (信息): send
2017-11-30 16:49:28:994 (信息): send
2017-11-30 16:49:28:994 (信息): send
2017-11-30 16:49:29:994 (信息): send
2017-11-30 16:51:28:995 (信息): send
2017-11-30 16:51:28:995 (信息): send
2017-11-30 16:51:29:993 (信息): send
2017-11-30 16:53:29:003 (信息): send
2017-11-30 16:53:29:003 (信息): send
2017-11-30 16:53:29:999 (信息): send
2017-11-30 16:55:29:002 (信息): send
2017-11-30 16:55:29:002 (信息): send
2017-11-30 16:55:29:994 (信息): send
2017-11-30 16:57:29:000 (信息): send
2017-11-30 16:57:29:000 (信息): send
2017-11-30 16:57:29:999 (信息): send
2017-11-30 16:59:28:997 (信息): send
2017-11-30 16:59:28:997 (信息): send
2017-11-30 16:59:29:993 (信息): send
2017-11-30 17:01:28:995 (信息): send
2017-11-30 17:01:28:995 (信息): send
2017-11-30 17:01:29:994 (信息): send
2017-11-30 17:03:28:995 (信息): send
2017-11-30 17:03:28:995 (信息): send
2017-11-30 17:03:29:996 (信息): send
2017-11-30 17:05:28:994 (信息): send
2017-11-30 17:05:28:994 (信息): send
2017-11-30 17:05:29:996 (信息): send
2017-11-30 17:07:28:994 (信息): send
2017-11-30 17:07:28:994 (信息): send
2017-11-30 17:07:29:994 (信息): send
2017-11-30 17:09:28:993 (信息): send
2017-11-30 17:09:28:993 (信息): send
2017-11-30 17:09:29:997 (信息): send
2017-11-30 17:11:28:994 (信息): send
2017-11-30 17:11:28:994 (信息): send
2017-11-30 17:11:29:997 (信息): send
2017-11-30 17:13:28:995 (信息): send
2017-11-30 17:13:28:995 (信息): send
2017-11-30 17:13:29:994 (信息): send
2017-11-30 17:15:28:994 (信息): send
2017-11-30 17:15:28:994 (信息): send
2017-11-30 17:15:29:997 (信息): send
2017-11-30 17:17:28:994 (信息): send
2017-11-30 17:17:28:994 (信息): send
2017-11-30 17:17:29:995 (信息): send
2017-11-30 17:19:28:994 (信息): send
2017-11-30 17:19:28:994 (信息): send
2017-11-30 17:19:29:994 (信息): send
2017-11-30 17:21:28:993 (信息): send
2017-11-30 17:21:28:993 (信息): send
2017-11-30 17:21:29:996 (信息): send
2017-11-30 17:23:28:993 (信息): send
2017-11-30 17:23:28:993 (信息): send
2017-11-30 17:23:29:995 (信息): send
2017-11-30 17:25:28:996 (信息): send
2017-11-30 17:25:28:996 (信息): send
2017-11-30 17:25:29:996 (信息): send
2017-11-30 17:27:28:994 (信息): send
2017-11-30 17:27:28:994 (信息): send
2017-11-30 17:27:29:994 (信息): send
2017-11-30 17:29:28:995 (信息): send
2017-11-30 17:29:28:995 (信息): send
2017-11-30 17:29:29:993 (信息): send
2017-11-30 17:31:28:995 (信息): send
2017-11-30 17:31:28:995 (信息): send
2017-11-30 17:31:29:996 (信息): send
2017-11-30 17:33:28:994 (信息): send
2017-11-30 17:33:28:994 (信息): send
2017-11-30 17:33:29:995 (信息): send
2017-11-30 17:35:28:994 (信息): send
2017-11-30 17:35:28:994 (信息): send
2017-11-30 17:35:29:994 (信息): send
2017-11-30 17:37:28:994 (信息): send
2017-11-30 17:37:28:994 (信息): send
2017-11-30 17:37:29:993 (信息): send
2017-11-30 17:39:28:993 (信息): send
2017-11-30 17:39:28:993 (信息): send
2017-11-30 17:39:29:993 (信息): send
2017-11-30 17:41:28:994 (信息): send
2017-11-30 17:41:28:994 (信息): send
2017-11-30 17:41:29:996 (信息): send
2017-11-30 17:43:28:995 (信息): send
2017-11-30 17:43:28:995 (信息): send
2017-11-30 17:43:29:995 (信息): send
2017-11-30 17:45:28:993 (信息): send
2017-11-30 17:45:28:993 (信息): send
2017-11-30 17:45:29:995 (信息): send
2017-11-30 17:47:28:999 (信息): send
2017-11-30 17:47:28:999 (信息): send
2017-11-30 17:47:29:995 (信息): send
2017-11-30 17:49:28:997 (信息): send
2017-11-30 17:49:28:997 (信息): send
2017-11-30 17:49:29:995 (信息): send
2017-11-30 17:51:28:998 (信息): send
2017-11-30 17:51:28:998 (信息): send
2017-11-30 17:51:29:993 (信息): send
2017-11-30 17:53:28:998 (信息): send
2017-11-30 17:53:28:998 (信息): send
2017-11-30 17:53:29:993 (信息): send
2017-11-30 17:55:28:996 (信息): send
2017-11-30 17:55:28:996 (信息): send
2017-11-30 17:55:29:995 (信息): send
2017-11-30 17:57:28:999 (信息): send
2017-11-30 17:57:28:999 (信息): send
2017-11-30 17:57:29:994 (信息): send
2017-11-30 17:59:28:999 (信息): send
2017-11-30 17:59:28:999 (信息): send
2017-11-30 17:59:29:995 (信息): send
2017-11-30 18:01:28:999 (信息): send
2017-11-30 18:01:28:999 (信息): send
2017-11-30 18:01:29:994 (信息): send
2017-11-30 18:03:28:999 (信息): send
2017-11-30 18:03:28:999 (信息): send
2017-11-30 18:03:29:993 (信息): send
2017-11-30 18:05:28:999 (信息): send
2017-11-30 18:05:28:999 (信息): send
2017-11-30 18:05:29:994 (信息): send
2017-11-30 18:07:29:001 (信息): send
2017-11-30 18:07:29:001 (信息): send
2017-11-30 18:07:29:993 (信息): send
2017-11-30 18:09:28:997 (信息): send
2017-11-30 18:09:28:997 (信息): send
2017-11-30 18:09:29:993 (信息): send
2017-11-30 18:11:28:997 (信息): send
2017-11-30 18:11:28:997 (信息): send
2017-11-30 18:11:29:994 (信息): send
2017-11-30 18:13:28:999 (信息): send
2017-11-30 18:13:28:999 (信息): send
2017-11-30 18:13:29:995 (信息): send
2017-11-30 18:15:28:998 (信息): send
2017-11-30 18:15:28:998 (信息): send
2017-11-30 18:15:29:995 (信息): send
2017-11-30 18:17:28:998 (信息): send
2017-11-30 18:17:28:998 (信息): send
2017-11-30 18:17:29:995 (信息): send
