2017-12-01 09:16:53:744 (信息): send
2017-12-01 09:16:53:744 (信息): send
2017-12-01 09:16:54:746 (信息): send
2017-12-01 09:16:54:747 (信息): send
2017-12-01 09:16:55:745 (信息): send
2017-12-01 09:16:55:745 (信息): send
2017-12-01 09:16:56:747 (信息): send
2017-12-01 09:16:56:747 (信息): send
2017-12-01 09:16:57:749 (信息): send
2017-12-01 09:16:57:749 (信息): send
2017-12-01 09:16:58:748 (信息): send
2017-12-01 09:16:58:748 (信息): send
2017-12-01 09:16:58:794 (错误): 本地主动断开连接
2017-12-01 09:17:09:778 (信息): TCP客户端连接成功
2017-12-01 09:17:10:746 (信息): send
2017-12-01 09:17:10:746 (信息): send
2017-12-01 09:17:11:748 (信息): send
2017-12-01 09:17:11:748 (信息): send
2017-12-01 09:17:12:748 (信息): send
2017-12-01 09:17:13:746 (信息): send
2017-12-01 09:18:53:746 (信息): send
2017-12-01 09:18:53:746 (信息): send
2017-12-01 09:18:54:744 (信息): send
2017-12-01 09:19:57:571 (信息): - 插件【 GuangxiStation 】 卸载正常
2017-12-01 09:19:57:576 (信息): - 插件【 TCP客户端 】 卸载正常
2017-12-01 09:19:57:581 (信息): 软件安全退出(-1)!

2017-12-01 09:27:30:791 (信息): 系统加载...
2017-12-01 09:27:30:819 (信息): + 插件【 TCP客户端 】 加载正常
2017-12-01 09:27:30:825 (信息): 插件[  GuangxiStation ]...
2017-12-01 09:27:30:827 (信息): xml配置文件读取成功
2017-12-01 09:27:30:834 (信息): 数据库打开成功
2017-12-01 09:27:30:857 (信息): TCP客户端连接成功
2017-12-01 09:27:30:936 (信息): + 插件【 GuangxiStation 】 加载正常
2017-12-01 09:27:31:826 (信息): send
2017-12-01 09:27:31:931 (信息): send
2017-12-01 09:27:32:828 (信息): send
2017-12-01 09:29:31:827 (信息): send
2017-12-01 09:29:31:827 (信息): send
2017-12-01 09:29:32:826 (信息): send
2017-12-01 09:31:31:829 (信息): send
2017-12-01 09:31:31:829 (信息): send
2017-12-01 09:31:32:828 (信息): send
2017-12-01 09:33:31:825 (信息): send
2017-12-01 09:33:31:825 (信息): send
2017-12-01 09:33:32:829 (信息): send
2017-12-01 09:34:35:137 (信息): - 插件【 GuangxiStation 】 卸载正常
2017-12-01 09:34:35:142 (信息): - 插件【 TCP客户端 】 卸载正常
2017-12-01 09:34:35:147 (信息): 软件安全退出(-1)!

2017-12-01 09:34:52:776 (信息): 系统加载...
2017-12-01 09:34:52:799 (信息): + 插件【 TCP客户端 】 加载正常
2017-12-01 09:34:52:803 (信息): 插件[  GuangxiStation ]...
2017-12-01 09:34:52:808 (信息): xml配置文件读取成功
2017-12-01 09:34:52:814 (信息): 数据库打开成功
2017-12-01 09:34:52:847 (信息): TCP客户端连接成功
2017-12-01 09:34:52:916 (信息): + 插件【 GuangxiStation 】 加载正常
2017-12-01 09:34:53:811 (信息): send
2017-12-01 09:34:53:920 (信息): send
2017-12-01 09:34:54:807 (信息): send

2017-12-01 09:35:40:463 (信息): 系统加载...
2017-12-01 09:35:40:485 (信息): + 插件【 TCP客户端 】 加载正常
2017-12-01 09:35:40:492 (信息): 插件[  GuangxiStation ]...
2017-12-01 09:35:40:494 (信息): xml配置文件读取成功
2017-12-01 09:35:40:501 (信息): 数据库打开成功
2017-12-01 09:35:40:536 (信息): TCP客户端连接成功
2017-12-01 09:35:40:605 (信息): + 插件【 GuangxiStation 】 加载正常
2017-12-01 09:35:41:499 (信息): send
2017-12-01 09:35:41:605 (信息): send
2017-12-01 09:35:42:498 (信息): send
2017-12-01 09:36:02:432 (信息): - 插件【 GuangxiStation 】 卸载正常
2017-12-01 09:36:02:435 (信息): - 插件【 TCP客户端 】 卸载正常
2017-12-01 09:36:02:441 (信息): 软件安全退出(-1)!

2017-12-01 09:36:13:194 (信息): 系统加载...
2017-12-01 09:36:13:216 (信息): + 插件【 TCP客户端 】 加载正常
2017-12-01 09:36:13:221 (信息): 插件[  GuangxiStation ]...
2017-12-01 09:36:13:225 (信息): xml配置文件读取成功
2017-12-01 09:36:13:230 (信息): 数据库打开成功
2017-12-01 09:36:13:252 (信息): TCP客户端连接成功
2017-12-01 09:36:13:331 (信息): + 插件【 GuangxiStation 】 加载正常
2017-12-01 09:36:14:227 (信息): send
2017-12-01 09:36:14:326 (信息): send
2017-12-01 09:36:15:230 (信息): send
2017-12-01 09:36:17:641 (信息): - 插件【 GuangxiStation 】 卸载正常
2017-12-01 09:36:17:644 (信息): - 插件【 TCP客户端 】 卸载正常
2017-12-01 09:36:17:651 (信息): 软件安全退出(-1)!

2017-12-01 09:36:30:885 (信息): 系统加载...
2017-12-01 09:36:30:908 (信息): + 插件【 TCP客户端 】 加载正常
2017-12-01 09:36:30:914 (信息): 插件[  GuangxiStation ]...
2017-12-01 09:36:30:916 (信息): xml配置文件读取成功
2017-12-01 09:36:30:922 (信息): 数据库打开成功
2017-12-01 09:36:30:956 (信息): TCP客户端连接成功
2017-12-01 09:36:31:024 (信息): + 插件【 GuangxiStation 】 加载正常
2017-12-01 09:36:31:916 (信息): send
2017-12-01 09:36:32:013 (信息): send
2017-12-01 09:36:32:917 (信息): send
2017-12-01 09:38:31:923 (信息): send
2017-12-01 09:38:31:923 (信息): send
2017-12-01 09:38:32:921 (信息): send
2017-12-01 09:40:31:924 (信息): send
2017-12-01 09:40:31:924 (信息): send
2017-12-01 09:40:32:925 (信息): send
2017-12-01 09:42:31:922 (信息): send
2017-12-01 09:42:31:922 (信息): send
2017-12-01 09:42:32:922 (信息): send
2017-12-01 09:44:31:923 (信息): send
2017-12-01 09:44:31:924 (信息): send
2017-12-01 09:44:32:920 (信息): send
2017-12-01 09:46:31:924 (信息): send
2017-12-01 09:46:31:924 (信息): send
2017-12-01 09:46:32:922 (信息): send
2017-12-01 09:48:31:924 (信息): send
2017-12-01 09:48:31:924 (信息): send
2017-12-01 09:48:32:920 (信息): send
2017-12-01 09:50:31:923 (信息): send
2017-12-01 09:50:31:923 (信息): send
2017-12-01 09:50:32:921 (信息): send
2017-12-01 09:52:31:919 (信息): send
2017-12-01 09:52:31:919 (信息): send
2017-12-01 09:52:32:919 (信息): send
2017-12-01 09:54:31:916 (信息): send
2017-12-01 09:54:31:917 (信息): send
2017-12-01 09:54:32:916 (信息): send
2017-12-01 09:56:31:916 (信息): send
2017-12-01 09:56:31:917 (信息): send
2017-12-01 09:56:32:921 (信息): send
2017-12-01 09:58:31:923 (信息): send
2017-12-01 09:58:31:923 (信息): send
2017-12-01 09:58:32:917 (信息): send
2017-12-01 10:00:31:921 (信息): send
2017-12-01 10:00:31:923 (信息): send
2017-12-01 10:00:32:923 (信息): send
2017-12-01 10:02:31:920 (信息): send
2017-12-01 10:02:31:920 (信息): send
2017-12-01 10:02:32:923 (信息): send
2017-12-01 10:04:31:918 (信息): send
2017-12-01 10:04:31:918 (信息): send
2017-12-01 10:04:32:919 (信息): send
2017-12-01 10:06:31:916 (信息): send
2017-12-01 10:06:31:916 (信息): send
2017-12-01 10:06:32:919 (信息): send
2017-12-01 10:08:31:921 (信息): send
2017-12-01 10:08:31:921 (信息): send
2017-12-01 10:08:32:918 (信息): send
2017-12-01 10:10:31:919 (信息): send
2017-12-01 10:10:31:919 (信息): send
2017-12-01 10:10:32:916 (信息): send
2017-12-01 10:12:31:924 (信息): send
2017-12-01 10:12:31:925 (信息): send
2017-12-01 10:12:32:921 (信息): send
2017-12-01 10:14:31:921 (信息): send
2017-12-01 10:14:31:921 (信息): send
2017-12-01 10:14:32:922 (信息): send
2017-12-01 10:16:31:916 (信息): send
2017-12-01 10:16:31:916 (信息): send
2017-12-01 10:16:32:916 (信息): send
2017-12-01 10:18:31:916 (信息): send
2017-12-01 10:18:31:917 (信息): send
2017-12-01 10:18:32:920 (信息): send
2017-12-01 10:20:31:916 (信息): send
2017-12-01 10:20:31:917 (信息): send
2017-12-01 10:20:32:920 (信息): send
2017-12-01 10:22:31:917 (信息): send
2017-12-01 10:22:31:917 (信息): send
2017-12-01 10:22:32:921 (信息): send
2017-12-01 10:24:31:917 (信息): send
2017-12-01 10:24:31:918 (信息): send
2017-12-01 10:24:32:922 (信息): send
2017-12-01 10:26:31:917 (信息): send
2017-12-01 10:26:31:917 (信息): send
2017-12-01 10:26:32:922 (信息): send
2017-12-01 10:28:31:915 (信息): send
2017-12-01 10:28:31:915 (信息): send
2017-12-01 10:28:32:923 (信息): send
2017-12-01 10:30:31:917 (信息): send
2017-12-01 10:30:31:917 (信息): send
2017-12-01 10:30:32:918 (信息): send
2017-12-01 10:32:31:917 (信息): send
2017-12-01 10:32:31:917 (信息): send
2017-12-01 10:32:32:918 (信息): send
2017-12-01 10:34:31:916 (信息): send
2017-12-01 10:34:31:918 (信息): send
2017-12-01 10:34:32:917 (信息): send
2017-12-01 10:36:31:916 (信息): send
2017-12-01 10:36:31:917 (信息): send
2017-12-01 10:36:32:917 (信息): send
2017-12-01 10:38:31:923 (信息): send
2017-12-01 10:38:31:923 (信息): send
2017-12-01 10:38:32:916 (信息): send
2017-12-01 10:40:31:922 (信息): send
2017-12-01 10:40:31:922 (信息): send
2017-12-01 10:40:32:921 (信息): send
2017-12-01 10:42:31:916 (信息): send
2017-12-01 10:42:31:916 (信息): send
2017-12-01 10:42:32:917 (信息): send
2017-12-01 10:44:31:918 (信息): send
2017-12-01 10:44:31:918 (信息): send
2017-12-01 10:44:32:916 (信息): send
2017-12-01 10:46:31:922 (信息): send
2017-12-01 10:46:31:922 (信息): send
2017-12-01 10:46:32:920 (信息): send
2017-12-01 10:48:31:922 (信息): send
2017-12-01 10:48:31:922 (信息): send
2017-12-01 10:48:32:922 (信息): send
2017-12-01 10:50:31:921 (信息): send
2017-12-01 10:50:31:921 (信息): send
2017-12-01 10:50:32:920 (信息): send
2017-12-01 10:52:31:920 (信息): send
2017-12-01 10:52:31:920 (信息): send
2017-12-01 10:52:32:922 (信息): send
2017-12-01 10:52:32:923 (信息): send
2017-12-01 10:52:33:921 (信息): send
2017-12-01 10:52:33:922 (信息): send
2017-12-01 10:52:34:922 (信息): send
2017-12-01 10:54:31:921 (信息): send
2017-12-01 10:54:31:922 (信息): send
2017-12-01 10:54:32:919 (信息): send
2017-12-01 10:56:31:921 (信息): send
2017-12-01 10:56:31:921 (信息): send
2017-12-01 10:56:32:917 (信息): send
2017-12-01 10:58:31:920 (信息): send
2017-12-01 10:58:31:920 (信息): send
2017-12-01 10:58:32:921 (信息): send
2017-12-01 11:00:31:918 (信息): send
2017-12-01 11:00:31:918 (信息): send
2017-12-01 11:00:32:920 (信息): send
2017-12-01 11:02:31:921 (信息): send
2017-12-01 11:02:31:921 (信息): send
2017-12-01 11:02:32:917 (信息): send
2017-12-01 11:04:31:916 (信息): send
2017-12-01 11:04:31:916 (信息): send
2017-12-01 11:04:32:917 (信息): send
2017-12-01 11:06:31:922 (信息): send
2017-12-01 11:06:31:922 (信息): send
2017-12-01 11:06:32:922 (信息): send
2017-12-01 11:08:31:921 (信息): send
2017-12-01 11:08:31:921 (信息): send
2017-12-01 11:08:32:923 (信息): send
2017-12-01 11:10:31:920 (信息): send
2017-12-01 11:10:31:920 (信息): send
2017-12-01 11:10:32:921 (信息): send
2017-12-01 11:12:31:923 (信息): send
2017-12-01 11:12:31:923 (信息): send
2017-12-01 11:12:32:922 (信息): send
2017-12-01 11:14:31:916 (信息): send
2017-12-01 11:14:31:917 (信息): send
2017-12-01 11:14:32:923 (信息): send
2017-12-01 11:16:31:924 (信息): send
2017-12-01 11:16:31:925 (信息): send
2017-12-01 11:16:32:922 (信息): send
2017-12-01 11:18:31:924 (信息): send
2017-12-01 11:18:31:924 (信息): send
2017-12-01 11:18:32:925 (信息): send
2017-12-01 11:20:31:919 (信息): send
2017-12-01 11:20:31:919 (信息): send
2017-12-01 11:20:32:915 (信息): send
2017-12-01 11:22:31:918 (信息): send
2017-12-01 11:22:31:919 (信息): send
2017-12-01 11:22:32:916 (信息): send
2017-12-01 11:24:31:919 (信息): send
2017-12-01 11:24:31:919 (信息): send
2017-12-01 11:24:32:916 (信息): send
2017-12-01 11:26:31:916 (信息): send
2017-12-01 11:26:31:916 (信息): send
2017-12-01 11:26:32:918 (信息): send
2017-12-01 11:28:31:917 (信息): send
2017-12-01 11:28:31:917 (信息): send
2017-12-01 11:28:32:919 (信息): send
2017-12-01 11:30:31:920 (信息): send
2017-12-01 11:30:31:921 (信息): send
2017-12-01 11:30:32:918 (信息): send
2017-12-01 11:32:31:920 (信息): send
2017-12-01 11:32:31:920 (信息): send
2017-12-01 11:32:32:916 (信息): send
2017-12-01 11:34:31:920 (信息): send
2017-12-01 11:34:31:920 (信息): send
2017-12-01 11:34:32:924 (信息): send
2017-12-01 11:36:31:923 (信息): send
2017-12-01 11:36:31:923 (信息): send
2017-12-01 11:36:32:922 (信息): send
2017-12-01 11:38:31:924 (信息): send
2017-12-01 11:38:31:924 (信息): send
2017-12-01 11:38:32:923 (信息): send
2017-12-01 11:40:31:922 (信息): send
2017-12-01 11:40:31:922 (信息): send
2017-12-01 11:40:32:921 (信息): send
2017-12-01 11:42:31:920 (信息): send
2017-12-01 11:42:31:920 (信息): send
2017-12-01 11:42:32:921 (信息): send
2017-12-01 11:44:31:920 (信息): send
2017-12-01 11:44:31:920 (信息): send
2017-12-01 11:44:32:922 (信息): send
2017-12-01 11:46:31:925 (信息): send
2017-12-01 11:46:31:925 (信息): send
2017-12-01 11:46:32:921 (信息): send
2017-12-01 11:48:31:923 (信息): send
2017-12-01 11:48:31:923 (信息): send
2017-12-01 11:48:32:922 (信息): send
2017-12-01 11:50:31:920 (信息): send
2017-12-01 11:50:31:921 (信息): send
2017-12-01 11:50:32:921 (信息): send
2017-12-01 11:52:31:921 (信息): send
2017-12-01 11:52:31:921 (信息): send
2017-12-01 11:52:32:921 (信息): send
2017-12-01 11:54:31:916 (信息): send
2017-12-01 11:54:31:916 (信息): send
2017-12-01 11:54:32:917 (信息): send
2017-12-01 11:56:31:917 (信息): send
2017-12-01 11:56:31:917 (信息): send
2017-12-01 11:56:32:919 (信息): send
2017-12-01 11:58:31:916 (信息): send
2017-12-01 11:58:31:917 (信息): send
2017-12-01 11:58:32:918 (信息): send
2017-12-01 12:00:31:917 (信息): send
2017-12-01 12:00:31:918 (信息): send
2017-12-01 12:00:32:916 (信息): send
2017-12-01 12:02:31:916 (信息): send
2017-12-01 12:02:31:917 (信息): send
2017-12-01 12:02:32:919 (信息): send
2017-12-01 12:04:31:918 (信息): send
2017-12-01 12:04:31:918 (信息): send
2017-12-01 12:04:32:917 (信息): send
2017-12-01 12:06:31:916 (信息): send
2017-12-01 12:06:31:916 (信息): send
2017-12-01 12:06:32:918 (信息): send
2017-12-01 12:08:31:917 (信息): send
2017-12-01 12:08:31:917 (信息): send
2017-12-01 12:08:32:917 (信息): send
2017-12-01 12:10:31:918 (信息): send
2017-12-01 12:10:31:918 (信息): send
2017-12-01 12:10:32:919 (信息): send
2017-12-01 12:12:31:918 (信息): send
2017-12-01 12:12:31:919 (信息): send
2017-12-01 12:12:32:920 (信息): send
2017-12-01 12:14:31:916 (信息): send
2017-12-01 12:14:31:916 (信息): send
2017-12-01 12:14:32:918 (信息): send
2017-12-01 12:16:31:916 (信息): send
2017-12-01 12:16:31:917 (信息): send
2017-12-01 12:16:32:916 (信息): send
2017-12-01 12:18:31:917 (信息): send
2017-12-01 12:18:31:917 (信息): send
2017-12-01 12:18:32:919 (信息): send
2017-12-01 12:20:31:915 (信息): send
2017-12-01 12:20:31:915 (信息): send
2017-12-01 12:20:32:915 (信息): send
2017-12-01 12:22:31:918 (信息): send
2017-12-01 12:22:31:919 (信息): send
2017-12-01 12:22:32:919 (信息): send
2017-12-01 12:24:31:917 (信息): send
2017-12-01 12:24:31:917 (信息): send
2017-12-01 12:24:32:923 (信息): send
2017-12-01 12:27:47:653 (信息): send
2017-12-01 12:27:47:653 (信息): send
2017-12-01 12:27:48:650 (信息): send
2017-12-01 12:27:48:650 (信息): send
2017-12-01 12:27:49:653 (信息): send
2017-12-01 12:27:49:653 (信息): send
2017-12-01 12:27:50:655 (信息): send
2017-12-01 12:27:50:656 (信息): send
2017-12-01 12:27:51:653 (信息): send
2017-12-01 12:27:51:653 (信息): send
2017-12-01 12:27:52:468 (错误): 本地主动断开连接
2017-12-01 12:28:02:678 (信息): TCP客户端连接成功
2017-12-01 12:28:03:652 (信息): send
2017-12-01 12:28:03:652 (信息): send
2017-12-01 12:28:04:657 (信息): send
2017-12-01 12:29:47:651 (信息): send
2017-12-01 12:29:47:652 (信息): send
2017-12-01 12:29:48:653 (信息): send
2017-12-01 12:31:47:651 (信息): send
2017-12-01 12:31:47:651 (信息): send
2017-12-01 12:31:48:656 (信息): send
2017-12-01 12:33:47:651 (信息): send
2017-12-01 12:33:47:652 (信息): send
2017-12-01 12:33:48:651 (信息): send
2017-12-01 12:35:47:649 (信息): send
2017-12-01 12:35:47:651 (信息): send
2017-12-01 12:35:48:655 (信息): send
2017-12-01 12:37:47:651 (信息): send
2017-12-01 12:37:47:652 (信息): send
2017-12-01 12:37:48:651 (信息): send
2017-12-01 12:39:47:653 (信息): send
2017-12-01 12:39:47:653 (信息): send
2017-12-01 12:39:48:657 (信息): send
2017-12-01 12:41:47:652 (信息): send
2017-12-01 12:41:47:653 (信息): send
2017-12-01 12:41:48:658 (信息): send
2017-12-01 12:43:47:655 (信息): send
2017-12-01 12:43:47:655 (信息): send
2017-12-01 12:43:48:657 (信息): send
2017-12-01 12:45:47:653 (信息): send
2017-12-01 12:45:47:653 (信息): send
2017-12-01 12:45:48:650 (信息): send
2017-12-01 12:47:47:652 (信息): send
2017-12-01 12:47:47:653 (信息): send
2017-12-01 12:47:48:651 (信息): send
2017-12-01 12:49:47:655 (信息): send
2017-12-01 12:49:47:655 (信息): send
2017-12-01 12:49:48:651 (信息): send
2017-12-01 12:51:47:653 (信息): send
2017-12-01 12:51:47:654 (信息): send
2017-12-01 12:51:48:650 (信息): send
2017-12-01 12:51:49:654 (信息): send
2017-12-01 12:53:47:653 (信息): send
2017-12-01 12:53:47:654 (信息): send
2017-12-01 12:53:48:654 (信息): send
2017-12-01 12:55:47:659 (信息): send
2017-12-01 12:55:47:659 (信息): send
2017-12-01 12:55:48:658 (信息): send
2017-12-01 12:57:47:657 (信息): send
2017-12-01 12:57:47:657 (信息): send
2017-12-01 12:57:48:657 (信息): send
2017-12-01 12:59:47:656 (信息): send
2017-12-01 12:59:47:656 (信息): send
2017-12-01 12:59:48:656 (信息): send
2017-12-01 13:01:47:652 (信息): send
2017-12-01 13:01:47:652 (信息): send
2017-12-01 13:01:48:650 (信息): send
2017-12-01 13:03:47:653 (信息): send
2017-12-01 13:03:47:653 (信息): send
2017-12-01 13:03:48:652 (信息): send
2017-12-01 13:05:47:656 (信息): send
2017-12-01 13:05:47:657 (信息): send
2017-12-01 13:05:48:652 (信息): send
2017-12-01 13:07:47:656 (信息): send
2017-12-01 13:07:47:656 (信息): send
2017-12-01 13:07:48:651 (信息): send
2017-12-01 13:09:47:653 (信息): send
2017-12-01 13:09:47:653 (信息): send
2017-12-01 13:09:48:651 (信息): send
2017-12-01 13:11:47:652 (信息): send
2017-12-01 13:11:47:654 (信息): send
2017-12-01 13:11:48:651 (信息): send
2017-12-01 13:13:47:652 (信息): send
2017-12-01 13:13:47:652 (信息): send
2017-12-01 13:13:48:660 (信息): send
2017-12-01 13:15:47:653 (信息): send
2017-12-01 13:15:47:654 (信息): send
2017-12-01 13:15:48:650 (信息): send
2017-12-01 13:17:47:655 (信息): send
2017-12-01 13:17:47:656 (信息): send
2017-12-01 13:17:48:650 (信息): send
2017-12-01 13:40:49:652 (信息): send
2017-12-01 13:40:49:652 (信息): send
2017-12-01 13:40:50:658 (信息): send
2017-12-01 13:40:50:659 (信息): send
2017-12-01 13:40:51:650 (信息): send
2017-12-01 13:40:51:650 (信息): send
2017-12-01 13:40:52:651 (信息): send
2017-12-01 13:40:52:651 (信息): send
2017-12-01 13:40:53:651 (信息): send
2017-12-01 13:40:53:651 (信息): send
2017-12-01 13:40:54:507 (错误): 本地主动断开连接
2017-12-01 13:41:04:671 (信息): TCP客户端连接成功
2017-12-01 13:41:05:651 (信息): send
2017-12-01 13:41:05:651 (信息): send
2017-12-01 13:41:06:746 (信息): send
2017-12-01 13:42:49:651 (信息): send
2017-12-01 13:42:49:652 (信息): send
2017-12-01 13:42:50:654 (信息): send
2017-12-01 13:44:49:650 (信息): send
2017-12-01 13:44:49:650 (信息): send
2017-12-01 13:44:50:652 (信息): send
2017-12-01 13:46:49:651 (信息): send
2017-12-01 13:46:49:651 (信息): send
2017-12-01 13:46:50:656 (信息): send
2017-12-01 13:48:49:652 (信息): send
2017-12-01 13:48:49:653 (信息): send
2017-12-01 13:48:50:650 (信息): send
2017-12-01 13:50:49:654 (信息): send
2017-12-01 13:50:49:654 (信息): send
2017-12-01 13:50:50:653 (信息): send
2017-12-01 13:52:49:653 (信息): send
2017-12-01 13:52:49:654 (信息): send
2017-12-01 13:52:50:652 (信息): send
2017-12-01 13:54:49:658 (信息): send
2017-12-01 13:54:49:658 (信息): send
2017-12-01 13:54:50:656 (信息): send
2017-12-01 13:56:49:651 (信息): send
2017-12-01 13:56:49:651 (信息): send
2017-12-01 13:56:50:652 (信息): send
2017-12-01 13:58:49:651 (信息): send
2017-12-01 13:58:49:652 (信息): send
2017-12-01 13:58:50:656 (信息): send
2017-12-01 14:00:49:653 (信息): send
2017-12-01 14:00:49:653 (信息): send
2017-12-01 14:00:50:652 (信息): send
2017-12-01 14:02:49:656 (信息): send
2017-12-01 14:02:49:657 (信息): send
2017-12-01 14:02:50:651 (信息): send
2017-12-01 14:04:49:652 (信息): send
2017-12-01 14:04:49:652 (信息): send
2017-12-01 14:04:50:651 (信息): send
2017-12-01 14:06:49:652 (信息): send
2017-12-01 14:06:49:653 (信息): send
2017-12-01 14:06:50:652 (信息): send
2017-12-01 14:08:49:651 (信息): send
2017-12-01 14:08:49:652 (信息): send
2017-12-01 14:08:50:652 (信息): send
2017-12-01 14:10:49:657 (信息): send
2017-12-01 14:10:49:657 (信息): send
2017-12-01 14:10:50:656 (信息): send
2017-12-01 14:12:49:651 (信息): send
2017-12-01 14:12:49:651 (信息): send
2017-12-01 14:12:50:652 (信息): send
2017-12-01 14:14:49:650 (信息): send
2017-12-01 14:14:49:650 (信息): send
2017-12-01 14:14:50:651 (信息): send
2017-12-01 14:16:49:656 (信息): send
2017-12-01 14:16:49:656 (信息): send
2017-12-01 14:16:50:652 (信息): send
2017-12-01 14:18:49:655 (信息): send
2017-12-01 14:18:49:655 (信息): send
2017-12-01 14:18:50:653 (信息): send
2017-12-01 14:20:49:656 (信息): send
2017-12-01 14:20:49:656 (信息): send
2017-12-01 14:20:50:651 (信息): send
2017-12-01 14:22:49:658 (信息): send
2017-12-01 14:22:49:658 (信息): send
2017-12-01 14:22:50:654 (信息): send
2017-12-01 14:24:49:655 (信息): send
2017-12-01 14:24:49:655 (信息): send
2017-12-01 14:24:50:652 (信息): send
2017-12-01 14:26:49:657 (信息): send
2017-12-01 14:26:49:658 (信息): send
2017-12-01 14:26:50:653 (信息): send
2017-12-01 14:28:49:655 (信息): send
2017-12-01 14:28:49:655 (信息): send
2017-12-01 14:28:50:655 (信息): send
2017-12-01 14:30:49:656 (信息): send
2017-12-01 14:30:49:657 (信息): send
2017-12-01 14:30:50:653 (信息): send
2017-12-01 14:32:49:655 (信息): send
2017-12-01 14:32:49:656 (信息): send
2017-12-01 14:32:50:651 (信息): send
2017-12-01 14:34:49:656 (信息): send
2017-12-01 14:34:49:657 (信息): send
2017-12-01 14:34:50:651 (信息): send
2017-12-01 14:36:49:656 (信息): send
2017-12-01 14:36:49:657 (信息): send
2017-12-01 14:36:50:652 (信息): send
2017-12-01 14:38:49:655 (信息): send
2017-12-01 14:38:49:655 (信息): send
2017-12-01 14:38:50:653 (信息): send
2017-12-01 14:40:49:651 (信息): send
2017-12-01 14:40:49:651 (信息): send
2017-12-01 14:40:50:650 (信息): send
2017-12-01 14:42:49:658 (信息): send
2017-12-01 14:42:49:659 (信息): send
2017-12-01 14:42:50:651 (信息): send
2017-12-01 14:44:49:656 (信息): send
2017-12-01 14:44:49:656 (信息): send
2017-12-01 14:44:50:654 (信息): send
2017-12-01 14:46:49:652 (信息): send
2017-12-01 14:46:49:652 (信息): send
2017-12-01 14:46:50:652 (信息): send
2017-12-01 14:48:49:654 (信息): send
2017-12-01 14:48:49:654 (信息): send
2017-12-01 14:48:50:653 (信息): send
2017-12-01 14:50:49:651 (信息): send
2017-12-01 14:50:49:651 (信息): send
2017-12-01 14:50:50:650 (信息): send
2017-12-01 14:52:49:654 (信息): send
2017-12-01 14:52:49:654 (信息): send
2017-12-01 14:52:50:652 (信息): send
2017-12-01 14:54:49:657 (信息): send
2017-12-01 14:54:49:657 (信息): send
2017-12-01 14:54:50:650 (信息): send
2017-12-01 14:56:49:656 (信息): send
2017-12-01 14:56:49:657 (信息): send
2017-12-01 14:56:50:652 (信息): send
2017-12-01 14:58:49:656 (信息): send
2017-12-01 14:58:49:656 (信息): send
2017-12-01 14:58:50:651 (信息): send
2017-12-01 15:00:49:655 (信息): send
2017-12-01 15:00:49:656 (信息): send
2017-12-01 15:00:50:655 (信息): send
2017-12-01 15:02:49:652 (信息): send
2017-12-01 15:02:49:652 (信息): send
2017-12-01 15:02:50:651 (信息): send
2017-12-01 15:04:49:653 (信息): send
2017-12-01 15:04:49:653 (信息): send
2017-12-01 15:04:50:653 (信息): send
2017-12-01 15:06:49:655 (信息): send
2017-12-01 15:06:49:656 (信息): send
2017-12-01 15:06:50:650 (信息): send
2017-12-01 15:08:49:651 (信息): send
2017-12-01 15:08:49:651 (信息): send
2017-12-01 15:08:50:652 (信息): send
2017-12-01 15:10:49:656 (信息): send
2017-12-01 15:10:49:656 (信息): send
2017-12-01 15:10:50:651 (信息): send
2017-12-01 15:12:49:651 (信息): send
2017-12-01 15:12:49:653 (信息): send
2017-12-01 15:12:50:650 (信息): send
2017-12-01 15:14:49:658 (信息): send
2017-12-01 15:14:49:658 (信息): send
2017-12-01 15:14:50:656 (信息): send
2017-12-01 15:16:49:654 (信息): send
2017-12-01 15:16:49:654 (信息): send
2017-12-01 15:16:50:657 (信息): send
2017-12-01 15:18:49:653 (信息): send
2017-12-01 15:18:49:653 (信息): send
2017-12-01 15:18:50:655 (信息): send
2017-12-01 15:20:49:654 (信息): send
2017-12-01 15:20:49:654 (信息): send
2017-12-01 15:20:50:656 (信息): send
2017-12-01 15:22:49:651 (信息): send
2017-12-01 15:22:49:651 (信息): send
2017-12-01 15:22:50:656 (信息): send
2017-12-01 15:24:49:651 (信息): send
2017-12-01 15:24:49:651 (信息): send
2017-12-01 15:24:50:658 (信息): send
2017-12-01 15:26:49:649 (信息): send
2017-12-01 15:26:49:649 (信息): send
2017-12-01 15:26:50:650 (信息): send
2017-12-01 15:28:49:652 (信息): send
2017-12-01 15:28:49:652 (信息): send
2017-12-01 15:28:50:651 (信息): send
2017-12-01 15:30:49:651 (信息): send
2017-12-01 15:30:49:651 (信息): send
2017-12-01 15:30:50:651 (信息): send
2017-12-01 15:32:49:652 (信息): send
2017-12-01 15:32:49:652 (信息): send
2017-12-01 15:32:50:656 (信息): send
2017-12-01 15:34:49:650 (信息): send
2017-12-01 15:34:49:652 (信息): send
2017-12-01 15:34:50:650 (信息): send
2017-12-01 15:36:49:650 (信息): send
2017-12-01 15:36:49:651 (信息): send
2017-12-01 15:36:50:652 (信息): send
2017-12-01 15:38:49:658 (信息): send
2017-12-01 15:38:49:658 (信息): send
2017-12-01 15:38:50:655 (信息): send
2017-12-01 15:40:49:656 (信息): send
2017-12-01 15:40:49:657 (信息): send
2017-12-01 15:40:50:656 (信息): send
2017-12-01 15:42:49:658 (信息): send
2017-12-01 15:42:49:658 (信息): send
2017-12-01 15:42:50:658 (信息): send
2017-12-01 15:44:49:658 (信息): send
2017-12-01 15:44:49:658 (信息): send
2017-12-01 15:44:50:658 (信息): send
2017-12-01 15:46:49:656 (信息): send
2017-12-01 15:46:49:656 (信息): send
2017-12-01 15:46:50:655 (信息): send
2017-12-01 15:48:49:657 (信息): send
2017-12-01 15:48:49:657 (信息): send
2017-12-01 15:48:50:655 (信息): send
2017-12-01 15:50:49:654 (信息): send
2017-12-01 15:50:49:654 (信息): send
2017-12-01 15:50:50:655 (信息): send
2017-12-01 15:52:49:657 (信息): send
2017-12-01 15:52:49:657 (信息): send
2017-12-01 15:52:50:657 (信息): send
2017-12-01 15:54:49:655 (信息): send
2017-12-01 15:54:49:655 (信息): send
2017-12-01 15:54:50:653 (信息): send
2017-12-01 15:56:49:655 (信息): send
2017-12-01 15:56:49:655 (信息): send
2017-12-01 15:56:50:654 (信息): send
2017-12-01 15:58:49:653 (信息): send
2017-12-01 15:58:49:654 (信息): send
2017-12-01 15:58:50:657 (信息): send
2017-12-01 16:00:49:655 (信息): send
2017-12-01 16:00:49:655 (信息): send
2017-12-01 16:00:50:652 (信息): send
2017-12-01 16:02:49:651 (信息): send
2017-12-01 16:02:49:651 (信息): send
2017-12-01 16:02:50:652 (信息): send
2017-12-01 16:04:49:656 (信息): send
2017-12-01 16:04:49:656 (信息): send
2017-12-01 16:04:50:651 (信息): send
2017-12-01 16:06:49:651 (信息): send
2017-12-01 16:06:49:651 (信息): send
2017-12-01 16:06:50:653 (信息): send
2017-12-01 16:08:49:655 (信息): send
2017-12-01 16:08:49:656 (信息): send
2017-12-01 16:08:50:650 (信息): send
2017-12-01 16:10:49:654 (信息): send
2017-12-01 16:10:49:654 (信息): send
2017-12-01 16:10:50:657 (信息): send
2017-12-01 16:12:49:651 (信息): send
2017-12-01 16:12:49:651 (信息): send
2017-12-01 16:12:50:657 (信息): send
2017-12-01 16:14:49:655 (信息): send
2017-12-01 16:14:49:655 (信息): send
2017-12-01 16:14:50:657 (信息): send
2017-12-01 16:16:49:659 (信息): send
2017-12-01 16:16:49:659 (信息): send
2017-12-01 16:16:50:656 (信息): send
2017-12-01 16:18:49:656 (信息): send
2017-12-01 16:18:49:656 (信息): send
2017-12-01 16:18:50:652 (信息): send
2017-12-01 16:22:26:722 (信息): - 插件【 GuangxiStation 】 卸载正常
2017-12-01 16:22:26:726 (信息): - 插件【 TCP客户端 】 卸载正常
2017-12-01 16:22:26:740 (信息): 软件安全退出(-1)!
