生成启动时间为 2018/5/5 17:13:56。
     1>项目“F:\GuangXiStation\Src\Plugins\GuangxiStation\GuangxiStation.vcxproj”在节点 2 上(build 个目标)。
     1>InitializeBuildStatus:
         正在创建“Debug\GuangxiStation.unsuccessfulbuild”，因为已指定“AlwaysCreate”。
       ClCompile:
         D:\Microsoft Visual Studio 10.0\VC\bin\CL.exe /c /ID:\wxWidgets2.8/include /ID:\wxWidgets2.8\additions/include /ID:\wxWidgets2.8/contrib/include /I"F:\WRIS-WRSOC-SERVER\WRSOC_Server\Src" /I"F:\WRIS-WRSOC-SERVER\WRSOC_Server\Src/interface" /I"F:\WRIS-WRSOC-SERVER\WRSOC_Server\Src/include" /I"F:\WRIS-WRSOC-SERVER\WRSOC_Server\Src/Include/MYSQL" /I"F:\WRIS-WRSOC-SERVER\WRSOC_Server\Src/include/pthread" /ZI /nologo /W3 /WX- /Od /Oy- /D WIN32 /D STRICT /D __WXMSW__ /D __WX__ /D _DEBUG /D __WXDEBUG__ /D _WINDOWS /D TIXML_USE_TICPP /D wxUSE_UNICODE /D WXUSINGDLL /D _CRT_SECURE_NO_DEPRECATE /D _WINDLL /D _UNICODE /D UNICODE /Gm /EHsc /RTC1 /MDd /GS /fp:precise /Zc:wchar_t /Zc:forScope /GR /Yc"wx_pch.h" /Fp"Debug\/GuangxiStation.pch" /Fo"Debug\\" /Fd"Debug\vc100.pdb" /Gd /TP /FIwx_pch.h /FID:\wxWidgets2.8/include/msvc/wx/setup.h /analyze- /errorReport:prompt GuangxiStation_gui.cpp InfraRed.cpp Leakage.cpp MysqlDatabase.cpp SelfDefAnalogDataOne.cpp SelfDefAnalogDataThree.cpp SelfDefAnalogDataTwo.cpp SimAirConditonerController.cpp SinglePhasePower.cpp SixRoute.cpp SwitchData.cpp SystemAnalogData.cpp Temperature.cpp TemperaturePowerAlarm.cpp TemperatureRadarAlarm.cpp ThreePhaseAlarm.cpp ThreePhasePower.cpp UPSAlarm.cpp UPSDataEP60.cpp UPSDataG1.cpp UPSDataG2.cpp UPSDataG3.cpp UPSDataQ2.cpp UPSDataWA.cpp pugixml.cpp version.cpp
         version.cpp
         pugixml.cpp
         UPSDataWA.cpp
         UPSDataQ2.cpp
         UPSDataG3.cpp
         UPSDataG2.cpp
         UPSDataG1.cpp
         UPSDataEP60.cpp
         UPSAlarm.cpp
         ThreePhasePower.cpp
         ThreePhaseAlarm.cpp
         TemperatureRadarAlarm.cpp
         TemperaturePowerAlarm.cpp
         Temperature.cpp
         SystemAnalogData.cpp
         SwitchData.cpp
         SixRoute.cpp
         SinglePhasePower.cpp
         SimAirConditonerController.cpp
         SelfDefAnalogDataTwo.cpp
         SelfDefAnalogDataThree.cpp
         SelfDefAnalogDataOne.cpp
         MysqlDatabase.cpp
         Leakage.cpp
         InfraRed.cpp
         GuangxiStation_gui.cpp
       ResourceCompile:
         所有输出均为最新。
       ManifestResourceCompile:
         所有输出均为最新。
       Link:
         D:\Microsoft Visual Studio 10.0\VC\bin\link.exe /ERRORREPORT:PROMPT /OUT:"../../../build/Debug/plugin/GuangxiStation\GuangxiStation.dll" /INCREMENTAL /NOLOGO /LIBPATH:"F:\WRIS-WRSOC-SERVER\WRSOC_Server\Src/include/targetsxs.h" /LIBPATH:D:\wxWidgets2.8/lib/vc_dll /LIBPATH:D:\wxWidgets2.8\additions/lib/vc_dll /LIBPATH:"F:\WRIS-WRSOC-SERVER\WRSOC_Server\Src/lib" /LIBPATH:"F:\WRIS-WRSOC-SERVER\WRSOC_Server\Src/lib/Debug" comctl32.lib rpcrt4.lib winmm.lib wsock32.lib ws2_32.lib iphlpapi.lib LibWRISFramework.lib version.lib libmysql.lib tinyxml++.lib pthreadVC2.lib UDP.lib kernel32.lib user32.lib gdi32.lib winspool.lib comdlg32.lib advapi32.lib shell32.lib ole32.lib oleaut32.lib uuid.lib odbc32.lib odbccp32.lib /MANIFEST /ManifestFile:"Debug\GuangxiStation.dll.intermediate.manifest" /MANIFESTUAC:"level='asInvoker' uiAccess='false'" /DEBUG /PDB:"F:\GuangXiStation\build\Debug\plugin\GuangxiStation\GuangxiStation.pdb" /SUBSYSTEM:WINDOWS /TLBID:1 /DYNAMICBASE /NXCOMPAT /IMPLIB:"../../../build/Debug/plugin/GuangxiStation\GuangxiStation.lib" /MACHINE:X86 /DLL Debug\GuangxiStation.res
         Debug\GuangxiStation.dll.embed.manifest.res
         Debug\AirCompressor.obj
         Debug\InfraRed.obj
         Debug\Leakage.obj
         Debug\GuangxiStationMain.obj
         Debug\GuangxiStationPanel.obj
         Debug\GuangxiStationPlug.obj
         Debug\GuangxiStationSet.obj
         Debug\GuangxiStation_gui.obj
         Debug\MysqlDatabase.obj
         Debug\pugixml.obj
         Debug\SelfDefAnalogDataOne.obj
         Debug\SelfDefAnalogDataThree.obj
         Debug\SelfDefAnalogDataTwo.obj
         Debug\SimAirConditonerController.obj
         Debug\SinglePhasePower.obj
         Debug\SixRoute.obj
         Debug\SwitchData.obj
         Debug\SystemAnalogData.obj
         Debug\Temperature.obj
         Debug\TemperaturePowerAlarm.obj
         Debug\TemperatureRadarAlarm.obj
         Debug\ThreePhaseAlarm.obj
         Debug\ThreePhasePower.obj
         Debug\UPSAlarm.obj
         Debug\UPSDataEP60.obj
         Debug\UPSDataG1.obj
         Debug\UPSDataG2.obj
         Debug\UPSDataG3.obj
         Debug\UPSDataQ2.obj
         Debug\UPSDataWA.obj
         Debug\version.obj
       Manifest:
         C:\Program Files (x86)\Microsoft SDKs\Windows\v7.0A\bin\mt.exe /nologo /verbose /out:"Debug\GuangxiStation.dll.embed.manifest" /manifest GuangxiStation.exe.manifest Debug\GuangxiStation.dll.intermediate.manifest
         所有输出均为最新。
       LinkEmbedManifest:
         所有输出均为最新。
         GuangxiStation.vcxproj -> F:\GuangXiStation\Src\Plugins\GuangxiStation\../../../build/Debug/plugin/GuangxiStation\GuangxiStation.dll
       FinalizeBuildStatus:
         正在删除文件“Debug\GuangxiStation.unsuccessfulbuild”。
         正在对“Debug\GuangxiStation.lastbuildstate”执行 Touch 任务。
     1>已完成生成项目“F:\GuangXiStation\Src\Plugins\GuangxiStation\GuangxiStation.vcxproj”(build 个目标)的操作。

生成成功。

已用时间 00:00:06.83
