../../../build/Debug/plugin/GuangXi\GuangXi.pdb
F:\GUANGXI_SERVER\TRUNK_2\SRC\PLUGINS\GUANGXI\DEBUG\ALARMFILECHECK.OBJ
F:\GUANGXI_SERVER\TRUNK_2\SRC\PLUGINS\GUANGXI\DEBUG\BASEDATACHECK.OBJ
F:\GuangXi_Server\trunk_2\Src\Plugins\GuangXi\Debug\cl.command.1.tlog
F:\GuangXi_Server\trunk_2\Src\Plugins\GuangXi\Debug\CL.read.1.tlog
F:\GuangXi_Server\trunk_2\Src\Plugins\GuangXi\Debug\CL.write.1.tlog
F:\GUANGXI_SERVER\TRUNK_2\SRC\PLUGINS\GUANGXI\DEBUG\FILEGENERATIONCHECK.OBJ
F:\GUANGXI_SERVER\TRUNK_2\SRC\PLUGINS\GUANGXI\DEBUG\FTPBASEDATACHECK.OBJ
F:\GUANGXI_SERVER\TRUNK_2\SRC\PLUGINS\GUANGXI\DEBUG\FTPCHECK.OBJ
F:\GUANGXI_SERVER\TRUNK_2\SRC\PLUGINS\GUANGXI\DEBUG\FTPFILEALARM.OBJ
F:\GUANGXI_SERVER\TRUNK_2\SRC\PLUGINS\GUANGXI\DEBUG\FTPPRODUCTDATACHECK.OBJ
F:\GUANGXI_SERVER\TRUNK_2\SRC\PLUGINS\GUANGXI\DEBUG\FTPSTATEDATACHECK.OBJ
F:\GuangXi_Server\trunk_2\Src\Plugins\GuangXi\Debug\GuangXi.dll.embed.manifest
F:\GUANGXI_SERVER\TRUNK_2\SRC\PLUGINS\GUANGXI\DEBUG\GUANGXI.DLL.EMBED.MANIFEST.RES
F:\GuangXi_Server\trunk_2\Src\Plugins\GuangXi\Debug\GuangXi.dll.intermediate.manifest
F:\GUANGXI_SERVER\TRUNK_2\SRC\PLUGINS\GUANGXI\DEBUG\GUANGXI.PCH
F:\GUANGXI_SERVER\TRUNK_2\SRC\PLUGINS\GUANGXI\DEBUG\GUANGXI.RES
F:\GuangXi_Server\trunk_2\Src\Plugins\GuangXi\Debug\GuangXi.write.1.tlog
F:\GUANGXI_SERVER\TRUNK_2\SRC\PLUGINS\GUANGXI\DEBUG\GUANGXI_GUI.OBJ
F:\GuangXi_Server\trunk_2\Src\Plugins\GuangXi\Debug\GuangXi_manifest.rc
F:\GUANGXI_SERVER\TRUNK_2\SRC\PLUGINS\GUANGXI\DEBUG\GUANGXIMAIN.OBJ
F:\GUANGXI_SERVER\TRUNK_2\SRC\PLUGINS\GUANGXI\DEBUG\GUANGXIPANEL.OBJ
F:\GUANGXI_SERVER\TRUNK_2\SRC\PLUGINS\GUANGXI\DEBUG\GUANGXIPLUG.OBJ
F:\GUANGXI_SERVER\TRUNK_2\SRC\PLUGINS\GUANGXI\DEBUG\GUANGXISET.OBJ
F:\GuangXi_Server\trunk_2\Src\Plugins\GuangXi\Debug\link.command.1.tlog
F:\GuangXi_Server\trunk_2\Src\Plugins\GuangXi\Debug\link.read.1.tlog
F:\GuangXi_Server\trunk_2\Src\Plugins\GuangXi\Debug\link.write.1.tlog
F:\GuangXi_Server\trunk_2\Src\Plugins\GuangXi\Debug\link-cvtres.read.1.tlog
F:\GuangXi_Server\trunk_2\Src\Plugins\GuangXi\Debug\link-cvtres.write.1.tlog
F:\GUANGXI_SERVER\TRUNK_2\SRC\PLUGINS\GUANGXI\DEBUG\MYSQLDATABASE.OBJ
F:\GUANGXI_SERVER\TRUNK_2\SRC\PLUGINS\GUANGXI\DEBUG\PINTUCHECK.OBJ
F:\GUANGXI_SERVER\TRUNK_2\SRC\PLUGINS\GUANGXI\DEBUG\PINTUFILEALARM.OBJ
F:\GUANGXI_SERVER\TRUNK_2\SRC\PLUGINS\GUANGXI\DEBUG\PRODUCTCHECK.OBJ
F:\GUANGXI_SERVER\TRUNK_2\SRC\PLUGINS\GUANGXI\DEBUG\PRODUCTFILEALARM.OBJ
F:\GUANGXI_SERVER\TRUNK_2\SRC\PLUGINS\GUANGXI\DEBUG\PUGIXML.OBJ
F:\GUANGXI_SERVER\TRUNK_2\SRC\PLUGINS\GUANGXI\DEBUG\RADARSTATUS.OBJ
F:\GUANGXI_SERVER\TRUNK_2\SRC\PLUGINS\GUANGXI\DEBUG\RADARSTATUSALARM.OBJ
F:\GuangXi_Server\trunk_2\Src\Plugins\GuangXi\Debug\rc.command.1.tlog
F:\GuangXi_Server\trunk_2\Src\Plugins\GuangXi\Debug\rc.read.1.tlog
F:\GuangXi_Server\trunk_2\Src\Plugins\GuangXi\Debug\rc.write.1.tlog
F:\GUANGXI_SERVER\TRUNK_2\SRC\PLUGINS\GUANGXI\DEBUG\SOFTWARECHECK.OBJ
F:\GuangXi_Server\trunk_2\Src\Plugins\GuangXi\Debug\vc100.idb
F:\GUANGXI_SERVER\TRUNK_2\SRC\PLUGINS\GUANGXI\DEBUG\VC100.PDB
F:\GUANGXI_SERVER\TRUNK_2\SRC\PLUGINS\GUANGXI\DEBUG\VERSION.OBJ
F:\GUANGXI_SERVER\TRUNK_2\SRC\PLUGINS\GUANGXI\DEBUG\ZHUANGTAICHECK.OBJ
